2022-08-24 00:36:04,830 INFO org.springframework.boot.StartupInfoLogger [restartedMain] Starting FindmytutorApplication using Java 11.0.14 on LAPTOP-LLQN4QTH with PID 7452 (C:\Users\kyesu\Desktop\Visual Studio WorkSpace\findmytutor\target\classes started by kyesu in C:\Users\kyesu\Desktop\Visual Studio WorkSpace\findmytutor)
2022-08-24 00:36:04,834 DEBUG org.springframework.boot.StartupInfoLogger [restartedMain] Running with Spring Boot v2.7.2, Spring v5.3.22
2022-08-24 00:36:04,835 INFO org.springframework.boot.SpringApplication [restartedMain] The following 1 profile is active: "dev"
2022-08-24 00:36:08,331 INFO org.springframework.boot.StartupInfoLogger [restartedMain] Started FindmytutorApplication in 4.261 seconds (JVM running for 4.672)
2022-08-24 00:38:06,415 INFO org.springframework.boot.StartupInfoLogger [restartedMain] Starting FindmytutorApplication using Java 11.0.14 on LAPTOP-LLQN4QTH with PID 5976 (C:\Users\kyesu\Desktop\Visual Studio WorkSpace\findmytutor\target\classes started by kyesu in C:\Users\kyesu\Desktop\Visual Studio WorkSpace\findmytutor)
2022-08-24 00:38:06,416 DEBUG org.springframework.boot.StartupInfoLogger [restartedMain] Running with Spring Boot v2.7.2, Spring v5.3.22
2022-08-24 00:38:06,418 INFO org.springframework.boot.SpringApplication [restartedMain] The following 1 profile is active: "dev"
2022-08-24 00:38:11,051 INFO org.springframework.boot.StartupInfoLogger [restartedMain] Started FindmytutorApplication in 5.437 seconds (JVM running for 5.847)
2022-08-24 01:57:32,004 INFO org.springframework.boot.StartupInfoLogger [restartedMain] Starting FindmytutorApplication using Java 11.0.14 on LAPTOP-LLQN4QTH with PID 4816 (C:\Users\kyesu\Desktop\Visual Studio WorkSpace\findmytutor\target\classes started by kyesu in C:\Users\kyesu\Desktop\Visual Studio WorkSpace\findmytutor)
2022-08-24 01:57:32,006 DEBUG org.springframework.boot.StartupInfoLogger [restartedMain] Running with Spring Boot v2.7.2, Spring v5.3.22
2022-08-24 01:57:32,007 INFO org.springframework.boot.SpringApplication [restartedMain] The following 1 profile is active: "dev"
2022-08-24 01:57:36,445 INFO org.springframework.boot.StartupInfoLogger [restartedMain] Started FindmytutorApplication in 5.242 seconds (JVM running for 5.643)
2022-08-24 02:03:33,360 INFO org.springframework.boot.StartupInfoLogger [restartedMain] Starting FindmytutorApplication using Java 11.0.14 on LAPTOP-LLQN4QTH with PID 5176 (C:\Users\kyesu\Desktop\Visual Studio WorkSpace\findmytutor\target\classes started by kyesu in C:\Users\kyesu\Desktop\Visual Studio WorkSpace\findmytutor)
2022-08-24 02:03:33,363 DEBUG org.springframework.boot.StartupInfoLogger [restartedMain] Running with Spring Boot v2.7.2, Spring v5.3.22
2022-08-24 02:03:33,364 INFO org.springframework.boot.SpringApplication [restartedMain] The following 1 profile is active: "dev"
2022-08-24 02:03:36,951 INFO org.springframework.boot.StartupInfoLogger [restartedMain] Started FindmytutorApplication in 4.371 seconds (JVM running for 4.76)
2022-08-24 02:04:58,441 INFO org.springframework.boot.StartupInfoLogger [restartedMain] Starting FindmytutorApplication using Java 11.0.14 on LAPTOP-LLQN4QTH with PID 10132 (C:\Users\kyesu\Desktop\Visual Studio WorkSpace\findmytutor\target\classes started by kyesu in C:\Users\kyesu\Desktop\Visual Studio WorkSpace\findmytutor)
2022-08-24 02:04:58,443 DEBUG org.springframework.boot.StartupInfoLogger [restartedMain] Running with Spring Boot v2.7.2, Spring v5.3.22
2022-08-24 02:04:58,444 INFO org.springframework.boot.SpringApplication [restartedMain] The following 1 profile is active: "dev"
2022-08-24 02:05:02,186 INFO org.springframework.boot.StartupInfoLogger [restartedMain] Started FindmytutorApplication in 4.531 seconds (JVM running for 4.922)
2022-08-24 02:27:44,433 INFO org.springframework.boot.StartupInfoLogger [restartedMain] Starting FindmytutorApplication using Java 11.0.14 on LAPTOP-LLQN4QTH with PID 10132 (C:\Users\kyesu\Desktop\Visual Studio WorkSpace\findmytutor\target\classes started by kyesu in C:\Users\kyesu\Desktop\Visual Studio WorkSpace\findmytutor)
2022-08-24 02:27:44,433 DEBUG org.springframework.boot.StartupInfoLogger [restartedMain] Running with Spring Boot v2.7.2, Spring v5.3.22
2022-08-24 02:27:44,434 INFO org.springframework.boot.SpringApplication [restartedMain] The following 1 profile is active: "dev"
2022-08-24 02:27:45,033 INFO org.springframework.boot.StartupInfoLogger [restartedMain] Started FindmytutorApplication in 0.646 seconds (JVM running for 1367.769)
2022-08-24 02:35:27,245 INFO org.springframework.boot.StartupInfoLogger [restartedMain] Starting FindmytutorApplication using Java 11.0.14 on LAPTOP-LLQN4QTH with PID 15740 (C:\Users\kyesu\Desktop\Visual Studio WorkSpace\findmytutor\target\classes started by kyesu in C:\Users\kyesu\Desktop\Visual Studio WorkSpace\findmytutor)
2022-08-24 02:35:27,247 DEBUG org.springframework.boot.StartupInfoLogger [restartedMain] Running with Spring Boot v2.7.2, Spring v5.3.22
2022-08-24 02:35:27,248 INFO org.springframework.boot.SpringApplication [restartedMain] The following 1 profile is active: "dev"
2022-08-24 02:35:31,630 INFO org.springframework.boot.StartupInfoLogger [restartedMain] Started FindmytutorApplication in 5.154 seconds (JVM running for 5.536)
2022-08-24 02:42:28,804 INFO org.springframework.boot.StartupInfoLogger [restartedMain] Starting FindmytutorApplication using Java 11.0.14 on LAPTOP-LLQN4QTH with PID 15740 (C:\Users\kyesu\Desktop\Visual Studio WorkSpace\findmytutor\target\classes started by kyesu in C:\Users\kyesu\Desktop\Visual Studio WorkSpace\findmytutor)
2022-08-24 02:42:28,805 DEBUG org.springframework.boot.StartupInfoLogger [restartedMain] Running with Spring Boot v2.7.2, Spring v5.3.22
2022-08-24 02:42:28,806 INFO org.springframework.boot.SpringApplication [restartedMain] The following 1 profile is active: "dev"
2022-08-24 02:42:29,558 INFO org.springframework.boot.StartupInfoLogger [restartedMain] Started FindmytutorApplication in 0.798 seconds (JVM running for 423.465)
2022-08-24 02:43:07,304 INFO org.springframework.boot.StartupInfoLogger [restartedMain] Starting FindmytutorApplication using Java 11.0.14 on LAPTOP-LLQN4QTH with PID 15740 (C:\Users\kyesu\Desktop\Visual Studio WorkSpace\findmytutor\target\classes started by kyesu in C:\Users\kyesu\Desktop\Visual Studio WorkSpace\findmytutor)
2022-08-24 02:43:07,305 DEBUG org.springframework.boot.StartupInfoLogger [restartedMain] Running with Spring Boot v2.7.2, Spring v5.3.22
2022-08-24 02:43:07,305 INFO org.springframework.boot.SpringApplication [restartedMain] The following 1 profile is active: "dev"
2022-08-24 02:43:07,882 INFO org.springframework.boot.StartupInfoLogger [restartedMain] Started FindmytutorApplication in 0.619 seconds (JVM running for 461.789)
2022-08-24 02:43:34,273 INFO org.springframework.boot.StartupInfoLogger [restartedMain] Starting FindmytutorApplication using Java 11.0.14 on LAPTOP-LLQN4QTH with PID 15740 (C:\Users\kyesu\Desktop\Visual Studio WorkSpace\findmytutor\target\classes started by kyesu in C:\Users\kyesu\Desktop\Visual Studio WorkSpace\findmytutor)
2022-08-24 02:43:34,274 DEBUG org.springframework.boot.StartupInfoLogger [restartedMain] Running with Spring Boot v2.7.2, Spring v5.3.22
2022-08-24 02:43:34,274 INFO org.springframework.boot.SpringApplication [restartedMain] The following 1 profile is active: "dev"
2022-08-24 02:43:53,845 INFO org.springframework.boot.StartupInfoLogger [restartedMain] Starting FindmytutorApplication using Java 11.0.14 on LAPTOP-LLQN4QTH with PID 15740 (C:\Users\kyesu\Desktop\Visual Studio WorkSpace\findmytutor\target\classes started by kyesu in C:\Users\kyesu\Desktop\Visual Studio WorkSpace\findmytutor)
2022-08-24 02:43:53,845 DEBUG org.springframework.boot.StartupInfoLogger [restartedMain] Running with Spring Boot v2.7.2, Spring v5.3.22
2022-08-24 02:43:53,846 INFO org.springframework.boot.SpringApplication [restartedMain] The following 1 profile is active: "dev"
2022-08-24 02:53:39,129 INFO org.springframework.boot.StartupInfoLogger [restartedMain] Starting FindmytutorApplication using Java 11.0.14 on LAPTOP-LLQN4QTH with PID 6196 (C:\Users\kyesu\Desktop\Visual Studio WorkSpace\findmytutor\target\classes started by kyesu in C:\Users\kyesu\Desktop\Visual Studio WorkSpace\findmytutor)
2022-08-24 02:53:39,131 DEBUG org.springframework.boot.StartupInfoLogger [restartedMain] Running with Spring Boot v2.7.2, Spring v5.3.22
2022-08-24 02:53:39,131 INFO org.springframework.boot.SpringApplication [restartedMain] The following 1 profile is active: "dev"
2022-08-24 02:53:43,572 INFO org.springframework.boot.StartupInfoLogger [restartedMain] Started FindmytutorApplication in 5.223 seconds (JVM running for 5.642)
2022-08-24 02:54:57,451 INFO org.springframework.boot.StartupInfoLogger [restartedMain] Starting FindmytutorApplication using Java 11.0.14 on LAPTOP-LLQN4QTH with PID 11332 (C:\Users\kyesu\Desktop\Visual Studio WorkSpace\findmytutor\target\classes started by kyesu in C:\Users\kyesu\Desktop\Visual Studio WorkSpace\findmytutor)
2022-08-24 02:54:57,453 DEBUG org.springframework.boot.StartupInfoLogger [restartedMain] Running with Spring Boot v2.7.2, Spring v5.3.22
2022-08-24 02:54:57,454 INFO org.springframework.boot.SpringApplication [restartedMain] The following 1 profile is active: "dev"
2022-08-24 02:55:01,179 INFO org.springframework.boot.StartupInfoLogger [restartedMain] Started FindmytutorApplication in 4.528 seconds (JVM running for 4.936)
2022-08-24 02:56:33,074 INFO org.springframework.boot.StartupInfoLogger [restartedMain] Starting FindmytutorApplication using Java 11.0.14 on LAPTOP-LLQN4QTH with PID 11332 (C:\Users\kyesu\Desktop\Visual Studio WorkSpace\findmytutor\target\classes started by kyesu in C:\Users\kyesu\Desktop\Visual Studio WorkSpace\findmytutor)
2022-08-24 02:56:33,075 DEBUG org.springframework.boot.StartupInfoLogger [restartedMain] Running with Spring Boot v2.7.2, Spring v5.3.22
2022-08-24 02:56:33,076 INFO org.springframework.boot.SpringApplication [restartedMain] The following 1 profile is active: "dev"
2022-08-24 02:56:33,695 INFO org.springframework.boot.StartupInfoLogger [restartedMain] Started FindmytutorApplication in 0.662 seconds (JVM running for 97.452)
2022-08-24 02:58:16,872 INFO org.springframework.boot.StartupInfoLogger [restartedMain] Starting FindmytutorApplication using Java 11.0.14 on LAPTOP-LLQN4QTH with PID 11332 (C:\Users\kyesu\Desktop\Visual Studio WorkSpace\findmytutor\target\classes started by kyesu in C:\Users\kyesu\Desktop\Visual Studio WorkSpace\findmytutor)
2022-08-24 02:58:16,873 DEBUG org.springframework.boot.StartupInfoLogger [restartedMain] Running with Spring Boot v2.7.2, Spring v5.3.22
2022-08-24 02:58:16,874 INFO org.springframework.boot.SpringApplication [restartedMain] The following 1 profile is active: "dev"
2022-08-24 02:58:17,470 INFO org.springframework.boot.StartupInfoLogger [restartedMain] Started FindmytutorApplication in 0.631 seconds (JVM running for 201.228)
2022-08-24 03:01:26,911 INFO org.springframework.boot.StartupInfoLogger [restartedMain] Starting FindmytutorApplication using Java 11.0.14 on LAPTOP-LLQN4QTH with PID 11332 (C:\Users\kyesu\Desktop\Visual Studio WorkSpace\findmytutor\target\classes started by kyesu in C:\Users\kyesu\Desktop\Visual Studio WorkSpace\findmytutor)
2022-08-24 03:01:26,911 DEBUG org.springframework.boot.StartupInfoLogger [restartedMain] Running with Spring Boot v2.7.2, Spring v5.3.22
2022-08-24 03:01:26,911 INFO org.springframework.boot.SpringApplication [restartedMain] The following 1 profile is active: "dev"
2022-08-24 03:01:27,483 INFO org.springframework.boot.StartupInfoLogger [restartedMain] Started FindmytutorApplication in 0.609 seconds (JVM running for 391.24)
2022-08-24 03:04:37,949 INFO org.springframework.boot.StartupInfoLogger [restartedMain] Starting FindmytutorApplication using Java 11.0.14 on LAPTOP-LLQN4QTH with PID 11332 (C:\Users\kyesu\Desktop\Visual Studio WorkSpace\findmytutor\target\classes started by kyesu in C:\Users\kyesu\Desktop\Visual Studio WorkSpace\findmytutor)
2022-08-24 03:04:37,950 DEBUG org.springframework.boot.StartupInfoLogger [restartedMain] Running with Spring Boot v2.7.2, Spring v5.3.22
2022-08-24 03:04:37,951 INFO org.springframework.boot.SpringApplication [restartedMain] The following 1 profile is active: "dev"
2022-08-24 03:04:38,553 INFO org.springframework.boot.StartupInfoLogger [restartedMain] Started FindmytutorApplication in 0.632 seconds (JVM running for 582.311)
2022-08-24 03:05:36,760 INFO org.springframework.boot.StartupInfoLogger [restartedMain] Starting FindmytutorApplication using Java 11.0.14 on LAPTOP-LLQN4QTH with PID 11332 (C:\Users\kyesu\Desktop\Visual Studio WorkSpace\findmytutor\target\classes started by kyesu in C:\Users\kyesu\Desktop\Visual Studio WorkSpace\findmytutor)
2022-08-24 03:05:36,761 DEBUG org.springframework.boot.StartupInfoLogger [restartedMain] Running with Spring Boot v2.7.2, Spring v5.3.22
2022-08-24 03:05:36,761 INFO org.springframework.boot.SpringApplication [restartedMain] The following 1 profile is active: "dev"
2022-08-24 03:05:37,234 INFO org.springframework.boot.StartupInfoLogger [restartedMain] Started FindmytutorApplication in 0.498 seconds (JVM running for 640.991)
2022-08-24 03:05:47,227 INFO org.springframework.boot.StartupInfoLogger [restartedMain] Starting FindmytutorApplication using Java 11.0.14 on LAPTOP-LLQN4QTH with PID 11332 (C:\Users\kyesu\Desktop\Visual Studio WorkSpace\findmytutor\target\classes started by kyesu in C:\Users\kyesu\Desktop\Visual Studio WorkSpace\findmytutor)
2022-08-24 03:05:47,228 DEBUG org.springframework.boot.StartupInfoLogger [restartedMain] Running with Spring Boot v2.7.2, Spring v5.3.22
2022-08-24 03:05:47,228 INFO org.springframework.boot.SpringApplication [restartedMain] The following 1 profile is active: "dev"
2022-08-24 03:05:47,702 INFO org.springframework.boot.StartupInfoLogger [restartedMain] Started FindmytutorApplication in 0.498 seconds (JVM running for 651.459)
2022-08-24 03:26:16,874 INFO org.springframework.boot.StartupInfoLogger [restartedMain] Starting FindmytutorApplication using Java 11.0.14 on LAPTOP-LLQN4QTH with PID 2016 (C:\Users\kyesu\Desktop\Visual Studio WorkSpace\findmytutor\target\classes started by kyesu in C:\Users\kyesu\Desktop\Visual Studio WorkSpace\findmytutor)
2022-08-24 03:26:16,876 DEBUG org.springframework.boot.StartupInfoLogger [restartedMain] Running with Spring Boot v2.7.2, Spring v5.3.22
2022-08-24 03:26:16,877 INFO org.springframework.boot.SpringApplication [restartedMain] The following 1 profile is active: "dev"
2022-08-24 03:26:21,097 INFO org.springframework.boot.StartupInfoLogger [restartedMain] Started FindmytutorApplication in 5.007 seconds (JVM running for 5.397)
2022-08-24 03:26:53,318 INFO org.springframework.boot.StartupInfoLogger [restartedMain] Starting FindmytutorApplication using Java 11.0.14 on LAPTOP-LLQN4QTH with PID 8224 (C:\Users\kyesu\Desktop\Visual Studio WorkSpace\findmytutor\target\classes started by kyesu in C:\Users\kyesu\Desktop\Visual Studio WorkSpace\findmytutor)
2022-08-24 03:26:53,320 DEBUG org.springframework.boot.StartupInfoLogger [restartedMain] Running with Spring Boot v2.7.2, Spring v5.3.22
2022-08-24 03:26:53,321 INFO org.springframework.boot.SpringApplication [restartedMain] The following 1 profile is active: "dev"
2022-08-24 03:26:57,419 INFO org.springframework.boot.StartupInfoLogger [restartedMain] Started FindmytutorApplication in 4.844 seconds (JVM running for 5.243)
2022-08-24 04:00:57,496 INFO org.springframework.boot.StartupInfoLogger [restartedMain] Starting FindmytutorApplication using Java 11.0.14 on LAPTOP-LLQN4QTH with PID 9728 (C:\Users\kyesu\Desktop\Visual Studio WorkSpace\findmytutor\target\classes started by kyesu in C:\Users\kyesu\Desktop\Visual Studio WorkSpace\findmytutor)
2022-08-24 04:00:57,498 DEBUG org.springframework.boot.StartupInfoLogger [restartedMain] Running with Spring Boot v2.7.2, Spring v5.3.22
2022-08-24 04:00:57,498 INFO org.springframework.boot.SpringApplication [restartedMain] The following 1 profile is active: "dev"
2022-08-24 04:01:01,495 INFO org.springframework.boot.StartupInfoLogger [restartedMain] Started FindmytutorApplication in 4.777 seconds (JVM running for 5.165)
2022-08-24 04:04:27,513 INFO org.springframework.boot.StartupInfoLogger [restartedMain] Starting FindmytutorApplication using Java 11.0.14 on LAPTOP-LLQN4QTH with PID 2740 (C:\Users\kyesu\Desktop\Visual Studio WorkSpace\findmytutor\target\classes started by kyesu in C:\Users\kyesu\Desktop\Visual Studio WorkSpace\findmytutor)
2022-08-24 04:04:27,514 DEBUG org.springframework.boot.StartupInfoLogger [restartedMain] Running with Spring Boot v2.7.2, Spring v5.3.22
2022-08-24 04:04:27,516 INFO org.springframework.boot.SpringApplication [restartedMain] The following 1 profile is active: "dev"
2022-08-24 04:04:31,152 INFO org.springframework.boot.StartupInfoLogger [restartedMain] Started FindmytutorApplication in 4.414 seconds (JVM running for 4.809)
2022-08-24 04:47:03,530 INFO org.springframework.boot.StartupInfoLogger [restartedMain] Starting FindmytutorApplication using Java 11.0.14 on LAPTOP-LLQN4QTH with PID 14200 (C:\Users\kyesu\Desktop\Visual Studio WorkSpace\findmytutor\target\classes started by kyesu in C:\Users\kyesu\Desktop\Visual Studio WorkSpace\findmytutor)
2022-08-24 04:47:03,533 DEBUG org.springframework.boot.StartupInfoLogger [restartedMain] Running with Spring Boot v2.7.2, Spring v5.3.22
2022-08-24 04:47:03,534 INFO org.springframework.boot.SpringApplication [restartedMain] The following 1 profile is active: "dev"
2022-08-24 04:47:07,391 INFO org.springframework.boot.StartupInfoLogger [restartedMain] Started FindmytutorApplication in 4.653 seconds (JVM running for 5.072)
2022-08-24 08:28:35,216 INFO org.springframework.boot.StartupInfoLogger [restartedMain] Starting FindmytutorApplication using Java 11.0.14 on LAPTOP-LLQN4QTH with PID 7308 (C:\Users\kyesu\Desktop\Visual Studio WorkSpace\findmytutor\target\classes started by kyesu in C:\Users\kyesu\Desktop\Visual Studio WorkSpace\findmytutor)
2022-08-24 08:28:35,219 DEBUG org.springframework.boot.StartupInfoLogger [restartedMain] Running with Spring Boot v2.7.2, Spring v5.3.22
2022-08-24 08:28:35,219 INFO org.springframework.boot.SpringApplication [restartedMain] The following 1 profile is active: "dev"
2022-08-24 08:28:39,265 INFO org.springframework.boot.StartupInfoLogger [restartedMain] Started FindmytutorApplication in 4.854 seconds (JVM running for 5.553)
2022-08-24 08:36:08,330 INFO org.springframework.boot.StartupInfoLogger [restartedMain] Starting FindmytutorApplication using Java 11.0.14 on LAPTOP-LLQN4QTH with PID 7308 (C:\Users\kyesu\Desktop\Visual Studio WorkSpace\findmytutor\target\classes started by kyesu in C:\Users\kyesu\Desktop\Visual Studio WorkSpace\findmytutor)
2022-08-24 08:36:08,331 DEBUG org.springframework.boot.StartupInfoLogger [restartedMain] Running with Spring Boot v2.7.2, Spring v5.3.22
2022-08-24 08:36:08,332 INFO org.springframework.boot.SpringApplication [restartedMain] The following 1 profile is active: "dev"
2022-08-24 08:36:09,147 INFO org.springframework.boot.StartupInfoLogger [restartedMain] Started FindmytutorApplication in 0.88 seconds (JVM running for 455.436)
2022-08-24 08:39:03,418 INFO org.springframework.boot.StartupInfoLogger [restartedMain] Starting FindmytutorApplication using Java 11.0.14 on LAPTOP-LLQN4QTH with PID 7308 (C:\Users\kyesu\Desktop\Visual Studio WorkSpace\findmytutor\target\classes started by kyesu in C:\Users\kyesu\Desktop\Visual Studio WorkSpace\findmytutor)
2022-08-24 08:39:03,419 DEBUG org.springframework.boot.StartupInfoLogger [restartedMain] Running with Spring Boot v2.7.2, Spring v5.3.22
2022-08-24 08:39:03,419 INFO org.springframework.boot.SpringApplication [restartedMain] The following 1 profile is active: "dev"
2022-08-24 08:39:04,694 INFO org.springframework.boot.StartupInfoLogger [restartedMain] Started FindmytutorApplication in 1.36 seconds (JVM running for 630.983)
2022-08-24 08:39:06,629 INFO org.springframework.boot.StartupInfoLogger [restartedMain] Starting FindmytutorApplication using Java 11.0.14 on LAPTOP-LLQN4QTH with PID 7308 (C:\Users\kyesu\Desktop\Visual Studio WorkSpace\findmytutor\target\classes started by kyesu in C:\Users\kyesu\Desktop\Visual Studio WorkSpace\findmytutor)
2022-08-24 08:39:06,630 DEBUG org.springframework.boot.StartupInfoLogger [restartedMain] Running with Spring Boot v2.7.2, Spring v5.3.22
2022-08-24 08:39:06,631 INFO org.springframework.boot.SpringApplication [restartedMain] The following 1 profile is active: "dev"
2022-08-24 08:39:07,512 INFO org.springframework.boot.StartupInfoLogger [restartedMain] Started FindmytutorApplication in 0.956 seconds (JVM running for 633.8)
2022-08-24 08:39:19,583 INFO org.springframework.boot.StartupInfoLogger [restartedMain] Starting FindmytutorApplication using Java 11.0.14 on LAPTOP-LLQN4QTH with PID 7308 (C:\Users\kyesu\Desktop\Visual Studio WorkSpace\findmytutor\target\classes started by kyesu in C:\Users\kyesu\Desktop\Visual Studio WorkSpace\findmytutor)
2022-08-24 08:39:19,584 DEBUG org.springframework.boot.StartupInfoLogger [restartedMain] Running with Spring Boot v2.7.2, Spring v5.3.22
2022-08-24 08:39:19,584 INFO org.springframework.boot.SpringApplication [restartedMain] The following 1 profile is active: "dev"
2022-08-24 08:39:20,263 INFO org.springframework.boot.StartupInfoLogger [restartedMain] Started FindmytutorApplication in 0.718 seconds (JVM running for 646.552)
2022-08-24 08:45:49,617 INFO org.springframework.boot.StartupInfoLogger [restartedMain] Starting FindmytutorApplication using Java 11.0.14 on LAPTOP-LLQN4QTH with PID 7308 (C:\Users\kyesu\Desktop\Visual Studio WorkSpace\findmytutor\target\classes started by kyesu in C:\Users\kyesu\Desktop\Visual Studio WorkSpace\findmytutor)
2022-08-24 08:45:49,617 DEBUG org.springframework.boot.StartupInfoLogger [restartedMain] Running with Spring Boot v2.7.2, Spring v5.3.22
2022-08-24 08:45:49,618 INFO org.springframework.boot.SpringApplication [restartedMain] The following 1 profile is active: "dev"
2022-08-24 08:45:50,271 INFO org.springframework.boot.StartupInfoLogger [restartedMain] Started FindmytutorApplication in 0.688 seconds (JVM running for 1036.56)
2022-08-24 09:57:12,553 INFO org.springframework.boot.StartupInfoLogger [restartedMain] Starting FindmytutorApplication using Java 11.0.14 on LAPTOP-LLQN4QTH with PID 8840 (C:\Users\kyesu\Desktop\Visual Studio WorkSpace\findmytutor\target\classes started by kyesu in C:\Users\kyesu\Desktop\Visual Studio WorkSpace\findmytutor)
2022-08-24 09:57:12,555 DEBUG org.springframework.boot.StartupInfoLogger [restartedMain] Running with Spring Boot v2.7.2, Spring v5.3.22
2022-08-24 09:57:12,556 INFO org.springframework.boot.SpringApplication [restartedMain] The following 1 profile is active: "dev"
2022-08-24 09:57:16,293 INFO org.springframework.boot.StartupInfoLogger [restartedMain] Started FindmytutorApplication in 4.545 seconds (JVM running for 4.954)
2022-08-24 09:59:35,856 INFO org.springframework.boot.StartupInfoLogger [restartedMain] Starting FindmytutorApplication using Java 11.0.14 on LAPTOP-LLQN4QTH with PID 12748 (C:\Users\kyesu\Desktop\Visual Studio WorkSpace\findmytutor\target\classes started by kyesu in C:\Users\kyesu\Desktop\Visual Studio WorkSpace\findmytutor)
2022-08-24 09:59:35,857 DEBUG org.springframework.boot.StartupInfoLogger [restartedMain] Running with Spring Boot v2.7.2, Spring v5.3.22
2022-08-24 09:59:35,858 INFO org.springframework.boot.SpringApplication [restartedMain] The following 1 profile is active: "dev"
2022-08-24 09:59:39,854 INFO org.springframework.boot.StartupInfoLogger [restartedMain] Started FindmytutorApplication in 4.8 seconds (JVM running for 5.412)
2022-08-24 10:01:01,031 INFO org.springframework.boot.StartupInfoLogger [restartedMain] Starting FindmytutorApplication using Java 11.0.14 on LAPTOP-LLQN4QTH with PID 12432 (C:\Users\kyesu\Desktop\Visual Studio WorkSpace\findmytutor\target\classes started by kyesu in C:\Users\kyesu\Desktop\Visual Studio WorkSpace\findmytutor)
2022-08-24 10:01:01,033 DEBUG org.springframework.boot.StartupInfoLogger [restartedMain] Running with Spring Boot v2.7.2, Spring v5.3.22
2022-08-24 10:01:01,034 INFO org.springframework.boot.SpringApplication [restartedMain] The following 1 profile is active: "dev"
2022-08-24 10:01:05,584 INFO org.springframework.boot.StartupInfoLogger [restartedMain] Started FindmytutorApplication in 5.365 seconds (JVM running for 5.923)
2022-08-24 10:02:48,683 INFO org.springframework.boot.StartupInfoLogger [restartedMain] Starting FindmytutorApplication using Java 11.0.14 on LAPTOP-LLQN4QTH with PID 11612 (C:\Users\kyesu\Desktop\Visual Studio WorkSpace\findmytutor\target\classes started by kyesu in C:\Users\kyesu\Desktop\Visual Studio WorkSpace\findmytutor)
2022-08-24 10:02:48,685 DEBUG org.springframework.boot.StartupInfoLogger [restartedMain] Running with Spring Boot v2.7.2, Spring v5.3.22
2022-08-24 10:02:48,686 INFO org.springframework.boot.SpringApplication [restartedMain] The following 1 profile is active: "dev"
2022-08-24 10:02:53,744 INFO org.springframework.boot.StartupInfoLogger [restartedMain] Started FindmytutorApplication in 5.872 seconds (JVM running for 6.411)
2022-08-24 10:04:11,207 INFO org.springframework.boot.StartupInfoLogger [restartedMain] Starting FindmytutorApplication using Java 11.0.14 on LAPTOP-LLQN4QTH with PID 4188 (C:\Users\kyesu\Desktop\Visual Studio WorkSpace\findmytutor\target\classes started by kyesu in C:\Users\kyesu\Desktop\Visual Studio WorkSpace\findmytutor)
2022-08-24 10:04:11,209 DEBUG org.springframework.boot.StartupInfoLogger [restartedMain] Running with Spring Boot v2.7.2, Spring v5.3.22
2022-08-24 10:04:11,210 INFO org.springframework.boot.SpringApplication [restartedMain] The following 1 profile is active: "dev"
2022-08-24 10:04:15,677 INFO org.springframework.boot.StartupInfoLogger [restartedMain] Started FindmytutorApplication in 5.334 seconds (JVM running for 5.89)
2022-08-24 10:05:46,942 INFO org.springframework.boot.StartupInfoLogger [restartedMain] Starting FindmytutorApplication using Java 11.0.14 on LAPTOP-LLQN4QTH with PID 144 (C:\Users\kyesu\Desktop\Visual Studio WorkSpace\findmytutor\target\classes started by kyesu in C:\Users\kyesu\Desktop\Visual Studio WorkSpace\findmytutor)
2022-08-24 10:05:46,943 DEBUG org.springframework.boot.StartupInfoLogger [restartedMain] Running with Spring Boot v2.7.2, Spring v5.3.22
2022-08-24 10:05:46,944 INFO org.springframework.boot.SpringApplication [restartedMain] The following 1 profile is active: "dev"
2022-08-24 10:05:51,045 INFO org.springframework.boot.StartupInfoLogger [restartedMain] Started FindmytutorApplication in 4.921 seconds (JVM running for 5.449)
2022-08-24 10:09:01,692 INFO org.springframework.boot.StartupInfoLogger [restartedMain] Starting FindmytutorApplication using Java 11.0.14 on LAPTOP-LLQN4QTH with PID 10336 (C:\Users\kyesu\Desktop\Visual Studio WorkSpace\findmytutor\target\classes started by kyesu in C:\Users\kyesu\Desktop\Visual Studio WorkSpace\findmytutor)
2022-08-24 10:09:01,695 DEBUG org.springframework.boot.StartupInfoLogger [restartedMain] Running with Spring Boot v2.7.2, Spring v5.3.22
2022-08-24 10:09:01,696 INFO org.springframework.boot.SpringApplication [restartedMain] The following 1 profile is active: "dev"
2022-08-24 10:09:05,961 INFO org.springframework.boot.StartupInfoLogger [restartedMain] Started FindmytutorApplication in 5.085 seconds (JVM running for 5.646)
2022-08-24 10:09:48,534 INFO org.springframework.boot.StartupInfoLogger [restartedMain] Starting FindmytutorApplication using Java 11.0.14 on LAPTOP-LLQN4QTH with PID 6100 (C:\Users\kyesu\Desktop\Visual Studio WorkSpace\findmytutor\target\classes started by kyesu in C:\Users\kyesu\Desktop\Visual Studio WorkSpace\findmytutor)
2022-08-24 10:09:48,535 DEBUG org.springframework.boot.StartupInfoLogger [restartedMain] Running with Spring Boot v2.7.2, Spring v5.3.22
2022-08-24 10:09:48,537 INFO org.springframework.boot.SpringApplication [restartedMain] The following 1 profile is active: "dev"
2022-08-24 10:09:52,670 INFO org.springframework.boot.StartupInfoLogger [restartedMain] Started FindmytutorApplication in 4.946 seconds (JVM running for 5.486)
2022-08-24 10:15:26,231 INFO org.springframework.boot.StartupInfoLogger [restartedMain] Starting FindmytutorApplication using Java 11.0.14 on LAPTOP-LLQN4QTH with PID 10712 (C:\Users\kyesu\Desktop\Visual Studio WorkSpace\findmytutor\target\classes started by kyesu in C:\Users\kyesu\Desktop\Visual Studio WorkSpace\findmytutor)
2022-08-24 10:15:26,234 DEBUG org.springframework.boot.StartupInfoLogger [restartedMain] Running with Spring Boot v2.7.2, Spring v5.3.22
2022-08-24 10:15:26,235 INFO org.springframework.boot.SpringApplication [restartedMain] The following 1 profile is active: "dev"
2022-08-24 10:15:30,178 INFO org.springframework.boot.StartupInfoLogger [restartedMain] Started FindmytutorApplication in 4.776 seconds (JVM running for 5.329)
2022-08-24 10:16:39,256 INFO org.springframework.boot.StartupInfoLogger [restartedMain] Starting FindmytutorApplication using Java 11.0.14 on LAPTOP-LLQN4QTH with PID 13536 (C:\Users\kyesu\Desktop\Visual Studio WorkSpace\findmytutor\target\classes started by kyesu in C:\Users\kyesu\Desktop\Visual Studio WorkSpace\findmytutor)
2022-08-24 10:16:39,258 DEBUG org.springframework.boot.StartupInfoLogger [restartedMain] Running with Spring Boot v2.7.2, Spring v5.3.22
2022-08-24 10:16:39,259 INFO org.springframework.boot.SpringApplication [restartedMain] The following 1 profile is active: "dev"
2022-08-24 10:16:43,762 INFO org.springframework.boot.StartupInfoLogger [restartedMain] Started FindmytutorApplication in 5.444 seconds (JVM running for 5.93)
2022-08-24 10:18:10,986 INFO org.springframework.boot.StartupInfoLogger [restartedMain] Starting FindmytutorApplication using Java 11.0.14 on LAPTOP-LLQN4QTH with PID 8756 (C:\Users\kyesu\Desktop\Visual Studio WorkSpace\findmytutor\target\classes started by kyesu in C:\Users\kyesu\Desktop\Visual Studio WorkSpace\findmytutor)
2022-08-24 10:18:10,988 DEBUG org.springframework.boot.StartupInfoLogger [restartedMain] Running with Spring Boot v2.7.2, Spring v5.3.22
2022-08-24 10:18:10,989 INFO org.springframework.boot.SpringApplication [restartedMain] The following 1 profile is active: "dev"
2022-08-24 10:18:14,697 INFO org.springframework.boot.StartupInfoLogger [restartedMain] Started FindmytutorApplication in 4.509 seconds (JVM running for 5.037)
2022-08-24 10:19:31,170 INFO org.springframework.boot.StartupInfoLogger [restartedMain] Starting FindmytutorApplication using Java 11.0.14 on LAPTOP-LLQN4QTH with PID 3292 (C:\Users\kyesu\Desktop\Visual Studio WorkSpace\findmytutor\target\classes started by kyesu in C:\Users\kyesu\Desktop\Visual Studio WorkSpace\findmytutor)
2022-08-24 10:19:31,172 DEBUG org.springframework.boot.StartupInfoLogger [restartedMain] Running with Spring Boot v2.7.2, Spring v5.3.22
2022-08-24 10:19:31,173 INFO org.springframework.boot.SpringApplication [restartedMain] The following 1 profile is active: "dev"
2022-08-24 10:19:35,105 INFO org.springframework.boot.StartupInfoLogger [restartedMain] Started FindmytutorApplication in 4.788 seconds (JVM running for 5.318)
2022-08-24 10:20:16,767 INFO org.springframework.boot.StartupInfoLogger [restartedMain] Starting FindmytutorApplication using Java 11.0.14 on LAPTOP-LLQN4QTH with PID 15480 (C:\Users\kyesu\Desktop\Visual Studio WorkSpace\findmytutor\target\classes started by kyesu in C:\Users\kyesu\Desktop\Visual Studio WorkSpace\findmytutor)
2022-08-24 10:20:16,769 DEBUG org.springframework.boot.StartupInfoLogger [restartedMain] Running with Spring Boot v2.7.2, Spring v5.3.22
2022-08-24 10:20:16,769 INFO org.springframework.boot.SpringApplication [restartedMain] The following 1 profile is active: "dev"
2022-08-24 10:20:21,581 INFO org.springframework.boot.StartupInfoLogger [restartedMain] Started FindmytutorApplication in 5.65 seconds (JVM running for 6.151)
2022-08-24 10:22:53,184 INFO org.springframework.boot.StartupInfoLogger [restartedMain] Starting FindmytutorApplication using Java 11.0.14 on LAPTOP-LLQN4QTH with PID 15480 (C:\Users\kyesu\Desktop\Visual Studio WorkSpace\findmytutor\target\classes started by kyesu in C:\Users\kyesu\Desktop\Visual Studio WorkSpace\findmytutor)
2022-08-24 10:22:53,185 DEBUG org.springframework.boot.StartupInfoLogger [restartedMain] Running with Spring Boot v2.7.2, Spring v5.3.22
2022-08-24 10:22:53,185 INFO org.springframework.boot.SpringApplication [restartedMain] The following 1 profile is active: "dev"
2022-08-24 10:22:53,844 INFO org.springframework.boot.StartupInfoLogger [restartedMain] Started FindmytutorApplication in 0.706 seconds (JVM running for 158.414)
2022-08-24 10:22:57,872 INFO org.springframework.boot.StartupInfoLogger [restartedMain] Starting FindmytutorApplication using Java 11.0.14 on LAPTOP-LLQN4QTH with PID 15480 (C:\Users\kyesu\Desktop\Visual Studio WorkSpace\findmytutor\target\classes started by kyesu in C:\Users\kyesu\Desktop\Visual Studio WorkSpace\findmytutor)
2022-08-24 10:22:57,873 DEBUG org.springframework.boot.StartupInfoLogger [restartedMain] Running with Spring Boot v2.7.2, Spring v5.3.22
2022-08-24 10:22:57,874 INFO org.springframework.boot.SpringApplication [restartedMain] The following 1 profile is active: "dev"
2022-08-24 10:22:58,601 INFO org.springframework.boot.StartupInfoLogger [restartedMain] Started FindmytutorApplication in 0.799 seconds (JVM running for 163.17)
2022-08-24 10:24:26,590 INFO org.springframework.boot.StartupInfoLogger [restartedMain] Starting FindmytutorApplication using Java 11.0.14 on LAPTOP-LLQN4QTH with PID 15480 (C:\Users\kyesu\Desktop\Visual Studio WorkSpace\findmytutor\target\classes started by kyesu in C:\Users\kyesu\Desktop\Visual Studio WorkSpace\findmytutor)
2022-08-24 10:24:26,591 DEBUG org.springframework.boot.StartupInfoLogger [restartedMain] Running with Spring Boot v2.7.2, Spring v5.3.22
2022-08-24 10:24:26,591 INFO org.springframework.boot.SpringApplication [restartedMain] The following 1 profile is active: "dev"
2022-08-24 10:24:27,181 INFO org.springframework.boot.StartupInfoLogger [restartedMain] Started FindmytutorApplication in 0.625 seconds (JVM running for 251.75)
2022-08-24 10:25:32,814 INFO org.springframework.boot.StartupInfoLogger [restartedMain] Starting FindmytutorApplication using Java 11.0.14 on LAPTOP-LLQN4QTH with PID 15480 (C:\Users\kyesu\Desktop\Visual Studio WorkSpace\findmytutor\target\classes started by kyesu in C:\Users\kyesu\Desktop\Visual Studio WorkSpace\findmytutor)
2022-08-24 10:25:32,815 DEBUG org.springframework.boot.StartupInfoLogger [restartedMain] Running with Spring Boot v2.7.2, Spring v5.3.22
2022-08-24 10:25:32,816 INFO org.springframework.boot.SpringApplication [restartedMain] The following 1 profile is active: "dev"
2022-08-24 10:25:33,312 INFO org.springframework.boot.StartupInfoLogger [restartedMain] Started FindmytutorApplication in 0.534 seconds (JVM running for 317.881)
2022-08-24 10:28:31,856 INFO org.springframework.boot.StartupInfoLogger [restartedMain] Starting FindmytutorApplication using Java 11.0.14 on LAPTOP-LLQN4QTH with PID 15480 (C:\Users\kyesu\Desktop\Visual Studio WorkSpace\findmytutor\target\classes started by kyesu in C:\Users\kyesu\Desktop\Visual Studio WorkSpace\findmytutor)
2022-08-24 10:28:31,856 DEBUG org.springframework.boot.StartupInfoLogger [restartedMain] Running with Spring Boot v2.7.2, Spring v5.3.22
2022-08-24 10:28:31,857 INFO org.springframework.boot.SpringApplication [restartedMain] The following 1 profile is active: "dev"
2022-08-24 10:28:32,328 INFO org.springframework.boot.StartupInfoLogger [restartedMain] Started FindmytutorApplication in 0.506 seconds (JVM running for 496.896)
2022-08-24 10:29:12,349 INFO org.springframework.boot.StartupInfoLogger [restartedMain] Starting FindmytutorApplication using Java 11.0.14 on LAPTOP-LLQN4QTH with PID 17388 (C:\Users\kyesu\Desktop\Visual Studio WorkSpace\findmytutor\target\classes started by kyesu in C:\Users\kyesu\Desktop\Visual Studio WorkSpace\findmytutor)
2022-08-24 10:29:12,352 DEBUG org.springframework.boot.StartupInfoLogger [restartedMain] Running with Spring Boot v2.7.2, Spring v5.3.22
2022-08-24 10:29:12,353 INFO org.springframework.boot.SpringApplication [restartedMain] The following 1 profile is active: "dev"
2022-08-24 10:29:17,039 INFO org.springframework.boot.StartupInfoLogger [restartedMain] Started FindmytutorApplication in 5.498 seconds (JVM running for 5.894)
2022-08-24 10:32:17,297 INFO org.springframework.boot.StartupInfoLogger [restartedMain] Starting FindmytutorApplication using Java 11.0.14 on LAPTOP-LLQN4QTH with PID 17388 (C:\Users\kyesu\Desktop\Visual Studio WorkSpace\findmytutor\target\classes started by kyesu in C:\Users\kyesu\Desktop\Visual Studio WorkSpace\findmytutor)
2022-08-24 10:32:17,299 DEBUG org.springframework.boot.StartupInfoLogger [restartedMain] Running with Spring Boot v2.7.2, Spring v5.3.22
2022-08-24 10:32:17,299 INFO org.springframework.boot.SpringApplication [restartedMain] The following 1 profile is active: "dev"
2022-08-24 10:32:18,005 INFO org.springframework.boot.StartupInfoLogger [restartedMain] Started FindmytutorApplication in 0.757 seconds (JVM running for 186.86)
2022-08-24 10:33:25,368 INFO org.springframework.boot.StartupInfoLogger [restartedMain] Starting FindmytutorApplication using Java 11.0.14 on LAPTOP-LLQN4QTH with PID 17388 (C:\Users\kyesu\Desktop\Visual Studio WorkSpace\findmytutor\target\classes started by kyesu in C:\Users\kyesu\Desktop\Visual Studio WorkSpace\findmytutor)
2022-08-24 10:33:25,369 DEBUG org.springframework.boot.StartupInfoLogger [restartedMain] Running with Spring Boot v2.7.2, Spring v5.3.22
2022-08-24 10:33:25,369 INFO org.springframework.boot.SpringApplication [restartedMain] The following 1 profile is active: "dev"
2022-08-24 10:33:25,986 INFO org.springframework.boot.StartupInfoLogger [restartedMain] Started FindmytutorApplication in 0.66 seconds (JVM running for 254.842)
2022-08-24 10:34:00,759 INFO org.springframework.boot.StartupInfoLogger [restartedMain] Starting FindmytutorApplication using Java 11.0.14 on LAPTOP-LLQN4QTH with PID 1384 (C:\Users\kyesu\Desktop\Visual Studio WorkSpace\findmytutor\target\classes started by kyesu in C:\Users\kyesu\Desktop\Visual Studio WorkSpace\findmytutor)
2022-08-24 10:34:00,761 DEBUG org.springframework.boot.StartupInfoLogger [restartedMain] Running with Spring Boot v2.7.2, Spring v5.3.22
2022-08-24 10:34:00,761 INFO org.springframework.boot.SpringApplication [restartedMain] The following 1 profile is active: "dev"
2022-08-24 10:34:04,808 INFO org.springframework.boot.StartupInfoLogger [restartedMain] Started FindmytutorApplication in 4.866 seconds (JVM running for 5.391)
2022-08-24 10:44:30,619 INFO org.springframework.boot.StartupInfoLogger [restartedMain] Starting FindmytutorApplication using Java 11.0.14 on LAPTOP-LLQN4QTH with PID 1384 (C:\Users\kyesu\Desktop\Visual Studio WorkSpace\findmytutor\target\classes started by kyesu in C:\Users\kyesu\Desktop\Visual Studio WorkSpace\findmytutor)
2022-08-24 10:44:30,620 DEBUG org.springframework.boot.StartupInfoLogger [restartedMain] Running with Spring Boot v2.7.2, Spring v5.3.22
2022-08-24 10:44:30,621 INFO org.springframework.boot.SpringApplication [restartedMain] The following 1 profile is active: "dev"
2022-08-24 10:44:31,573 INFO org.springframework.boot.StartupInfoLogger [restartedMain] Started FindmytutorApplication in 1.08 seconds (JVM running for 632.156)
2022-08-24 10:44:41,589 INFO org.springframework.boot.StartupInfoLogger [restartedMain] Starting FindmytutorApplication using Java 11.0.14 on LAPTOP-LLQN4QTH with PID 1384 (C:\Users\kyesu\Desktop\Visual Studio WorkSpace\findmytutor\target\classes started by kyesu in C:\Users\kyesu\Desktop\Visual Studio WorkSpace\findmytutor)
2022-08-24 10:44:41,590 DEBUG org.springframework.boot.StartupInfoLogger [restartedMain] Running with Spring Boot v2.7.2, Spring v5.3.22
2022-08-24 10:44:41,590 INFO org.springframework.boot.SpringApplication [restartedMain] The following 1 profile is active: "dev"
2022-08-24 10:44:42,254 INFO org.springframework.boot.StartupInfoLogger [restartedMain] Started FindmytutorApplication in 0.709 seconds (JVM running for 642.838)
2022-08-24 10:46:10,078 INFO org.springframework.boot.StartupInfoLogger [restartedMain] Starting FindmytutorApplication using Java 11.0.14 on LAPTOP-LLQN4QTH with PID 1384 (C:\Users\kyesu\Desktop\Visual Studio WorkSpace\findmytutor\target\classes started by kyesu in C:\Users\kyesu\Desktop\Visual Studio WorkSpace\findmytutor)
2022-08-24 10:46:10,079 DEBUG org.springframework.boot.StartupInfoLogger [restartedMain] Running with Spring Boot v2.7.2, Spring v5.3.22
2022-08-24 10:46:10,082 INFO org.springframework.boot.SpringApplication [restartedMain] The following 1 profile is active: "dev"
2022-08-24 10:48:20,865 INFO org.springframework.boot.StartupInfoLogger [restartedMain] Starting FindmytutorApplication using Java 11.0.14 on LAPTOP-LLQN4QTH with PID 6196 (C:\Users\kyesu\Desktop\Visual Studio WorkSpace\findmytutor\target\classes started by kyesu in C:\Users\kyesu\Desktop\Visual Studio WorkSpace\findmytutor)
2022-08-24 10:48:20,866 DEBUG org.springframework.boot.StartupInfoLogger [restartedMain] Running with Spring Boot v2.7.2, Spring v5.3.22
2022-08-24 10:48:20,867 INFO org.springframework.boot.SpringApplication [restartedMain] The following 1 profile is active: "dev"
2022-08-24 10:48:24,722 INFO org.springframework.boot.StartupInfoLogger [restartedMain] Started FindmytutorApplication in 4.626 seconds (JVM running for 5.029)
2022-08-24 10:49:02,338 INFO org.springframework.boot.StartupInfoLogger [restartedMain] Starting FindmytutorApplication using Java 11.0.14 on LAPTOP-LLQN4QTH with PID 6196 (C:\Users\kyesu\Desktop\Visual Studio WorkSpace\findmytutor\target\classes started by kyesu in C:\Users\kyesu\Desktop\Visual Studio WorkSpace\findmytutor)
2022-08-24 10:49:02,339 DEBUG org.springframework.boot.StartupInfoLogger [restartedMain] Running with Spring Boot v2.7.2, Spring v5.3.22
2022-08-24 10:49:02,339 INFO org.springframework.boot.SpringApplication [restartedMain] The following 1 profile is active: "dev"
2022-08-24 10:49:03,085 INFO org.springframework.boot.StartupInfoLogger [restartedMain] Started FindmytutorApplication in 0.799 seconds (JVM running for 43.391)
2022-08-24 10:54:12,374 INFO org.springframework.boot.StartupInfoLogger [restartedMain] Starting FindmytutorApplication using Java 11.0.14 on LAPTOP-LLQN4QTH with PID 6196 (C:\Users\kyesu\Desktop\Visual Studio WorkSpace\findmytutor\target\classes started by kyesu in C:\Users\kyesu\Desktop\Visual Studio WorkSpace\findmytutor)
2022-08-24 10:54:12,374 DEBUG org.springframework.boot.StartupInfoLogger [restartedMain] Running with Spring Boot v2.7.2, Spring v5.3.22
2022-08-24 10:54:12,375 INFO org.springframework.boot.SpringApplication [restartedMain] The following 1 profile is active: "dev"
2022-08-24 10:54:13,042 INFO org.springframework.boot.StartupInfoLogger [restartedMain] Started FindmytutorApplication in 0.708 seconds (JVM running for 353.348)
2022-08-24 10:54:53,159 INFO org.springframework.boot.StartupInfoLogger [restartedMain] Starting FindmytutorApplication using Java 11.0.14 on LAPTOP-LLQN4QTH with PID 6196 (C:\Users\kyesu\Desktop\Visual Studio WorkSpace\findmytutor\target\classes started by kyesu in C:\Users\kyesu\Desktop\Visual Studio WorkSpace\findmytutor)
2022-08-24 10:54:53,160 DEBUG org.springframework.boot.StartupInfoLogger [restartedMain] Running with Spring Boot v2.7.2, Spring v5.3.22
2022-08-24 10:54:53,160 INFO org.springframework.boot.SpringApplication [restartedMain] The following 1 profile is active: "dev"
2022-08-24 10:54:53,741 INFO org.springframework.boot.StartupInfoLogger [restartedMain] Started FindmytutorApplication in 0.618 seconds (JVM running for 394.048)
2022-08-24 10:56:24,948 INFO org.springframework.boot.StartupInfoLogger [restartedMain] Starting FindmytutorApplication using Java 11.0.14 on LAPTOP-LLQN4QTH with PID 6196 (C:\Users\kyesu\Desktop\Visual Studio WorkSpace\findmytutor\target\classes started by kyesu in C:\Users\kyesu\Desktop\Visual Studio WorkSpace\findmytutor)
2022-08-24 10:56:24,948 DEBUG org.springframework.boot.StartupInfoLogger [restartedMain] Running with Spring Boot v2.7.2, Spring v5.3.22
2022-08-24 10:56:24,948 INFO org.springframework.boot.SpringApplication [restartedMain] The following 1 profile is active: "dev"
2022-08-24 10:56:25,439 INFO org.springframework.boot.StartupInfoLogger [restartedMain] Started FindmytutorApplication in 0.539 seconds (JVM running for 485.746)
2022-08-24 11:02:07,464 INFO org.springframework.boot.StartupInfoLogger [restartedMain] Starting FindmytutorApplication using Java 11.0.14 on LAPTOP-LLQN4QTH with PID 6196 (C:\Users\kyesu\Desktop\Visual Studio WorkSpace\findmytutor\target\classes started by kyesu in C:\Users\kyesu\Desktop\Visual Studio WorkSpace\findmytutor)
2022-08-24 11:02:07,464 DEBUG org.springframework.boot.StartupInfoLogger [restartedMain] Running with Spring Boot v2.7.2, Spring v5.3.22
2022-08-24 11:02:07,465 INFO org.springframework.boot.SpringApplication [restartedMain] The following 1 profile is active: "dev"
2022-08-24 11:02:07,922 INFO org.springframework.boot.StartupInfoLogger [restartedMain] Started FindmytutorApplication in 0.489 seconds (JVM running for 828.228)
2022-08-24 11:02:37,469 INFO org.springframework.boot.StartupInfoLogger [restartedMain] Starting FindmytutorApplication using Java 11.0.14 on LAPTOP-LLQN4QTH with PID 6196 (C:\Users\kyesu\Desktop\Visual Studio WorkSpace\findmytutor\target\classes started by kyesu in C:\Users\kyesu\Desktop\Visual Studio WorkSpace\findmytutor)
2022-08-24 11:02:37,469 DEBUG org.springframework.boot.StartupInfoLogger [restartedMain] Running with Spring Boot v2.7.2, Spring v5.3.22
2022-08-24 11:02:37,470 INFO org.springframework.boot.SpringApplication [restartedMain] The following 1 profile is active: "dev"
2022-08-24 11:02:37,930 INFO org.springframework.boot.StartupInfoLogger [restartedMain] Started FindmytutorApplication in 0.486 seconds (JVM running for 858.237)
2022-08-24 11:03:03,397 INFO org.springframework.boot.StartupInfoLogger [restartedMain] Starting FindmytutorApplication using Java 11.0.14 on LAPTOP-LLQN4QTH with PID 6196 (C:\Users\kyesu\Desktop\Visual Studio WorkSpace\findmytutor\target\classes started by kyesu in C:\Users\kyesu\Desktop\Visual Studio WorkSpace\findmytutor)
2022-08-24 11:03:03,398 DEBUG org.springframework.boot.StartupInfoLogger [restartedMain] Running with Spring Boot v2.7.2, Spring v5.3.22
2022-08-24 11:03:03,398 INFO org.springframework.boot.SpringApplication [restartedMain] The following 1 profile is active: "dev"
2022-08-24 11:03:03,858 INFO org.springframework.boot.StartupInfoLogger [restartedMain] Started FindmytutorApplication in 0.491 seconds (JVM running for 884.165)
2022-08-24 11:03:25,157 INFO org.springframework.boot.StartupInfoLogger [restartedMain] Starting FindmytutorApplication using Java 11.0.14 on LAPTOP-LLQN4QTH with PID 6196 (C:\Users\kyesu\Desktop\Visual Studio WorkSpace\findmytutor\target\classes started by kyesu in C:\Users\kyesu\Desktop\Visual Studio WorkSpace\findmytutor)
2022-08-24 11:03:25,158 DEBUG org.springframework.boot.StartupInfoLogger [restartedMain] Running with Spring Boot v2.7.2, Spring v5.3.22
2022-08-24 11:03:25,158 INFO org.springframework.boot.SpringApplication [restartedMain] The following 1 profile is active: "dev"
2022-08-24 11:03:25,626 INFO org.springframework.boot.StartupInfoLogger [restartedMain] Started FindmytutorApplication in 0.491 seconds (JVM running for 905.932)
2022-08-24 11:03:59,182 INFO org.springframework.boot.StartupInfoLogger [restartedMain] Starting FindmytutorApplication using Java 11.0.14 on LAPTOP-LLQN4QTH with PID 6196 (C:\Users\kyesu\Desktop\Visual Studio WorkSpace\findmytutor\target\classes started by kyesu in C:\Users\kyesu\Desktop\Visual Studio WorkSpace\findmytutor)
2022-08-24 11:03:59,184 DEBUG org.springframework.boot.StartupInfoLogger [restartedMain] Running with Spring Boot v2.7.2, Spring v5.3.22
2022-08-24 11:03:59,184 INFO org.springframework.boot.SpringApplication [restartedMain] The following 1 profile is active: "dev"
2022-08-24 11:03:59,643 INFO org.springframework.boot.StartupInfoLogger [restartedMain] Started FindmytutorApplication in 0.484 seconds (JVM running for 939.95)
2022-08-24 11:04:21,972 INFO org.springframework.boot.StartupInfoLogger [restartedMain] Starting FindmytutorApplication using Java 11.0.14 on LAPTOP-LLQN4QTH with PID 6196 (C:\Users\kyesu\Desktop\Visual Studio WorkSpace\findmytutor\target\classes started by kyesu in C:\Users\kyesu\Desktop\Visual Studio WorkSpace\findmytutor)
2022-08-24 11:04:21,972 DEBUG org.springframework.boot.StartupInfoLogger [restartedMain] Running with Spring Boot v2.7.2, Spring v5.3.22
2022-08-24 11:04:21,973 INFO org.springframework.boot.SpringApplication [restartedMain] The following 1 profile is active: "dev"
2022-08-24 11:04:22,367 INFO org.springframework.boot.StartupInfoLogger [restartedMain] Started FindmytutorApplication in 0.424 seconds (JVM running for 962.673)
2022-08-24 11:04:38,525 INFO org.springframework.boot.StartupInfoLogger [restartedMain] Starting FindmytutorApplication using Java 11.0.14 on LAPTOP-LLQN4QTH with PID 6196 (C:\Users\kyesu\Desktop\Visual Studio WorkSpace\findmytutor\target\classes started by kyesu in C:\Users\kyesu\Desktop\Visual Studio WorkSpace\findmytutor)
2022-08-24 11:04:38,526 DEBUG org.springframework.boot.StartupInfoLogger [restartedMain] Running with Spring Boot v2.7.2, Spring v5.3.22
2022-08-24 11:04:38,526 INFO org.springframework.boot.SpringApplication [restartedMain] The following 1 profile is active: "dev"
2022-08-24 11:04:38,929 INFO org.springframework.boot.StartupInfoLogger [restartedMain] Started FindmytutorApplication in 0.428 seconds (JVM running for 979.235)
2022-08-24 11:04:53,054 INFO org.springframework.boot.StartupInfoLogger [restartedMain] Starting FindmytutorApplication using Java 11.0.14 on LAPTOP-LLQN4QTH with PID 6196 (C:\Users\kyesu\Desktop\Visual Studio WorkSpace\findmytutor\target\classes started by kyesu in C:\Users\kyesu\Desktop\Visual Studio WorkSpace\findmytutor)
2022-08-24 11:04:53,055 DEBUG org.springframework.boot.StartupInfoLogger [restartedMain] Running with Spring Boot v2.7.2, Spring v5.3.22
2022-08-24 11:04:53,055 INFO org.springframework.boot.SpringApplication [restartedMain] The following 1 profile is active: "dev"
2022-08-24 11:04:53,414 INFO org.springframework.boot.StartupInfoLogger [restartedMain] Started FindmytutorApplication in 0.386 seconds (JVM running for 993.721)
2022-08-24 11:05:18,828 INFO org.springframework.boot.StartupInfoLogger [restartedMain] Starting FindmytutorApplication using Java 11.0.14 on LAPTOP-LLQN4QTH with PID 6196 (C:\Users\kyesu\Desktop\Visual Studio WorkSpace\findmytutor\target\classes started by kyesu in C:\Users\kyesu\Desktop\Visual Studio WorkSpace\findmytutor)
2022-08-24 11:05:18,829 DEBUG org.springframework.boot.StartupInfoLogger [restartedMain] Running with Spring Boot v2.7.2, Spring v5.3.22
2022-08-24 11:05:18,829 INFO org.springframework.boot.SpringApplication [restartedMain] The following 1 profile is active: "dev"
2022-08-24 11:05:19,177 INFO org.springframework.boot.StartupInfoLogger [restartedMain] Started FindmytutorApplication in 0.376 seconds (JVM running for 1019.483)
2022-08-24 11:05:35,395 INFO org.springframework.boot.StartupInfoLogger [restartedMain] Starting FindmytutorApplication using Java 11.0.14 on LAPTOP-LLQN4QTH with PID 6196 (C:\Users\kyesu\Desktop\Visual Studio WorkSpace\findmytutor\target\classes started by kyesu in C:\Users\kyesu\Desktop\Visual Studio WorkSpace\findmytutor)
2022-08-24 11:05:35,396 DEBUG org.springframework.boot.StartupInfoLogger [restartedMain] Running with Spring Boot v2.7.2, Spring v5.3.22
2022-08-24 11:05:35,396 INFO org.springframework.boot.SpringApplication [restartedMain] The following 1 profile is active: "dev"
2022-08-24 11:05:35,840 INFO org.springframework.boot.StartupInfoLogger [restartedMain] Started FindmytutorApplication in 0.466 seconds (JVM running for 1036.147)
2022-08-24 11:05:46,889 INFO org.springframework.boot.StartupInfoLogger [restartedMain] Starting FindmytutorApplication using Java 11.0.14 on LAPTOP-LLQN4QTH with PID 6196 (C:\Users\kyesu\Desktop\Visual Studio WorkSpace\findmytutor\target\classes started by kyesu in C:\Users\kyesu\Desktop\Visual Studio WorkSpace\findmytutor)
2022-08-24 11:05:46,889 DEBUG org.springframework.boot.StartupInfoLogger [restartedMain] Running with Spring Boot v2.7.2, Spring v5.3.22
2022-08-24 11:05:46,890 INFO org.springframework.boot.SpringApplication [restartedMain] The following 1 profile is active: "dev"
2022-08-24 11:05:47,316 INFO org.springframework.boot.StartupInfoLogger [restartedMain] Started FindmytutorApplication in 0.453 seconds (JVM running for 1047.623)
2022-08-24 11:12:31,835 INFO org.springframework.boot.StartupInfoLogger [restartedMain] Starting FindmytutorApplication using Java 11.0.14 on LAPTOP-LLQN4QTH with PID 1128 (C:\Users\kyesu\Desktop\Visual Studio WorkSpace\findmytutor\target\classes started by kyesu in C:\Users\kyesu\Desktop\Visual Studio WorkSpace\findmytutor)
2022-08-24 11:12:31,836 DEBUG org.springframework.boot.StartupInfoLogger [restartedMain] Running with Spring Boot v2.7.2, Spring v5.3.22
2022-08-24 11:12:31,837 INFO org.springframework.boot.SpringApplication [restartedMain] The following 1 profile is active: "dev"
2022-08-24 11:13:25,762 INFO org.springframework.boot.StartupInfoLogger [restartedMain] Starting FindmytutorApplication using Java 11.0.14 on LAPTOP-LLQN4QTH with PID 15328 (C:\Users\kyesu\Desktop\Visual Studio WorkSpace\findmytutor\target\classes started by kyesu in C:\Users\kyesu\Desktop\Visual Studio WorkSpace\findmytutor)
2022-08-24 11:13:25,763 DEBUG org.springframework.boot.StartupInfoLogger [restartedMain] Running with Spring Boot v2.7.2, Spring v5.3.22
2022-08-24 11:13:25,764 INFO org.springframework.boot.SpringApplication [restartedMain] The following 1 profile is active: "dev"
2022-08-24 11:13:29,823 INFO org.springframework.boot.StartupInfoLogger [restartedMain] Started FindmytutorApplication in 5.02 seconds (JVM running for 5.441)
2022-08-24 11:13:59,311 INFO org.springframework.boot.StartupInfoLogger [restartedMain] Starting FindmytutorApplication using Java 11.0.14 on LAPTOP-LLQN4QTH with PID 15328 (C:\Users\kyesu\Desktop\Visual Studio WorkSpace\findmytutor\target\classes started by kyesu in C:\Users\kyesu\Desktop\Visual Studio WorkSpace\findmytutor)
2022-08-24 11:13:59,312 DEBUG org.springframework.boot.StartupInfoLogger [restartedMain] Running with Spring Boot v2.7.2, Spring v5.3.22
2022-08-24 11:13:59,314 INFO org.springframework.boot.SpringApplication [restartedMain] The following 1 profile is active: "dev"
2022-08-24 11:17:17,841 INFO org.springframework.boot.StartupInfoLogger [restartedMain] Starting FindmytutorApplication using Java 11.0.14 on LAPTOP-LLQN4QTH with PID 1952 (C:\Users\kyesu\Desktop\Visual Studio WorkSpace\findmytutor\target\classes started by kyesu in C:\Users\kyesu\Desktop\Visual Studio WorkSpace\findmytutor)
2022-08-24 11:17:17,843 DEBUG org.springframework.boot.StartupInfoLogger [restartedMain] Running with Spring Boot v2.7.2, Spring v5.3.22
2022-08-24 11:17:17,844 INFO org.springframework.boot.SpringApplication [restartedMain] The following 1 profile is active: "dev"
2022-08-24 11:18:11,748 INFO org.springframework.boot.StartupInfoLogger [restartedMain] Starting FindmytutorApplication using Java 11.0.14 on LAPTOP-LLQN4QTH with PID 9824 (C:\Users\kyesu\Desktop\Visual Studio WorkSpace\findmytutor\target\classes started by kyesu in C:\Users\kyesu\Desktop\Visual Studio WorkSpace\findmytutor)
2022-08-24 11:18:11,750 DEBUG org.springframework.boot.StartupInfoLogger [restartedMain] Running with Spring Boot v2.7.2, Spring v5.3.22
2022-08-24 11:18:11,751 INFO org.springframework.boot.SpringApplication [restartedMain] The following 1 profile is active: "dev"
2022-08-24 11:18:16,689 INFO org.springframework.boot.StartupInfoLogger [restartedMain] Started FindmytutorApplication in 5.761 seconds (JVM running for 6.15)
2022-08-24 11:22:35,337 INFO org.springframework.boot.StartupInfoLogger [restartedMain] Starting FindmytutorApplication using Java 11.0.14 on LAPTOP-LLQN4QTH with PID 8304 (C:\Users\kyesu\Desktop\Visual Studio WorkSpace\findmytutor\target\classes started by kyesu in C:\Users\kyesu\Desktop\Visual Studio WorkSpace\findmytutor)
2022-08-24 11:22:35,339 DEBUG org.springframework.boot.StartupInfoLogger [restartedMain] Running with Spring Boot v2.7.2, Spring v5.3.22
2022-08-24 11:22:35,340 INFO org.springframework.boot.SpringApplication [restartedMain] The following 1 profile is active: "dev"
2022-08-24 11:22:40,850 INFO org.springframework.boot.StartupInfoLogger [restartedMain] Started FindmytutorApplication in 6.313 seconds (JVM running for 6.701)
2022-08-24 11:22:44,541 INFO org.springframework.boot.StartupInfoLogger [restartedMain] Starting FindmytutorApplication using Java 11.0.14 on LAPTOP-LLQN4QTH with PID 8304 (C:\Users\kyesu\Desktop\Visual Studio WorkSpace\findmytutor\target\classes started by kyesu in C:\Users\kyesu\Desktop\Visual Studio WorkSpace\findmytutor)
2022-08-24 11:22:44,542 DEBUG org.springframework.boot.StartupInfoLogger [restartedMain] Running with Spring Boot v2.7.2, Spring v5.3.22
2022-08-24 11:22:44,542 INFO org.springframework.boot.SpringApplication [restartedMain] The following 1 profile is active: "dev"
2022-08-24 11:22:45,253 INFO org.springframework.boot.StartupInfoLogger [restartedMain] Started FindmytutorApplication in 0.759 seconds (JVM running for 11.104)
2022-08-24 11:23:28,616 INFO org.springframework.boot.StartupInfoLogger [restartedMain] Starting FindmytutorApplication using Java 11.0.14 on LAPTOP-LLQN4QTH with PID 8304 (C:\Users\kyesu\Desktop\Visual Studio WorkSpace\findmytutor\target\classes started by kyesu in C:\Users\kyesu\Desktop\Visual Studio WorkSpace\findmytutor)
2022-08-24 11:23:28,616 DEBUG org.springframework.boot.StartupInfoLogger [restartedMain] Running with Spring Boot v2.7.2, Spring v5.3.22
2022-08-24 11:23:28,617 INFO org.springframework.boot.SpringApplication [restartedMain] The following 1 profile is active: "dev"
2022-08-24 11:23:29,599 INFO org.springframework.boot.StartupInfoLogger [restartedMain] Started FindmytutorApplication in 1.045 seconds (JVM running for 55.45)
2022-08-24 11:24:05,542 INFO org.springframework.boot.StartupInfoLogger [restartedMain] Starting FindmytutorApplication using Java 11.0.14 on LAPTOP-LLQN4QTH with PID 3368 (C:\Users\kyesu\Desktop\Visual Studio WorkSpace\findmytutor\target\classes started by kyesu in C:\Users\kyesu\Desktop\Visual Studio WorkSpace\findmytutor)
2022-08-24 11:24:05,545 DEBUG org.springframework.boot.StartupInfoLogger [restartedMain] Running with Spring Boot v2.7.2, Spring v5.3.22
2022-08-24 11:24:05,546 INFO org.springframework.boot.SpringApplication [restartedMain] The following 1 profile is active: "dev"
2022-08-24 11:24:11,158 INFO org.springframework.boot.StartupInfoLogger [restartedMain] Started FindmytutorApplication in 6.45 seconds (JVM running for 7.206)
2022-08-24 11:25:10,343 INFO org.springframework.boot.StartupInfoLogger [restartedMain] Starting FindmytutorApplication using Java 11.0.14 on LAPTOP-LLQN4QTH with PID 3368 (C:\Users\kyesu\Desktop\Visual Studio WorkSpace\findmytutor\target\classes started by kyesu in C:\Users\kyesu\Desktop\Visual Studio WorkSpace\findmytutor)
2022-08-24 11:25:10,345 DEBUG org.springframework.boot.StartupInfoLogger [restartedMain] Running with Spring Boot v2.7.2, Spring v5.3.22
2022-08-24 11:25:10,346 INFO org.springframework.boot.SpringApplication [restartedMain] The following 1 profile is active: "dev"
2022-08-24 11:25:11,301 INFO org.springframework.boot.StartupInfoLogger [restartedMain] Started FindmytutorApplication in 1.008 seconds (JVM running for 67.349)
2022-08-24 11:27:58,345 INFO org.springframework.boot.StartupInfoLogger [restartedMain] Starting FindmytutorApplication using Java 11.0.14 on LAPTOP-LLQN4QTH with PID 3368 (C:\Users\kyesu\Desktop\Visual Studio WorkSpace\findmytutor\target\classes started by kyesu in C:\Users\kyesu\Desktop\Visual Studio WorkSpace\findmytutor)
2022-08-24 11:27:58,345 DEBUG org.springframework.boot.StartupInfoLogger [restartedMain] Running with Spring Boot v2.7.2, Spring v5.3.22
2022-08-24 11:27:58,346 INFO org.springframework.boot.SpringApplication [restartedMain] The following 1 profile is active: "dev"
2022-08-24 11:27:59,155 INFO org.springframework.boot.StartupInfoLogger [restartedMain] Started FindmytutorApplication in 0.859 seconds (JVM running for 235.203)
2022-08-24 11:28:24,592 INFO org.springframework.boot.StartupInfoLogger [restartedMain] Starting FindmytutorApplication using Java 11.0.14 on LAPTOP-LLQN4QTH with PID 3368 (C:\Users\kyesu\Desktop\Visual Studio WorkSpace\findmytutor\target\classes started by kyesu in C:\Users\kyesu\Desktop\Visual Studio WorkSpace\findmytutor)
2022-08-24 11:28:24,594 DEBUG org.springframework.boot.StartupInfoLogger [restartedMain] Running with Spring Boot v2.7.2, Spring v5.3.22
2022-08-24 11:28:24,595 INFO org.springframework.boot.SpringApplication [restartedMain] The following 1 profile is active: "dev"
2022-08-24 11:28:25,424 INFO org.springframework.boot.StartupInfoLogger [restartedMain] Started FindmytutorApplication in 0.893 seconds (JVM running for 261.472)
2022-08-24 11:34:59,972 INFO org.springframework.boot.StartupInfoLogger [restartedMain] Starting FindmytutorApplication using Java 11.0.14 on LAPTOP-LLQN4QTH with PID 16132 (C:\Users\kyesu\Desktop\Visual Studio WorkSpace\findmytutor\target\classes started by kyesu in C:\Users\kyesu\Desktop\Visual Studio WorkSpace\findmytutor)
2022-08-24 11:35:00,000 DEBUG org.springframework.boot.StartupInfoLogger [restartedMain] Running with Spring Boot v2.7.2, Spring v5.3.22
2022-08-24 11:35:00,002 INFO org.springframework.boot.SpringApplication [restartedMain] The following 1 profile is active: "dev"
2022-08-24 11:35:04,254 INFO org.springframework.boot.StartupInfoLogger [restartedMain] Started FindmytutorApplication in 5.083 seconds (JVM running for 5.478)
2022-08-24 11:36:44,517 INFO org.springframework.boot.StartupInfoLogger [restartedMain] Starting FindmytutorApplication using Java 11.0.14 on LAPTOP-LLQN4QTH with PID 16132 (C:\Users\kyesu\Desktop\Visual Studio WorkSpace\findmytutor\target\classes started by kyesu in C:\Users\kyesu\Desktop\Visual Studio WorkSpace\findmytutor)
2022-08-24 11:36:44,518 DEBUG org.springframework.boot.StartupInfoLogger [restartedMain] Running with Spring Boot v2.7.2, Spring v5.3.22
2022-08-24 11:36:44,518 INFO org.springframework.boot.SpringApplication [restartedMain] The following 1 profile is active: "dev"
2022-08-24 11:36:45,341 INFO org.springframework.boot.StartupInfoLogger [restartedMain] Started FindmytutorApplication in 0.88 seconds (JVM running for 106.565)
2022-08-24 11:37:03,556 INFO org.springframework.boot.StartupInfoLogger [restartedMain] Starting FindmytutorApplication using Java 11.0.14 on LAPTOP-LLQN4QTH with PID 16132 (C:\Users\kyesu\Desktop\Visual Studio WorkSpace\findmytutor\target\classes started by kyesu in C:\Users\kyesu\Desktop\Visual Studio WorkSpace\findmytutor)
2022-08-24 11:37:03,558 DEBUG org.springframework.boot.StartupInfoLogger [restartedMain] Running with Spring Boot v2.7.2, Spring v5.3.22
2022-08-24 11:37:03,559 INFO org.springframework.boot.SpringApplication [restartedMain] The following 1 profile is active: "dev"
2022-08-24 11:37:04,264 INFO org.springframework.boot.StartupInfoLogger [restartedMain] Started FindmytutorApplication in 0.756 seconds (JVM running for 125.488)
2022-08-24 11:41:06,118 INFO org.springframework.boot.StartupInfoLogger [restartedMain] Starting FindmytutorApplication using Java 11.0.14 on LAPTOP-LLQN4QTH with PID 16132 (C:\Users\kyesu\Desktop\Visual Studio WorkSpace\findmytutor\target\classes started by kyesu in C:\Users\kyesu\Desktop\Visual Studio WorkSpace\findmytutor)
2022-08-24 11:41:06,119 DEBUG org.springframework.boot.StartupInfoLogger [restartedMain] Running with Spring Boot v2.7.2, Spring v5.3.22
2022-08-24 11:41:06,119 INFO org.springframework.boot.SpringApplication [restartedMain] The following 1 profile is active: "dev"
2022-08-24 11:41:06,770 INFO org.springframework.boot.StartupInfoLogger [restartedMain] Started FindmytutorApplication in 0.709 seconds (JVM running for 367.994)
2022-08-24 11:41:35,237 INFO org.springframework.boot.StartupInfoLogger [restartedMain] Starting FindmytutorApplication using Java 11.0.14 on LAPTOP-LLQN4QTH with PID 16132 (C:\Users\kyesu\Desktop\Visual Studio WorkSpace\findmytutor\target\classes started by kyesu in C:\Users\kyesu\Desktop\Visual Studio WorkSpace\findmytutor)
2022-08-24 11:41:35,237 DEBUG org.springframework.boot.StartupInfoLogger [restartedMain] Running with Spring Boot v2.7.2, Spring v5.3.22
2022-08-24 11:41:35,239 INFO org.springframework.boot.SpringApplication [restartedMain] The following 1 profile is active: "dev"
2022-08-24 11:41:35,876 INFO org.springframework.boot.StartupInfoLogger [restartedMain] Started FindmytutorApplication in 0.694 seconds (JVM running for 397.1)
2022-08-24 11:42:24,288 INFO org.springframework.boot.StartupInfoLogger [restartedMain] Starting FindmytutorApplication using Java 11.0.14 on LAPTOP-LLQN4QTH with PID 16132 (C:\Users\kyesu\Desktop\Visual Studio WorkSpace\findmytutor\target\classes started by kyesu in C:\Users\kyesu\Desktop\Visual Studio WorkSpace\findmytutor)
2022-08-24 11:42:24,289 DEBUG org.springframework.boot.StartupInfoLogger [restartedMain] Running with Spring Boot v2.7.2, Spring v5.3.22
2022-08-24 11:42:24,289 INFO org.springframework.boot.SpringApplication [restartedMain] The following 1 profile is active: "dev"
2022-08-24 11:42:24,847 INFO org.springframework.boot.StartupInfoLogger [restartedMain] Started FindmytutorApplication in 0.592 seconds (JVM running for 446.07)
2022-08-24 11:45:07,646 INFO org.springframework.boot.StartupInfoLogger [restartedMain] Starting FindmytutorApplication using Java 11.0.14 on LAPTOP-LLQN4QTH with PID 16132 (C:\Users\kyesu\Desktop\Visual Studio WorkSpace\findmytutor\target\classes started by kyesu in C:\Users\kyesu\Desktop\Visual Studio WorkSpace\findmytutor)
2022-08-24 11:45:07,647 DEBUG org.springframework.boot.StartupInfoLogger [restartedMain] Running with Spring Boot v2.7.2, Spring v5.3.22
2022-08-24 11:45:07,647 INFO org.springframework.boot.SpringApplication [restartedMain] The following 1 profile is active: "dev"
2022-08-24 11:45:08,194 INFO org.springframework.boot.StartupInfoLogger [restartedMain] Started FindmytutorApplication in 0.575 seconds (JVM running for 609.418)
2022-08-24 11:49:37,239 INFO org.springframework.boot.StartupInfoLogger [restartedMain] Starting FindmytutorApplication using Java 11.0.14 on LAPTOP-LLQN4QTH with PID 16132 (C:\Users\kyesu\Desktop\Visual Studio WorkSpace\findmytutor\target\classes started by kyesu in C:\Users\kyesu\Desktop\Visual Studio WorkSpace\findmytutor)
2022-08-24 11:49:37,240 DEBUG org.springframework.boot.StartupInfoLogger [restartedMain] Running with Spring Boot v2.7.2, Spring v5.3.22
2022-08-24 11:49:37,240 INFO org.springframework.boot.SpringApplication [restartedMain] The following 1 profile is active: "dev"
2022-08-24 11:49:37,802 INFO org.springframework.boot.StartupInfoLogger [restartedMain] Started FindmytutorApplication in 0.596 seconds (JVM running for 879.026)
2022-08-24 11:50:05,715 INFO org.springframework.boot.StartupInfoLogger [restartedMain] Starting FindmytutorApplication using Java 11.0.14 on LAPTOP-LLQN4QTH with PID 16132 (C:\Users\kyesu\Desktop\Visual Studio WorkSpace\findmytutor\target\classes started by kyesu in C:\Users\kyesu\Desktop\Visual Studio WorkSpace\findmytutor)
2022-08-24 11:50:05,716 DEBUG org.springframework.boot.StartupInfoLogger [restartedMain] Running with Spring Boot v2.7.2, Spring v5.3.22
2022-08-24 11:50:05,716 INFO org.springframework.boot.SpringApplication [restartedMain] The following 1 profile is active: "dev"
2022-08-24 11:50:06,175 INFO org.springframework.boot.StartupInfoLogger [restartedMain] Started FindmytutorApplication in 0.488 seconds (JVM running for 907.399)
2022-08-24 11:50:46,075 INFO org.springframework.boot.StartupInfoLogger [restartedMain] Starting FindmytutorApplication using Java 11.0.14 on LAPTOP-LLQN4QTH with PID 16132 (C:\Users\kyesu\Desktop\Visual Studio WorkSpace\findmytutor\target\classes started by kyesu in C:\Users\kyesu\Desktop\Visual Studio WorkSpace\findmytutor)
2022-08-24 11:50:46,076 DEBUG org.springframework.boot.StartupInfoLogger [restartedMain] Running with Spring Boot v2.7.2, Spring v5.3.22
2022-08-24 11:50:46,076 INFO org.springframework.boot.SpringApplication [restartedMain] The following 1 profile is active: "dev"
2022-08-24 11:50:46,521 INFO org.springframework.boot.StartupInfoLogger [restartedMain] Started FindmytutorApplication in 0.473 seconds (JVM running for 947.745)
2022-08-24 11:53:31,594 INFO org.springframework.boot.StartupInfoLogger [restartedMain] Starting FindmytutorApplication using Java 11.0.14 on LAPTOP-LLQN4QTH with PID 16132 (C:\Users\kyesu\Desktop\Visual Studio WorkSpace\findmytutor\target\classes started by kyesu in C:\Users\kyesu\Desktop\Visual Studio WorkSpace\findmytutor)
2022-08-24 11:53:31,594 DEBUG org.springframework.boot.StartupInfoLogger [restartedMain] Running with Spring Boot v2.7.2, Spring v5.3.22
2022-08-24 11:53:31,595 INFO org.springframework.boot.SpringApplication [restartedMain] The following 1 profile is active: "dev"
2022-08-24 11:53:32,075 INFO org.springframework.boot.StartupInfoLogger [restartedMain] Started FindmytutorApplication in 0.513 seconds (JVM running for 1113.299)
2022-08-24 11:53:52,442 INFO org.springframework.boot.StartupInfoLogger [restartedMain] Starting FindmytutorApplication using Java 11.0.14 on LAPTOP-LLQN4QTH with PID 16132 (C:\Users\kyesu\Desktop\Visual Studio WorkSpace\findmytutor\target\classes started by kyesu in C:\Users\kyesu\Desktop\Visual Studio WorkSpace\findmytutor)
2022-08-24 11:53:52,444 DEBUG org.springframework.boot.StartupInfoLogger [restartedMain] Running with Spring Boot v2.7.2, Spring v5.3.22
2022-08-24 11:53:52,444 INFO org.springframework.boot.SpringApplication [restartedMain] The following 1 profile is active: "dev"
2022-08-24 11:53:52,895 INFO org.springframework.boot.StartupInfoLogger [restartedMain] Started FindmytutorApplication in 0.508 seconds (JVM running for 1134.119)
2022-08-24 11:54:19,339 INFO org.springframework.boot.StartupInfoLogger [restartedMain] Starting FindmytutorApplication using Java 11.0.14 on LAPTOP-LLQN4QTH with PID 16132 (C:\Users\kyesu\Desktop\Visual Studio WorkSpace\findmytutor\target\classes started by kyesu in C:\Users\kyesu\Desktop\Visual Studio WorkSpace\findmytutor)
2022-08-24 11:54:19,340 DEBUG org.springframework.boot.StartupInfoLogger [restartedMain] Running with Spring Boot v2.7.2, Spring v5.3.22
2022-08-24 11:54:19,340 INFO org.springframework.boot.SpringApplication [restartedMain] The following 1 profile is active: "dev"
2022-08-24 11:54:19,841 INFO org.springframework.boot.StartupInfoLogger [restartedMain] Started FindmytutorApplication in 0.529 seconds (JVM running for 1161.065)
2022-08-24 11:55:47,752 INFO org.springframework.boot.StartupInfoLogger [restartedMain] Starting FindmytutorApplication using Java 11.0.14 on LAPTOP-LLQN4QTH with PID 16132 (C:\Users\kyesu\Desktop\Visual Studio WorkSpace\findmytutor\target\classes started by kyesu in C:\Users\kyesu\Desktop\Visual Studio WorkSpace\findmytutor)
2022-08-24 11:55:47,752 DEBUG org.springframework.boot.StartupInfoLogger [restartedMain] Running with Spring Boot v2.7.2, Spring v5.3.22
2022-08-24 11:55:47,753 INFO org.springframework.boot.SpringApplication [restartedMain] The following 1 profile is active: "dev"
2022-08-24 11:55:48,154 INFO org.springframework.boot.StartupInfoLogger [restartedMain] Started FindmytutorApplication in 0.45 seconds (JVM running for 1249.378)
2022-08-24 12:15:12,364 INFO org.springframework.boot.StartupInfoLogger [restartedMain] Starting FindmytutorApplication using Java 11.0.14 on LAPTOP-LLQN4QTH with PID 11320 (C:\Users\kyesu\Desktop\Visual Studio WorkSpace\findmytutor\target\classes started by kyesu in C:\Users\kyesu\Desktop\Visual Studio WorkSpace\findmytutor)
2022-08-24 12:15:12,365 DEBUG org.springframework.boot.StartupInfoLogger [restartedMain] Running with Spring Boot v2.7.2, Spring v5.3.22
2022-08-24 12:15:12,366 INFO org.springframework.boot.SpringApplication [restartedMain] The following 1 profile is active: "dev"
2022-08-24 12:15:17,362 INFO org.springframework.boot.StartupInfoLogger [restartedMain] Started FindmytutorApplication in 5.795 seconds (JVM running for 6.187)
2022-08-24 12:22:36,884 INFO org.springframework.boot.StartupInfoLogger [restartedMain] Starting FindmytutorApplication using Java 11.0.14 on LAPTOP-LLQN4QTH with PID 4400 (C:\Users\kyesu\Desktop\Visual Studio WorkSpace\findmytutor\target\classes started by kyesu in C:\Users\kyesu\Desktop\Visual Studio WorkSpace\findmytutor)
2022-08-24 12:22:36,886 DEBUG org.springframework.boot.StartupInfoLogger [restartedMain] Running with Spring Boot v2.7.2, Spring v5.3.22
2022-08-24 12:22:36,888 INFO org.springframework.boot.SpringApplication [restartedMain] The following 1 profile is active: "dev"
2022-08-24 12:22:41,750 INFO org.springframework.boot.StartupInfoLogger [restartedMain] Started FindmytutorApplication in 5.669 seconds (JVM running for 6.08)
2022-08-24 12:45:16,995 INFO org.springframework.boot.StartupInfoLogger [restartedMain] Starting FindmytutorApplication using Java 11.0.14 on LAPTOP-LLQN4QTH with PID 12892 (C:\Users\kyesu\Desktop\Visual Studio WorkSpace\findmytutor\target\classes started by kyesu in C:\Users\kyesu\Desktop\Visual Studio WorkSpace\findmytutor)
2022-08-24 12:45:16,997 DEBUG org.springframework.boot.StartupInfoLogger [restartedMain] Running with Spring Boot v2.7.2, Spring v5.3.22
2022-08-24 12:45:16,998 INFO org.springframework.boot.SpringApplication [restartedMain] The following 1 profile is active: "dev"
2022-08-24 12:45:21,455 INFO org.springframework.boot.StartupInfoLogger [restartedMain] Started FindmytutorApplication in 5.303 seconds (JVM running for 5.701)
2022-08-24 13:13:36,618 INFO org.springframework.boot.StartupInfoLogger [restartedMain] Starting FindmytutorApplication using Java 11.0.14 on LAPTOP-LLQN4QTH with PID 4144 (C:\Users\kyesu\Desktop\Visual Studio WorkSpace\findmytutor\target\classes started by kyesu in C:\Users\kyesu\Desktop\Visual Studio WorkSpace\findmytutor)
2022-08-24 13:13:36,621 DEBUG org.springframework.boot.StartupInfoLogger [restartedMain] Running with Spring Boot v2.7.2, Spring v5.3.22
2022-08-24 13:13:36,622 INFO org.springframework.boot.SpringApplication [restartedMain] The following 1 profile is active: "dev"
2022-08-24 13:13:40,865 INFO org.springframework.boot.StartupInfoLogger [restartedMain] Started FindmytutorApplication in 5.067 seconds (JVM running for 5.488)
2022-08-24 13:24:31,453 INFO org.springframework.boot.StartupInfoLogger [restartedMain] Starting FindmytutorApplication using Java 11.0.14 on LAPTOP-LLQN4QTH with PID 12320 (C:\Users\kyesu\Desktop\Visual Studio WorkSpace\findmytutor\target\classes started by kyesu in C:\Users\kyesu\Desktop\Visual Studio WorkSpace\findmytutor)
2022-08-24 13:24:31,455 DEBUG org.springframework.boot.StartupInfoLogger [restartedMain] Running with Spring Boot v2.7.2, Spring v5.3.22
2022-08-24 13:24:31,457 INFO org.springframework.boot.SpringApplication [restartedMain] The following 1 profile is active: "dev"
2022-08-24 13:24:35,532 INFO org.springframework.boot.StartupInfoLogger [restartedMain] Started FindmytutorApplication in 4.865 seconds (JVM running for 5.254)
2022-08-24 21:40:33,671 INFO org.springframework.boot.StartupInfoLogger [restartedMain] Starting FindmytutorApplication using Java 11.0.14 on LAPTOP-LLQN4QTH with PID 7868 (C:\Users\kyesu\Desktop\Visual Studio WorkSpace\findmytutor\target\classes started by kyesu in C:\Users\kyesu\Desktop\Visual Studio WorkSpace\findmytutor)
2022-08-24 21:40:33,675 DEBUG org.springframework.boot.StartupInfoLogger [restartedMain] Running with Spring Boot v2.7.2, Spring v5.3.22
2022-08-24 21:40:33,676 INFO org.springframework.boot.SpringApplication [restartedMain] The following 1 profile is active: "dev"
2022-08-24 21:40:38,955 INFO org.springframework.boot.StartupInfoLogger [restartedMain] Started FindmytutorApplication in 6.14 seconds (JVM running for 6.739)
2022-08-24 21:43:27,806 INFO org.springframework.boot.StartupInfoLogger [restartedMain] Starting FindmytutorApplication using Java 11.0.14 on LAPTOP-LLQN4QTH with PID 16724 (C:\Users\kyesu\Desktop\Visual Studio WorkSpace\findmytutor\target\classes started by kyesu in C:\Users\kyesu\Desktop\Visual Studio WorkSpace\findmytutor)
2022-08-24 21:43:27,807 DEBUG org.springframework.boot.StartupInfoLogger [restartedMain] Running with Spring Boot v2.7.2, Spring v5.3.22
2022-08-24 21:43:27,808 INFO org.springframework.boot.SpringApplication [restartedMain] The following 1 profile is active: "dev"
2022-08-24 21:43:32,000 INFO org.springframework.boot.StartupInfoLogger [restartedMain] Started FindmytutorApplication in 5.094 seconds (JVM running for 5.627)
2022-08-24 21:45:55,335 INFO org.springframework.boot.StartupInfoLogger [restartedMain] Starting FindmytutorApplication using Java 11.0.14 on LAPTOP-LLQN4QTH with PID 16724 (C:\Users\kyesu\Desktop\Visual Studio WorkSpace\findmytutor\target\classes started by kyesu in C:\Users\kyesu\Desktop\Visual Studio WorkSpace\findmytutor)
2022-08-24 21:45:55,335 DEBUG org.springframework.boot.StartupInfoLogger [restartedMain] Running with Spring Boot v2.7.2, Spring v5.3.22
2022-08-24 21:45:55,335 INFO org.springframework.boot.SpringApplication [restartedMain] The following 1 profile is active: "dev"
2022-08-24 21:45:56,419 INFO org.springframework.boot.StartupInfoLogger [restartedMain] Started FindmytutorApplication in 1.146 seconds (JVM running for 150.047)
2022-08-24 21:51:00,914 INFO org.springframework.boot.StartupInfoLogger [restartedMain] Starting FindmytutorApplication using Java 11.0.14 on LAPTOP-LLQN4QTH with PID 16724 (C:\Users\kyesu\Desktop\Visual Studio WorkSpace\findmytutor\target\classes started by kyesu in C:\Users\kyesu\Desktop\Visual Studio WorkSpace\findmytutor)
2022-08-24 21:51:00,917 DEBUG org.springframework.boot.StartupInfoLogger [restartedMain] Running with Spring Boot v2.7.2, Spring v5.3.22
2022-08-24 21:51:00,919 INFO org.springframework.boot.SpringApplication [restartedMain] The following 1 profile is active: "dev"
2022-08-24 21:51:01,700 INFO org.springframework.boot.StartupInfoLogger [restartedMain] Started FindmytutorApplication in 0.881 seconds (JVM running for 455.328)
2022-08-24 21:52:01,934 INFO org.springframework.boot.StartupInfoLogger [restartedMain] Starting FindmytutorApplication using Java 11.0.14 on LAPTOP-LLQN4QTH with PID 16724 (C:\Users\kyesu\Desktop\Visual Studio WorkSpace\findmytutor\target\classes started by kyesu in C:\Users\kyesu\Desktop\Visual Studio WorkSpace\findmytutor)
2022-08-24 21:52:01,934 DEBUG org.springframework.boot.StartupInfoLogger [restartedMain] Running with Spring Boot v2.7.2, Spring v5.3.22
2022-08-24 21:52:01,935 INFO org.springframework.boot.SpringApplication [restartedMain] The following 1 profile is active: "dev"
2022-08-24 21:52:02,721 INFO org.springframework.boot.StartupInfoLogger [restartedMain] Started FindmytutorApplication in 0.841 seconds (JVM running for 516.35)
2022-08-24 21:52:18,886 INFO org.springframework.boot.StartupInfoLogger [restartedMain] Starting FindmytutorApplication using Java 11.0.14 on LAPTOP-LLQN4QTH with PID 16724 (C:\Users\kyesu\Desktop\Visual Studio WorkSpace\findmytutor\target\classes started by kyesu in C:\Users\kyesu\Desktop\Visual Studio WorkSpace\findmytutor)
2022-08-24 21:52:18,887 DEBUG org.springframework.boot.StartupInfoLogger [restartedMain] Running with Spring Boot v2.7.2, Spring v5.3.22
2022-08-24 21:52:18,887 INFO org.springframework.boot.SpringApplication [restartedMain] The following 1 profile is active: "dev"
2022-08-24 21:52:19,608 INFO org.springframework.boot.StartupInfoLogger [restartedMain] Started FindmytutorApplication in 0.759 seconds (JVM running for 533.235)
2022-08-24 21:59:00,233 INFO org.springframework.boot.StartupInfoLogger [restartedMain] Starting FindmytutorApplication using Java 11.0.14 on LAPTOP-LLQN4QTH with PID 16724 (C:\Users\kyesu\Desktop\Visual Studio WorkSpace\findmytutor\target\classes started by kyesu in C:\Users\kyesu\Desktop\Visual Studio WorkSpace\findmytutor)
2022-08-24 21:59:00,234 DEBUG org.springframework.boot.StartupInfoLogger [restartedMain] Running with Spring Boot v2.7.2, Spring v5.3.22
2022-08-24 21:59:00,234 INFO org.springframework.boot.SpringApplication [restartedMain] The following 1 profile is active: "dev"
2022-08-24 21:59:00,856 INFO org.springframework.boot.StartupInfoLogger [restartedMain] Started FindmytutorApplication in 0.659 seconds (JVM running for 934.484)
2022-08-24 22:04:47,761 INFO org.springframework.boot.StartupInfoLogger [restartedMain] Starting FindmytutorApplication using Java 11.0.14 on LAPTOP-LLQN4QTH with PID 16724 (C:\Users\kyesu\Desktop\Visual Studio WorkSpace\findmytutor\target\classes started by kyesu in C:\Users\kyesu\Desktop\Visual Studio WorkSpace\findmytutor)
2022-08-24 22:04:47,762 DEBUG org.springframework.boot.StartupInfoLogger [restartedMain] Running with Spring Boot v2.7.2, Spring v5.3.22
2022-08-24 22:04:47,762 INFO org.springframework.boot.SpringApplication [restartedMain] The following 1 profile is active: "dev"
2022-08-24 22:04:48,406 INFO org.springframework.boot.StartupInfoLogger [restartedMain] Started FindmytutorApplication in 0.683 seconds (JVM running for 1282.034)
2022-08-24 22:05:33,303 INFO org.springframework.boot.StartupInfoLogger [restartedMain] Starting FindmytutorApplication using Java 11.0.14 on LAPTOP-LLQN4QTH with PID 16724 (C:\Users\kyesu\Desktop\Visual Studio WorkSpace\findmytutor\target\classes started by kyesu in C:\Users\kyesu\Desktop\Visual Studio WorkSpace\findmytutor)
2022-08-24 22:05:33,303 DEBUG org.springframework.boot.StartupInfoLogger [restartedMain] Running with Spring Boot v2.7.2, Spring v5.3.22
2022-08-24 22:05:33,304 INFO org.springframework.boot.SpringApplication [restartedMain] The following 1 profile is active: "dev"
2022-08-24 22:05:33,973 INFO org.springframework.boot.StartupInfoLogger [restartedMain] Started FindmytutorApplication in 0.718 seconds (JVM running for 1327.601)
2022-08-24 22:08:48,348 INFO org.springframework.boot.StartupInfoLogger [restartedMain] Starting FindmytutorApplication using Java 11.0.14 on LAPTOP-LLQN4QTH with PID 16724 (C:\Users\kyesu\Desktop\Visual Studio WorkSpace\findmytutor\target\classes started by kyesu in C:\Users\kyesu\Desktop\Visual Studio WorkSpace\findmytutor)
2022-08-24 22:08:48,349 DEBUG org.springframework.boot.StartupInfoLogger [restartedMain] Running with Spring Boot v2.7.2, Spring v5.3.22
2022-08-24 22:08:48,349 INFO org.springframework.boot.SpringApplication [restartedMain] The following 1 profile is active: "dev"
2022-08-24 22:08:48,930 INFO org.springframework.boot.StartupInfoLogger [restartedMain] Started FindmytutorApplication in 0.623 seconds (JVM running for 1522.557)
2022-08-24 22:09:58,217 INFO org.springframework.boot.StartupInfoLogger [restartedMain] Starting FindmytutorApplication using Java 11.0.14 on LAPTOP-LLQN4QTH with PID 16724 (C:\Users\kyesu\Desktop\Visual Studio WorkSpace\findmytutor\target\classes started by kyesu in C:\Users\kyesu\Desktop\Visual Studio WorkSpace\findmytutor)
2022-08-24 22:09:58,218 DEBUG org.springframework.boot.StartupInfoLogger [restartedMain] Running with Spring Boot v2.7.2, Spring v5.3.22
2022-08-24 22:09:58,219 INFO org.springframework.boot.SpringApplication [restartedMain] The following 1 profile is active: "dev"
2022-08-24 22:09:58,769 INFO org.springframework.boot.StartupInfoLogger [restartedMain] Started FindmytutorApplication in 0.587 seconds (JVM running for 1592.396)
2022-08-24 22:11:44,596 INFO org.springframework.boot.StartupInfoLogger [restartedMain] Starting FindmytutorApplication using Java 11.0.14 on LAPTOP-LLQN4QTH with PID 16724 (C:\Users\kyesu\Desktop\Visual Studio WorkSpace\findmytutor\target\classes started by kyesu in C:\Users\kyesu\Desktop\Visual Studio WorkSpace\findmytutor)
2022-08-24 22:11:44,598 DEBUG org.springframework.boot.StartupInfoLogger [restartedMain] Running with Spring Boot v2.7.2, Spring v5.3.22
2022-08-24 22:11:44,598 INFO org.springframework.boot.SpringApplication [restartedMain] The following 1 profile is active: "dev"
2022-08-24 22:11:45,132 INFO org.springframework.boot.StartupInfoLogger [restartedMain] Started FindmytutorApplication in 0.578 seconds (JVM running for 1698.76)
2022-08-24 22:13:06,891 INFO org.springframework.boot.StartupInfoLogger [restartedMain] Starting FindmytutorApplication using Java 11.0.14 on LAPTOP-LLQN4QTH with PID 16724 (C:\Users\kyesu\Desktop\Visual Studio WorkSpace\findmytutor\target\classes started by kyesu in C:\Users\kyesu\Desktop\Visual Studio WorkSpace\findmytutor)
2022-08-24 22:13:06,892 DEBUG org.springframework.boot.StartupInfoLogger [restartedMain] Running with Spring Boot v2.7.2, Spring v5.3.22
2022-08-24 22:13:06,893 INFO org.springframework.boot.SpringApplication [restartedMain] The following 1 profile is active: "dev"
2022-08-24 22:13:07,373 INFO org.springframework.boot.StartupInfoLogger [restartedMain] Started FindmytutorApplication in 0.519 seconds (JVM running for 1781.001)
2022-08-24 22:16:28,741 INFO org.springframework.boot.StartupInfoLogger [restartedMain] Starting FindmytutorApplication using Java 11.0.14 on LAPTOP-LLQN4QTH with PID 3068 (C:\Users\kyesu\Desktop\Visual Studio WorkSpace\findmytutor\target\classes started by kyesu in C:\Users\kyesu\Desktop\Visual Studio WorkSpace\findmytutor)
2022-08-24 22:16:28,743 DEBUG org.springframework.boot.StartupInfoLogger [restartedMain] Running with Spring Boot v2.7.2, Spring v5.3.22
2022-08-24 22:16:28,743 INFO org.springframework.boot.SpringApplication [restartedMain] The following 1 profile is active: "dev"
2022-08-24 22:16:32,464 INFO org.springframework.boot.StartupInfoLogger [restartedMain] Started FindmytutorApplication in 4.502 seconds (JVM running for 4.901)
2022-08-24 22:17:06,113 INFO org.springframework.boot.StartupInfoLogger [restartedMain] Starting FindmytutorApplication using Java 11.0.14 on LAPTOP-LLQN4QTH with PID 3068 (C:\Users\kyesu\Desktop\Visual Studio WorkSpace\findmytutor\target\classes started by kyesu in C:\Users\kyesu\Desktop\Visual Studio WorkSpace\findmytutor)
2022-08-24 22:17:06,114 DEBUG org.springframework.boot.StartupInfoLogger [restartedMain] Running with Spring Boot v2.7.2, Spring v5.3.22
2022-08-24 22:17:06,114 INFO org.springframework.boot.SpringApplication [restartedMain] The following 1 profile is active: "dev"
2022-08-24 22:17:06,871 INFO org.springframework.boot.StartupInfoLogger [restartedMain] Started FindmytutorApplication in 0.8 seconds (JVM running for 39.31)
2022-08-24 22:17:49,735 INFO org.springframework.boot.StartupInfoLogger [restartedMain] Starting FindmytutorApplication using Java 11.0.14 on LAPTOP-LLQN4QTH with PID 3068 (C:\Users\kyesu\Desktop\Visual Studio WorkSpace\findmytutor\target\classes started by kyesu in C:\Users\kyesu\Desktop\Visual Studio WorkSpace\findmytutor)
2022-08-24 22:17:49,736 DEBUG org.springframework.boot.StartupInfoLogger [restartedMain] Running with Spring Boot v2.7.2, Spring v5.3.22
2022-08-24 22:17:49,737 INFO org.springframework.boot.SpringApplication [restartedMain] The following 1 profile is active: "dev"
2022-08-24 22:17:50,466 INFO org.springframework.boot.StartupInfoLogger [restartedMain] Started FindmytutorApplication in 0.768 seconds (JVM running for 82.904)
2022-08-24 22:18:11,756 INFO org.springframework.boot.StartupInfoLogger [restartedMain] Starting FindmytutorApplication using Java 11.0.14 on LAPTOP-LLQN4QTH with PID 3068 (C:\Users\kyesu\Desktop\Visual Studio WorkSpace\findmytutor\target\classes started by kyesu in C:\Users\kyesu\Desktop\Visual Studio WorkSpace\findmytutor)
2022-08-24 22:18:11,757 DEBUG org.springframework.boot.StartupInfoLogger [restartedMain] Running with Spring Boot v2.7.2, Spring v5.3.22
2022-08-24 22:18:11,758 INFO org.springframework.boot.SpringApplication [restartedMain] The following 1 profile is active: "dev"
2022-08-24 22:18:12,389 INFO org.springframework.boot.StartupInfoLogger [restartedMain] Started FindmytutorApplication in 0.702 seconds (JVM running for 104.828)
2022-08-24 22:18:30,637 INFO org.springframework.boot.StartupInfoLogger [restartedMain] Starting FindmytutorApplication using Java 11.0.14 on LAPTOP-LLQN4QTH with PID 3068 (C:\Users\kyesu\Desktop\Visual Studio WorkSpace\findmytutor\target\classes started by kyesu in C:\Users\kyesu\Desktop\Visual Studio WorkSpace\findmytutor)
2022-08-24 22:18:30,638 DEBUG org.springframework.boot.StartupInfoLogger [restartedMain] Running with Spring Boot v2.7.2, Spring v5.3.22
2022-08-24 22:18:30,638 INFO org.springframework.boot.SpringApplication [restartedMain] The following 1 profile is active: "dev"
2022-08-24 22:18:31,259 INFO org.springframework.boot.StartupInfoLogger [restartedMain] Started FindmytutorApplication in 0.654 seconds (JVM running for 123.697)
2022-08-24 22:33:46,765 INFO org.springframework.boot.StartupInfoLogger [restartedMain] Starting FindmytutorApplication using Java 11.0.14 on LAPTOP-LLQN4QTH with PID 1884 (C:\Users\kyesu\Desktop\Visual Studio WorkSpace\findmytutor\target\classes started by kyesu in C:\Users\kyesu\Desktop\Visual Studio WorkSpace\findmytutor)
2022-08-24 22:33:46,767 DEBUG org.springframework.boot.StartupInfoLogger [restartedMain] Running with Spring Boot v2.7.2, Spring v5.3.22
2022-08-24 22:33:46,768 INFO org.springframework.boot.SpringApplication [restartedMain] The following 1 profile is active: "dev"
2022-08-24 22:33:50,984 INFO org.springframework.boot.StartupInfoLogger [restartedMain] Started FindmytutorApplication in 5.044 seconds (JVM running for 5.445)
2022-08-24 23:47:16,154 INFO org.springframework.boot.StartupInfoLogger [restartedMain] Starting FindmytutorApplication using Java 11.0.14 on LAPTOP-LLQN4QTH with PID 15668 (C:\Users\kyesu\Desktop\Visual Studio WorkSpace\findmytutor\target\classes started by kyesu in C:\Users\kyesu\Desktop\Visual Studio WorkSpace\findmytutor)
2022-08-24 23:47:16,157 DEBUG org.springframework.boot.StartupInfoLogger [restartedMain] Running with Spring Boot v2.7.2, Spring v5.3.22
2022-08-24 23:47:16,158 INFO org.springframework.boot.SpringApplication [restartedMain] The following 1 profile is active: "dev"
2022-08-24 23:47:20,067 INFO org.springframework.boot.StartupInfoLogger [restartedMain] Started FindmytutorApplication in 4.718 seconds (JVM running for 5.104)
2022-08-24 23:50:05,887 INFO org.springframework.boot.StartupInfoLogger [restartedMain] Starting FindmytutorApplication using Java 11.0.14 on LAPTOP-LLQN4QTH with PID 15668 (C:\Users\kyesu\Desktop\Visual Studio WorkSpace\findmytutor\target\classes started by kyesu in C:\Users\kyesu\Desktop\Visual Studio WorkSpace\findmytutor)
2022-08-24 23:50:05,889 DEBUG org.springframework.boot.StartupInfoLogger [restartedMain] Running with Spring Boot v2.7.2, Spring v5.3.22
2022-08-24 23:50:05,889 INFO org.springframework.boot.SpringApplication [restartedMain] The following 1 profile is active: "dev"
2022-08-24 23:50:06,660 INFO org.springframework.boot.StartupInfoLogger [restartedMain] Started FindmytutorApplication in 0.822 seconds (JVM running for 171.698)
2022-08-24 23:50:32,281 INFO org.springframework.boot.StartupInfoLogger [restartedMain] Starting FindmytutorApplication using Java 11.0.14 on LAPTOP-LLQN4QTH with PID 6268 (C:\Users\kyesu\Desktop\Visual Studio WorkSpace\findmytutor\target\classes started by kyesu in C:\Users\kyesu\Desktop\Visual Studio WorkSpace\findmytutor)
2022-08-24 23:50:32,283 DEBUG org.springframework.boot.StartupInfoLogger [restartedMain] Running with Spring Boot v2.7.2, Spring v5.3.22
2022-08-24 23:50:32,283 INFO org.springframework.boot.SpringApplication [restartedMain] The following 1 profile is active: "dev"
2022-08-24 23:50:38,039 INFO org.springframework.boot.StartupInfoLogger [restartedMain] Started FindmytutorApplication in 6.626 seconds (JVM running for 7.178)
2022-08-24 23:55:44,888 INFO org.springframework.boot.StartupInfoLogger [restartedMain] Starting FindmytutorApplication using Java 11.0.14 on LAPTOP-LLQN4QTH with PID 3600 (C:\Users\kyesu\Desktop\Visual Studio WorkSpace\findmytutor\target\classes started by kyesu in C:\Users\kyesu\Desktop\Visual Studio WorkSpace\findmytutor)
2022-08-24 23:55:44,890 DEBUG org.springframework.boot.StartupInfoLogger [restartedMain] Running with Spring Boot v2.7.2, Spring v5.3.22
2022-08-24 23:55:44,890 INFO org.springframework.boot.SpringApplication [restartedMain] The following 1 profile is active: "dev"
2022-08-24 23:55:49,606 INFO org.springframework.boot.StartupInfoLogger [restartedMain] Started FindmytutorApplication in 5.597 seconds (JVM running for 6.173)
2022-08-24 23:56:02,848 INFO org.springframework.boot.StartupInfoLogger [restartedMain] Starting FindmytutorApplication using Java 11.0.14 on LAPTOP-LLQN4QTH with PID 7468 (C:\Users\kyesu\Desktop\Visual Studio WorkSpace\findmytutor\target\classes started by kyesu in C:\Users\kyesu\Desktop\Visual Studio WorkSpace\findmytutor)
2022-08-24 23:56:02,852 DEBUG org.springframework.boot.StartupInfoLogger [restartedMain] Running with Spring Boot v2.7.2, Spring v5.3.22
2022-08-24 23:56:02,859 INFO org.springframework.boot.SpringApplication [restartedMain] The following 1 profile is active: "dev"
2022-08-24 23:56:07,786 INFO org.springframework.boot.StartupInfoLogger [restartedMain] Started FindmytutorApplication in 5.751 seconds (JVM running for 6.149)
2022-08-24 23:57:40,989 INFO org.springframework.boot.StartupInfoLogger [restartedMain] Starting FindmytutorApplication using Java 11.0.14 on LAPTOP-LLQN4QTH with PID 7468 (C:\Users\kyesu\Desktop\Visual Studio WorkSpace\findmytutor\target\classes started by kyesu in C:\Users\kyesu\Desktop\Visual Studio WorkSpace\findmytutor)
2022-08-24 23:57:40,990 DEBUG org.springframework.boot.StartupInfoLogger [restartedMain] Running with Spring Boot v2.7.2, Spring v5.3.22
2022-08-24 23:57:40,992 INFO org.springframework.boot.SpringApplication [restartedMain] The following 1 profile is active: "dev"
2022-08-24 23:57:41,858 INFO org.springframework.boot.StartupInfoLogger [restartedMain] Started FindmytutorApplication in 0.939 seconds (JVM running for 100.221)
