2022-08-20 03:42:44,045 INFO org.springframework.boot.StartupInfoLogger [restartedMain] Starting FindmytutorApplication using Java 11.0.14 on LAPTOP-LLQN4QTH with PID 13412 (C:\Users\kyesu\Desktop\Visual Studio WorkSpace\findmytutor\target\classes started by kyesu in C:\Users\kyesu\Desktop\Visual Studio WorkSpace\findmytutor)
2022-08-20 03:42:44,049 DEBUG org.springframework.boot.StartupInfoLogger [restartedMain] Running with Spring Boot v2.7.2, Spring v5.3.22
2022-08-20 03:42:44,050 INFO org.springframework.boot.SpringApplication [restartedMain] The following 1 profile is active: "dev"
2022-08-20 03:42:51,270 INFO org.springframework.boot.StartupInfoLogger [restartedMain] Started FindmytutorApplication in 8.032 seconds (JVM running for 9.091)
2022-08-20 03:46:33,072 INFO org.springframework.boot.StartupInfoLogger [restartedMain] Starting FindmytutorApplication using Java 11.0.14 on LAPTOP-LLQN4QTH with PID 2740 (C:\Users\kyesu\Desktop\Visual Studio WorkSpace\findmytutor\target\classes started by kyesu in C:\Users\kyesu\Desktop\Visual Studio WorkSpace\findmytutor)
2022-08-20 03:46:33,074 DEBUG org.springframework.boot.StartupInfoLogger [restartedMain] Running with Spring Boot v2.7.2, Spring v5.3.22
2022-08-20 03:46:33,078 INFO org.springframework.boot.SpringApplication [restartedMain] The following 1 profile is active: "dev"
2022-08-20 03:46:39,454 INFO org.springframework.boot.StartupInfoLogger [restartedMain] Started FindmytutorApplication in 7.272 seconds (JVM running for 8.124)
2022-08-20 03:49:37,273 INFO org.springframework.boot.StartupInfoLogger [restartedMain] Starting FindmytutorApplication using Java 11.0.14 on LAPTOP-LLQN4QTH with PID 16144 (C:\Users\kyesu\Desktop\Visual Studio WorkSpace\findmytutor\target\classes started by kyesu in C:\Users\kyesu\Desktop\Visual Studio WorkSpace\findmytutor)
2022-08-20 03:49:37,275 DEBUG org.springframework.boot.StartupInfoLogger [restartedMain] Running with Spring Boot v2.7.2, Spring v5.3.22
2022-08-20 03:49:37,275 INFO org.springframework.boot.SpringApplication [restartedMain] The following 1 profile is active: "dev"
2022-08-20 03:49:43,730 INFO org.springframework.boot.StartupInfoLogger [restartedMain] Started FindmytutorApplication in 7.333 seconds (JVM running for 7.75)
2022-08-20 03:52:26,706 INFO org.springframework.boot.StartupInfoLogger [restartedMain] Starting FindmytutorApplication using Java 11.0.14 on LAPTOP-LLQN4QTH with PID 12336 (C:\Users\kyesu\Desktop\Visual Studio WorkSpace\findmytutor\target\classes started by kyesu in C:\Users\kyesu\Desktop\Visual Studio WorkSpace\findmytutor)
2022-08-20 03:52:26,708 DEBUG org.springframework.boot.StartupInfoLogger [restartedMain] Running with Spring Boot v2.7.2, Spring v5.3.22
2022-08-20 03:52:26,709 INFO org.springframework.boot.SpringApplication [restartedMain] The following 1 profile is active: "dev"
2022-08-20 03:52:32,467 INFO org.springframework.boot.StartupInfoLogger [restartedMain] Started FindmytutorApplication in 6.569 seconds (JVM running for 6.983)
2022-08-20 04:01:53,939 INFO org.springframework.boot.StartupInfoLogger [restartedMain] Starting FindmytutorApplication using Java 11.0.14 on LAPTOP-LLQN4QTH with PID 15132 (C:\Users\kyesu\Desktop\Visual Studio WorkSpace\findmytutor\target\classes started by kyesu in C:\Users\kyesu\Desktop\Visual Studio WorkSpace\findmytutor)
2022-08-20 04:01:53,942 DEBUG org.springframework.boot.StartupInfoLogger [restartedMain] Running with Spring Boot v2.7.2, Spring v5.3.22
2022-08-20 04:01:53,943 INFO org.springframework.boot.SpringApplication [restartedMain] The following 1 profile is active: "dev"
2022-08-20 04:01:59,421 INFO org.springframework.boot.StartupInfoLogger [restartedMain] Started FindmytutorApplication in 6.261 seconds (JVM running for 6.666)
2022-08-20 04:09:14,611 INFO org.springframework.boot.StartupInfoLogger [restartedMain] Starting FindmytutorApplication using Java 11.0.14 on LAPTOP-LLQN4QTH with PID 15512 (C:\Users\kyesu\Desktop\Visual Studio WorkSpace\findmytutor\target\classes started by kyesu in C:\Users\kyesu\Desktop\Visual Studio WorkSpace\findmytutor)
2022-08-20 04:09:14,614 DEBUG org.springframework.boot.StartupInfoLogger [restartedMain] Running with Spring Boot v2.7.2, Spring v5.3.22
2022-08-20 04:09:14,614 INFO org.springframework.boot.SpringApplication [restartedMain] The following 1 profile is active: "dev"
2022-08-20 04:09:19,246 INFO org.springframework.boot.StartupInfoLogger [restartedMain] Started FindmytutorApplication in 5.399 seconds (JVM running for 5.813)
2022-08-20 04:11:35,649 INFO org.springframework.boot.StartupInfoLogger [restartedMain] Starting FindmytutorApplication using Java 11.0.14 on LAPTOP-LLQN4QTH with PID 3988 (C:\Users\kyesu\Desktop\Visual Studio WorkSpace\findmytutor\target\classes started by kyesu in C:\Users\kyesu\Desktop\Visual Studio WorkSpace\findmytutor)
2022-08-20 04:11:35,651 DEBUG org.springframework.boot.StartupInfoLogger [restartedMain] Running with Spring Boot v2.7.2, Spring v5.3.22
2022-08-20 04:11:35,652 INFO org.springframework.boot.SpringApplication [restartedMain] The following 1 profile is active: "dev"
2022-08-20 04:11:40,381 INFO org.springframework.boot.StartupInfoLogger [restartedMain] Started FindmytutorApplication in 5.517 seconds (JVM running for 5.917)
2022-08-20 04:15:22,811 INFO org.springframework.boot.StartupInfoLogger [restartedMain] Starting FindmytutorApplication using Java 11.0.14 on LAPTOP-LLQN4QTH with PID 7732 (C:\Users\kyesu\Desktop\Visual Studio WorkSpace\findmytutor\target\classes started by kyesu in C:\Users\kyesu\Desktop\Visual Studio WorkSpace\findmytutor)
2022-08-20 04:15:22,813 DEBUG org.springframework.boot.StartupInfoLogger [restartedMain] Running with Spring Boot v2.7.2, Spring v5.3.22
2022-08-20 04:15:22,814 INFO org.springframework.boot.SpringApplication [restartedMain] The following 1 profile is active: "dev"
2022-08-20 04:15:27,071 INFO org.springframework.boot.StartupInfoLogger [restartedMain] Started FindmytutorApplication in 5.083 seconds (JVM running for 5.518)
2022-08-20 04:18:36,133 INFO org.springframework.boot.StartupInfoLogger [restartedMain] Starting FindmytutorApplication using Java 11.0.14 on LAPTOP-LLQN4QTH with PID 7732 (C:\Users\kyesu\Desktop\Visual Studio WorkSpace\findmytutor\target\classes started by kyesu in C:\Users\kyesu\Desktop\Visual Studio WorkSpace\findmytutor)
2022-08-20 04:18:36,136 DEBUG org.springframework.boot.StartupInfoLogger [restartedMain] Running with Spring Boot v2.7.2, Spring v5.3.22
2022-08-20 04:18:36,136 INFO org.springframework.boot.SpringApplication [restartedMain] The following 1 profile is active: "dev"
2022-08-20 04:18:37,194 INFO org.springframework.boot.StartupInfoLogger [restartedMain] Started FindmytutorApplication in 1.143 seconds (JVM running for 195.63)
2022-08-20 04:18:42,126 INFO org.springframework.boot.StartupInfoLogger [restartedMain] Starting FindmytutorApplication using Java 11.0.14 on LAPTOP-LLQN4QTH with PID 7732 (C:\Users\kyesu\Desktop\Visual Studio WorkSpace\findmytutor\target\classes started by kyesu in C:\Users\kyesu\Desktop\Visual Studio WorkSpace\findmytutor)
2022-08-20 04:18:42,127 DEBUG org.springframework.boot.StartupInfoLogger [restartedMain] Running with Spring Boot v2.7.2, Spring v5.3.22
2022-08-20 04:18:42,127 INFO org.springframework.boot.SpringApplication [restartedMain] The following 1 profile is active: "dev"
2022-08-20 04:18:42,834 INFO org.springframework.boot.StartupInfoLogger [restartedMain] Started FindmytutorApplication in 0.741 seconds (JVM running for 201.27)
2022-08-20 04:20:17,917 INFO org.springframework.boot.StartupInfoLogger [restartedMain] Starting FindmytutorApplication using Java 11.0.14 on LAPTOP-LLQN4QTH with PID 7732 (C:\Users\kyesu\Desktop\Visual Studio WorkSpace\findmytutor\target\classes started by kyesu in C:\Users\kyesu\Desktop\Visual Studio WorkSpace\findmytutor)
2022-08-20 04:20:17,918 DEBUG org.springframework.boot.StartupInfoLogger [restartedMain] Running with Spring Boot v2.7.2, Spring v5.3.22
2022-08-20 04:20:17,919 INFO org.springframework.boot.SpringApplication [restartedMain] The following 1 profile is active: "dev"
2022-08-20 04:20:18,582 INFO org.springframework.boot.StartupInfoLogger [restartedMain] Started FindmytutorApplication in 0.696 seconds (JVM running for 297.018)
2022-08-20 04:20:47,035 INFO org.springframework.boot.StartupInfoLogger [restartedMain] Starting FindmytutorApplication using Java 11.0.14 on LAPTOP-LLQN4QTH with PID 7732 (C:\Users\kyesu\Desktop\Visual Studio WorkSpace\findmytutor\target\classes started by kyesu in C:\Users\kyesu\Desktop\Visual Studio WorkSpace\findmytutor)
2022-08-20 04:20:47,035 DEBUG org.springframework.boot.StartupInfoLogger [restartedMain] Running with Spring Boot v2.7.2, Spring v5.3.22
2022-08-20 04:20:47,035 INFO org.springframework.boot.SpringApplication [restartedMain] The following 1 profile is active: "dev"
2022-08-20 04:20:47,649 INFO org.springframework.boot.StartupInfoLogger [restartedMain] Started FindmytutorApplication in 0.648 seconds (JVM running for 326.085)
2022-08-20 04:20:56,619 INFO org.springframework.boot.StartupInfoLogger [restartedMain] Starting FindmytutorApplication using Java 11.0.14 on LAPTOP-LLQN4QTH with PID 7732 (C:\Users\kyesu\Desktop\Visual Studio WorkSpace\findmytutor\target\classes started by kyesu in C:\Users\kyesu\Desktop\Visual Studio WorkSpace\findmytutor)
2022-08-20 04:20:56,620 DEBUG org.springframework.boot.StartupInfoLogger [restartedMain] Running with Spring Boot v2.7.2, Spring v5.3.22
2022-08-20 04:20:56,620 INFO org.springframework.boot.SpringApplication [restartedMain] The following 1 profile is active: "dev"
2022-08-20 04:20:57,259 INFO org.springframework.boot.StartupInfoLogger [restartedMain] Started FindmytutorApplication in 0.675 seconds (JVM running for 335.696)
2022-08-20 04:22:54,837 INFO org.springframework.boot.StartupInfoLogger [restartedMain] Starting FindmytutorApplication using Java 11.0.14 on LAPTOP-LLQN4QTH with PID 7732 (C:\Users\kyesu\Desktop\Visual Studio WorkSpace\findmytutor\target\classes started by kyesu in C:\Users\kyesu\Desktop\Visual Studio WorkSpace\findmytutor)
2022-08-20 04:22:54,838 DEBUG org.springframework.boot.StartupInfoLogger [restartedMain] Running with Spring Boot v2.7.2, Spring v5.3.22
2022-08-20 04:22:54,838 INFO org.springframework.boot.SpringApplication [restartedMain] The following 1 profile is active: "dev"
2022-08-20 04:22:55,332 INFO org.springframework.boot.StartupInfoLogger [restartedMain] Started FindmytutorApplication in 0.52 seconds (JVM running for 453.768)
2022-08-20 04:25:08,246 INFO org.springframework.boot.StartupInfoLogger [restartedMain] Starting FindmytutorApplication using Java 11.0.14 on LAPTOP-LLQN4QTH with PID 7732 (C:\Users\kyesu\Desktop\Visual Studio WorkSpace\findmytutor\target\classes started by kyesu in C:\Users\kyesu\Desktop\Visual Studio WorkSpace\findmytutor)
2022-08-20 04:25:08,247 DEBUG org.springframework.boot.StartupInfoLogger [restartedMain] Running with Spring Boot v2.7.2, Spring v5.3.22
2022-08-20 04:25:08,247 INFO org.springframework.boot.SpringApplication [restartedMain] The following 1 profile is active: "dev"
2022-08-20 04:25:08,764 INFO org.springframework.boot.StartupInfoLogger [restartedMain] Started FindmytutorApplication in 0.544 seconds (JVM running for 587.2)
2022-08-20 04:26:27,507 INFO org.springframework.boot.StartupInfoLogger [restartedMain] Starting FindmytutorApplication using Java 11.0.14 on LAPTOP-LLQN4QTH with PID 7732 (C:\Users\kyesu\Desktop\Visual Studio WorkSpace\findmytutor\target\classes started by kyesu in C:\Users\kyesu\Desktop\Visual Studio WorkSpace\findmytutor)
2022-08-20 04:26:27,521 DEBUG org.springframework.boot.StartupInfoLogger [restartedMain] Running with Spring Boot v2.7.2, Spring v5.3.22
2022-08-20 04:26:27,521 INFO org.springframework.boot.SpringApplication [restartedMain] The following 1 profile is active: "dev"
2022-08-20 04:26:28,084 INFO org.springframework.boot.StartupInfoLogger [restartedMain] Started FindmytutorApplication in 0.615 seconds (JVM running for 666.52)
2022-08-20 04:27:26,244 INFO org.springframework.boot.StartupInfoLogger [restartedMain] Starting FindmytutorApplication using Java 11.0.14 on LAPTOP-LLQN4QTH with PID 7732 (C:\Users\kyesu\Desktop\Visual Studio WorkSpace\findmytutor\target\classes started by kyesu in C:\Users\kyesu\Desktop\Visual Studio WorkSpace\findmytutor)
2022-08-20 04:27:26,245 DEBUG org.springframework.boot.StartupInfoLogger [restartedMain] Running with Spring Boot v2.7.2, Spring v5.3.22
2022-08-20 04:27:26,246 INFO org.springframework.boot.SpringApplication [restartedMain] The following 1 profile is active: "dev"
2022-08-20 04:27:26,751 INFO org.springframework.boot.StartupInfoLogger [restartedMain] Started FindmytutorApplication in 0.532 seconds (JVM running for 725.187)
2022-08-20 04:28:12,601 INFO org.springframework.boot.StartupInfoLogger [restartedMain] Starting FindmytutorApplication using Java 11.0.14 on LAPTOP-LLQN4QTH with PID 4976 (C:\Users\kyesu\Desktop\Visual Studio WorkSpace\findmytutor\target\classes started by kyesu in C:\Users\kyesu\Desktop\Visual Studio WorkSpace\findmytutor)
2022-08-20 04:28:12,603 DEBUG org.springframework.boot.StartupInfoLogger [restartedMain] Running with Spring Boot v2.7.2, Spring v5.3.22
2022-08-20 04:28:12,603 INFO org.springframework.boot.SpringApplication [restartedMain] The following 1 profile is active: "dev"
2022-08-20 04:28:16,638 INFO org.springframework.boot.StartupInfoLogger [restartedMain] Started FindmytutorApplication in 4.836 seconds (JVM running for 5.255)
2022-08-20 04:29:10,617 INFO org.springframework.boot.StartupInfoLogger [restartedMain] Starting FindmytutorApplication using Java 11.0.14 on LAPTOP-LLQN4QTH with PID 4976 (C:\Users\kyesu\Desktop\Visual Studio WorkSpace\findmytutor\target\classes started by kyesu in C:\Users\kyesu\Desktop\Visual Studio WorkSpace\findmytutor)
2022-08-20 04:29:10,618 DEBUG org.springframework.boot.StartupInfoLogger [restartedMain] Running with Spring Boot v2.7.2, Spring v5.3.22
2022-08-20 04:29:10,619 INFO org.springframework.boot.SpringApplication [restartedMain] The following 1 profile is active: "dev"
2022-08-20 04:29:11,367 INFO org.springframework.boot.StartupInfoLogger [restartedMain] Started FindmytutorApplication in 0.798 seconds (JVM running for 59.984)
2022-08-20 04:30:34,158 INFO org.springframework.boot.StartupInfoLogger [restartedMain] Starting FindmytutorApplication using Java 11.0.14 on LAPTOP-LLQN4QTH with PID 9276 (C:\Users\kyesu\Desktop\Visual Studio WorkSpace\findmytutor\target\classes started by kyesu in C:\Users\kyesu\Desktop\Visual Studio WorkSpace\findmytutor)
2022-08-20 04:30:34,161 DEBUG org.springframework.boot.StartupInfoLogger [restartedMain] Running with Spring Boot v2.7.2, Spring v5.3.22
2022-08-20 04:30:34,162 INFO org.springframework.boot.SpringApplication [restartedMain] The following 1 profile is active: "dev"
2022-08-20 04:30:39,475 INFO org.springframework.boot.StartupInfoLogger [restartedMain] Started FindmytutorApplication in 6.197 seconds (JVM running for 6.788)
2022-08-20 04:44:44,469 INFO org.springframework.boot.StartupInfoLogger [restartedMain] Starting FindmytutorApplication using Java 11.0.14 on LAPTOP-LLQN4QTH with PID 2744 (C:\Users\kyesu\Desktop\Visual Studio WorkSpace\findmytutor\target\classes started by kyesu in C:\Users\kyesu\Desktop\Visual Studio WorkSpace\findmytutor)
2022-08-20 04:44:44,471 DEBUG org.springframework.boot.StartupInfoLogger [restartedMain] Running with Spring Boot v2.7.2, Spring v5.3.22
2022-08-20 04:44:44,472 INFO org.springframework.boot.SpringApplication [restartedMain] The following 1 profile is active: "dev"
2022-08-20 04:44:49,894 INFO org.springframework.boot.StartupInfoLogger [restartedMain] Started FindmytutorApplication in 6.192 seconds (JVM running for 6.589)
2022-08-20 04:52:16,171 INFO org.springframework.boot.StartupInfoLogger [restartedMain] Starting FindmytutorApplication using Java 11.0.14 on LAPTOP-LLQN4QTH with PID 2744 (C:\Users\kyesu\Desktop\Visual Studio WorkSpace\findmytutor\target\classes started by kyesu in C:\Users\kyesu\Desktop\Visual Studio WorkSpace\findmytutor)
2022-08-20 04:52:16,172 DEBUG org.springframework.boot.StartupInfoLogger [restartedMain] Running with Spring Boot v2.7.2, Spring v5.3.22
2022-08-20 04:52:16,172 INFO org.springframework.boot.SpringApplication [restartedMain] The following 1 profile is active: "dev"
2022-08-20 04:52:16,955 INFO org.springframework.boot.StartupInfoLogger [restartedMain] Started FindmytutorApplication in 0.835 seconds (JVM running for 453.648)
2022-08-20 04:52:22,859 INFO org.springframework.boot.StartupInfoLogger [restartedMain] Starting FindmytutorApplication using Java 11.0.14 on LAPTOP-LLQN4QTH with PID 2744 (C:\Users\kyesu\Desktop\Visual Studio WorkSpace\findmytutor\target\classes started by kyesu in C:\Users\kyesu\Desktop\Visual Studio WorkSpace\findmytutor)
2022-08-20 04:52:22,860 DEBUG org.springframework.boot.StartupInfoLogger [restartedMain] Running with Spring Boot v2.7.2, Spring v5.3.22
2022-08-20 04:52:22,860 INFO org.springframework.boot.SpringApplication [restartedMain] The following 1 profile is active: "dev"
2022-08-20 04:52:23,491 INFO org.springframework.boot.StartupInfoLogger [restartedMain] Started FindmytutorApplication in 0.66 seconds (JVM running for 460.185)
2022-08-20 04:53:38,067 INFO org.springframework.boot.StartupInfoLogger [restartedMain] Starting FindmytutorApplication using Java 11.0.14 on LAPTOP-LLQN4QTH with PID 2744 (C:\Users\kyesu\Desktop\Visual Studio WorkSpace\findmytutor\target\classes started by kyesu in C:\Users\kyesu\Desktop\Visual Studio WorkSpace\findmytutor)
2022-08-20 04:53:38,068 DEBUG org.springframework.boot.StartupInfoLogger [restartedMain] Running with Spring Boot v2.7.2, Spring v5.3.22
2022-08-20 04:53:38,068 INFO org.springframework.boot.SpringApplication [restartedMain] The following 1 profile is active: "dev"
2022-08-20 04:53:38,652 INFO org.springframework.boot.StartupInfoLogger [restartedMain] Started FindmytutorApplication in 0.617 seconds (JVM running for 535.346)
2022-08-20 04:57:32,804 INFO org.springframework.boot.StartupInfoLogger [restartedMain] Starting FindmytutorApplication using Java 11.0.14 on LAPTOP-LLQN4QTH with PID 14016 (C:\Users\kyesu\Desktop\Visual Studio WorkSpace\findmytutor\target\classes started by kyesu in C:\Users\kyesu\Desktop\Visual Studio WorkSpace\findmytutor)
2022-08-20 04:57:32,808 DEBUG org.springframework.boot.StartupInfoLogger [restartedMain] Running with Spring Boot v2.7.2, Spring v5.3.22
2022-08-20 04:57:32,809 INFO org.springframework.boot.SpringApplication [restartedMain] The following 1 profile is active: "dev"
2022-08-20 04:57:38,281 INFO org.springframework.boot.StartupInfoLogger [restartedMain] Started FindmytutorApplication in 6.304 seconds (JVM running for 6.844)
2022-08-20 05:00:30,174 INFO org.springframework.boot.StartupInfoLogger [restartedMain] Starting FindmytutorApplication using Java 11.0.14 on LAPTOP-LLQN4QTH with PID 10848 (C:\Users\kyesu\Desktop\Visual Studio WorkSpace\findmytutor\target\classes started by kyesu in C:\Users\kyesu\Desktop\Visual Studio WorkSpace\findmytutor)
2022-08-20 05:00:30,177 DEBUG org.springframework.boot.StartupInfoLogger [restartedMain] Running with Spring Boot v2.7.2, Spring v5.3.22
2022-08-20 05:00:30,177 INFO org.springframework.boot.SpringApplication [restartedMain] The following 1 profile is active: "dev"
2022-08-20 05:00:35,426 INFO org.springframework.boot.StartupInfoLogger [restartedMain] Started FindmytutorApplication in 6.078 seconds (JVM running for 6.621)
2022-08-20 05:05:15,060 INFO org.springframework.boot.StartupInfoLogger [restartedMain] Starting FindmytutorApplication using Java 11.0.14 on LAPTOP-LLQN4QTH with PID 2556 (C:\Users\kyesu\Desktop\Visual Studio WorkSpace\findmytutor\target\classes started by kyesu in C:\Users\kyesu\Desktop\Visual Studio WorkSpace\findmytutor)
2022-08-20 05:05:15,062 DEBUG org.springframework.boot.StartupInfoLogger [restartedMain] Running with Spring Boot v2.7.2, Spring v5.3.22
2022-08-20 05:05:15,063 INFO org.springframework.boot.SpringApplication [restartedMain] The following 1 profile is active: "dev"
2022-08-20 05:05:20,809 INFO org.springframework.boot.StartupInfoLogger [restartedMain] Started FindmytutorApplication in 6.692 seconds (JVM running for 7.213)
2022-08-20 05:11:37,949 INFO org.springframework.boot.StartupInfoLogger [restartedMain] Starting FindmytutorApplication using Java 11.0.14 on LAPTOP-LLQN4QTH with PID 2348 (C:\Users\kyesu\Desktop\Visual Studio WorkSpace\findmytutor\target\classes started by kyesu in C:\Users\kyesu\Desktop\Visual Studio WorkSpace\findmytutor)
2022-08-20 05:11:37,950 DEBUG org.springframework.boot.StartupInfoLogger [restartedMain] Running with Spring Boot v2.7.2, Spring v5.3.22
2022-08-20 05:11:37,951 INFO org.springframework.boot.SpringApplication [restartedMain] The following 1 profile is active: "dev"
2022-08-20 05:11:42,374 INFO org.springframework.boot.StartupInfoLogger [restartedMain] Started FindmytutorApplication in 5.215 seconds (JVM running for 5.626)
2022-08-20 05:12:33,303 INFO org.springframework.boot.StartupInfoLogger [restartedMain] Starting FindmytutorApplication using Java 11.0.14 on LAPTOP-LLQN4QTH with PID 2348 (C:\Users\kyesu\Desktop\Visual Studio WorkSpace\findmytutor\target\classes started by kyesu in C:\Users\kyesu\Desktop\Visual Studio WorkSpace\findmytutor)
2022-08-20 05:12:33,304 DEBUG org.springframework.boot.StartupInfoLogger [restartedMain] Running with Spring Boot v2.7.2, Spring v5.3.22
2022-08-20 05:12:33,305 INFO org.springframework.boot.SpringApplication [restartedMain] The following 1 profile is active: "dev"
2022-08-20 05:12:33,973 INFO org.springframework.boot.StartupInfoLogger [restartedMain] Started FindmytutorApplication in 0.714 seconds (JVM running for 57.226)
2022-08-20 05:13:00,439 INFO org.springframework.boot.StartupInfoLogger [restartedMain] Starting FindmytutorApplication using Java 11.0.14 on LAPTOP-LLQN4QTH with PID 2348 (C:\Users\kyesu\Desktop\Visual Studio WorkSpace\findmytutor\target\classes started by kyesu in C:\Users\kyesu\Desktop\Visual Studio WorkSpace\findmytutor)
2022-08-20 05:13:00,439 DEBUG org.springframework.boot.StartupInfoLogger [restartedMain] Running with Spring Boot v2.7.2, Spring v5.3.22
2022-08-20 05:13:00,440 INFO org.springframework.boot.SpringApplication [restartedMain] The following 1 profile is active: "dev"
2022-08-20 05:13:01,186 INFO org.springframework.boot.StartupInfoLogger [restartedMain] Started FindmytutorApplication in 0.798 seconds (JVM running for 84.438)
2022-08-20 05:13:04,043 INFO org.springframework.boot.StartupInfoLogger [restartedMain] Starting FindmytutorApplication using Java 11.0.14 on LAPTOP-LLQN4QTH with PID 2348 (C:\Users\kyesu\Desktop\Visual Studio WorkSpace\findmytutor\target\classes started by kyesu in C:\Users\kyesu\Desktop\Visual Studio WorkSpace\findmytutor)
2022-08-20 05:13:04,044 DEBUG org.springframework.boot.StartupInfoLogger [restartedMain] Running with Spring Boot v2.7.2, Spring v5.3.22
2022-08-20 05:13:04,045 INFO org.springframework.boot.SpringApplication [restartedMain] The following 1 profile is active: "dev"
2022-08-20 05:13:04,666 INFO org.springframework.boot.StartupInfoLogger [restartedMain] Started FindmytutorApplication in 0.666 seconds (JVM running for 87.919)
2022-08-20 05:13:34,695 INFO org.springframework.boot.StartupInfoLogger [restartedMain] Starting FindmytutorApplication using Java 11.0.14 on LAPTOP-LLQN4QTH with PID 15484 (C:\Users\kyesu\Desktop\Visual Studio WorkSpace\findmytutor\target\classes started by kyesu in C:\Users\kyesu\Desktop\Visual Studio WorkSpace\findmytutor)
2022-08-20 05:13:34,697 DEBUG org.springframework.boot.StartupInfoLogger [restartedMain] Running with Spring Boot v2.7.2, Spring v5.3.22
2022-08-20 05:13:34,698 INFO org.springframework.boot.SpringApplication [restartedMain] The following 1 profile is active: "dev"
2022-08-20 05:13:39,960 INFO org.springframework.boot.StartupInfoLogger [restartedMain] Started FindmytutorApplication in 6.047 seconds (JVM running for 6.457)
2022-08-20 05:16:29,867 INFO org.springframework.boot.StartupInfoLogger [restartedMain] Starting FindmytutorApplication using Java 11.0.14 on LAPTOP-LLQN4QTH with PID 15484 (C:\Users\kyesu\Desktop\Visual Studio WorkSpace\findmytutor\target\classes started by kyesu in C:\Users\kyesu\Desktop\Visual Studio WorkSpace\findmytutor)
2022-08-20 05:16:29,868 DEBUG org.springframework.boot.StartupInfoLogger [restartedMain] Running with Spring Boot v2.7.2, Spring v5.3.22
2022-08-20 05:16:29,868 INFO org.springframework.boot.SpringApplication [restartedMain] The following 1 profile is active: "dev"
2022-08-20 05:16:30,569 INFO org.springframework.boot.StartupInfoLogger [restartedMain] Started FindmytutorApplication in 0.746 seconds (JVM running for 177.067)
2022-08-20 05:18:44,592 INFO org.springframework.boot.StartupInfoLogger [restartedMain] Starting FindmytutorApplication using Java 11.0.14 on LAPTOP-LLQN4QTH with PID 15484 (C:\Users\kyesu\Desktop\Visual Studio WorkSpace\findmytutor\target\classes started by kyesu in C:\Users\kyesu\Desktop\Visual Studio WorkSpace\findmytutor)
2022-08-20 05:18:44,593 DEBUG org.springframework.boot.StartupInfoLogger [restartedMain] Running with Spring Boot v2.7.2, Spring v5.3.22
2022-08-20 05:18:44,593 INFO org.springframework.boot.SpringApplication [restartedMain] The following 1 profile is active: "dev"
2022-08-20 05:18:45,182 INFO org.springframework.boot.StartupInfoLogger [restartedMain] Started FindmytutorApplication in 0.626 seconds (JVM running for 311.68)
2022-08-20 05:26:05,631 INFO org.springframework.boot.StartupInfoLogger [restartedMain] Starting FindmytutorApplication using Java 11.0.14 on LAPTOP-LLQN4QTH with PID 15484 (C:\Users\kyesu\Desktop\Visual Studio WorkSpace\findmytutor\target\classes started by kyesu in C:\Users\kyesu\Desktop\Visual Studio WorkSpace\findmytutor)
2022-08-20 05:26:05,632 DEBUG org.springframework.boot.StartupInfoLogger [restartedMain] Running with Spring Boot v2.7.2, Spring v5.3.22
2022-08-20 05:26:05,632 INFO org.springframework.boot.SpringApplication [restartedMain] The following 1 profile is active: "dev"
2022-08-20 05:26:06,210 INFO org.springframework.boot.StartupInfoLogger [restartedMain] Started FindmytutorApplication in 0.634 seconds (JVM running for 752.708)
2022-08-20 05:54:42,216 INFO org.springframework.boot.StartupInfoLogger [restartedMain] Starting FindmytutorApplication using Java 11.0.14 on LAPTOP-LLQN4QTH with PID 15484 (C:\Users\kyesu\Desktop\Visual Studio WorkSpace\findmytutor\target\classes started by kyesu in C:\Users\kyesu\Desktop\Visual Studio WorkSpace\findmytutor)
2022-08-20 05:54:42,217 DEBUG org.springframework.boot.StartupInfoLogger [restartedMain] Running with Spring Boot v2.7.2, Spring v5.3.22
2022-08-20 05:54:42,217 INFO org.springframework.boot.SpringApplication [restartedMain] The following 1 profile is active: "dev"
2022-08-20 05:54:42,716 INFO org.springframework.boot.StartupInfoLogger [restartedMain] Started FindmytutorApplication in 0.528 seconds (JVM running for 2469.112)
2022-08-20 05:55:59,459 INFO org.springframework.boot.StartupInfoLogger [restartedMain] Starting FindmytutorApplication using Java 11.0.14 on LAPTOP-LLQN4QTH with PID 15484 (C:\Users\kyesu\Desktop\Visual Studio WorkSpace\findmytutor\target\classes started by kyesu in C:\Users\kyesu\Desktop\Visual Studio WorkSpace\findmytutor)
2022-08-20 05:55:59,460 DEBUG org.springframework.boot.StartupInfoLogger [restartedMain] Running with Spring Boot v2.7.2, Spring v5.3.22
2022-08-20 05:55:59,460 INFO org.springframework.boot.SpringApplication [restartedMain] The following 1 profile is active: "dev"
2022-08-20 05:55:59,941 INFO org.springframework.boot.StartupInfoLogger [restartedMain] Started FindmytutorApplication in 0.508 seconds (JVM running for 2546.337)
2022-08-20 05:57:49,382 INFO org.springframework.boot.StartupInfoLogger [restartedMain] Starting FindmytutorApplication using Java 11.0.14 on LAPTOP-LLQN4QTH with PID 15484 (C:\Users\kyesu\Desktop\Visual Studio WorkSpace\findmytutor\target\classes started by kyesu in C:\Users\kyesu\Desktop\Visual Studio WorkSpace\findmytutor)
2022-08-20 05:57:49,382 DEBUG org.springframework.boot.StartupInfoLogger [restartedMain] Running with Spring Boot v2.7.2, Spring v5.3.22
2022-08-20 05:57:49,383 INFO org.springframework.boot.SpringApplication [restartedMain] The following 1 profile is active: "dev"
2022-08-20 05:58:12,020 INFO org.springframework.boot.StartupInfoLogger [restartedMain] Starting FindmytutorApplication using Java 11.0.14 on LAPTOP-LLQN4QTH with PID 15484 (C:\Users\kyesu\Desktop\Visual Studio WorkSpace\findmytutor\target\classes started by kyesu in C:\Users\kyesu\Desktop\Visual Studio WorkSpace\findmytutor)
2022-08-20 05:58:12,021 DEBUG org.springframework.boot.StartupInfoLogger [restartedMain] Running with Spring Boot v2.7.2, Spring v5.3.22
2022-08-20 05:58:12,022 INFO org.springframework.boot.SpringApplication [restartedMain] The following 1 profile is active: "dev"
2022-08-20 05:58:12,512 INFO org.springframework.boot.StartupInfoLogger [restartedMain] Started FindmytutorApplication in 0.518 seconds (JVM running for 2678.908)
2022-08-20 05:59:54,637 INFO org.springframework.boot.StartupInfoLogger [restartedMain] Starting FindmytutorApplication using Java 11.0.14 on LAPTOP-LLQN4QTH with PID 15484 (C:\Users\kyesu\Desktop\Visual Studio WorkSpace\findmytutor\target\classes started by kyesu in C:\Users\kyesu\Desktop\Visual Studio WorkSpace\findmytutor)
2022-08-20 05:59:54,638 DEBUG org.springframework.boot.StartupInfoLogger [restartedMain] Running with Spring Boot v2.7.2, Spring v5.3.22
2022-08-20 05:59:54,638 INFO org.springframework.boot.SpringApplication [restartedMain] The following 1 profile is active: "dev"
2022-08-20 05:59:55,104 INFO org.springframework.boot.StartupInfoLogger [restartedMain] Started FindmytutorApplication in 0.489 seconds (JVM running for 2781.499)
2022-08-20 06:00:39,286 INFO org.springframework.boot.StartupInfoLogger [restartedMain] Starting FindmytutorApplication using Java 11.0.14 on LAPTOP-LLQN4QTH with PID 15160 (C:\Users\kyesu\Desktop\Visual Studio WorkSpace\findmytutor\target\classes started by kyesu in C:\Users\kyesu\Desktop\Visual Studio WorkSpace\findmytutor)
2022-08-20 06:00:39,289 DEBUG org.springframework.boot.StartupInfoLogger [restartedMain] Running with Spring Boot v2.7.2, Spring v5.3.22
2022-08-20 06:00:39,301 INFO org.springframework.boot.SpringApplication [restartedMain] The following 1 profile is active: "dev"
2022-08-20 06:00:44,380 INFO org.springframework.boot.StartupInfoLogger [restartedMain] Started FindmytutorApplication in 5.902 seconds (JVM running for 6.42)
2022-08-20 06:08:32,893 INFO org.springframework.boot.StartupInfoLogger [restartedMain] Starting FindmytutorApplication using Java 11.0.14 on LAPTOP-LLQN4QTH with PID 2416 (C:\Users\kyesu\Desktop\Visual Studio WorkSpace\findmytutor\target\classes started by kyesu in C:\Users\kyesu\Desktop\Visual Studio WorkSpace\findmytutor)
2022-08-20 06:08:32,895 DEBUG org.springframework.boot.StartupInfoLogger [restartedMain] Running with Spring Boot v2.7.2, Spring v5.3.22
2022-08-20 06:08:32,897 INFO org.springframework.boot.SpringApplication [restartedMain] The following 1 profile is active: "dev"
2022-08-20 06:08:37,412 INFO org.springframework.boot.StartupInfoLogger [restartedMain] Started FindmytutorApplication in 5.379 seconds (JVM running for 5.935)
2022-08-20 06:10:44,074 INFO org.springframework.boot.StartupInfoLogger [restartedMain] Starting FindmytutorApplication using Java 11.0.14 on LAPTOP-LLQN4QTH with PID 2272 (C:\Users\kyesu\Desktop\Visual Studio WorkSpace\findmytutor\target\classes started by kyesu in C:\Users\kyesu\Desktop\Visual Studio WorkSpace\findmytutor)
2022-08-20 06:10:44,076 DEBUG org.springframework.boot.StartupInfoLogger [restartedMain] Running with Spring Boot v2.7.2, Spring v5.3.22
2022-08-20 06:10:44,077 INFO org.springframework.boot.SpringApplication [restartedMain] The following 1 profile is active: "dev"
2022-08-20 06:10:48,201 INFO org.springframework.boot.StartupInfoLogger [restartedMain] Started FindmytutorApplication in 4.903 seconds (JVM running for 5.305)
2022-08-20 06:11:16,629 INFO org.springframework.boot.StartupInfoLogger [restartedMain] Starting FindmytutorApplication using Java 11.0.14 on LAPTOP-LLQN4QTH with PID 3692 (C:\Users\kyesu\Desktop\Visual Studio WorkSpace\findmytutor\target\classes started by kyesu in C:\Users\kyesu\Desktop\Visual Studio WorkSpace\findmytutor)
2022-08-20 06:11:16,631 DEBUG org.springframework.boot.StartupInfoLogger [restartedMain] Running with Spring Boot v2.7.2, Spring v5.3.22
2022-08-20 06:11:16,632 INFO org.springframework.boot.SpringApplication [restartedMain] The following 1 profile is active: "dev"
2022-08-20 06:11:22,159 INFO org.springframework.boot.StartupInfoLogger [restartedMain] Started FindmytutorApplication in 6.345 seconds (JVM running for 6.889)
2022-08-20 06:14:30,173 INFO org.springframework.boot.StartupInfoLogger [restartedMain] Starting FindmytutorApplication using Java 11.0.14 on LAPTOP-LLQN4QTH with PID 10272 (C:\Users\kyesu\Desktop\Visual Studio WorkSpace\findmytutor\target\classes started by kyesu in C:\Users\kyesu\Desktop\Visual Studio WorkSpace\findmytutor)
2022-08-20 06:14:30,176 DEBUG org.springframework.boot.StartupInfoLogger [restartedMain] Running with Spring Boot v2.7.2, Spring v5.3.22
2022-08-20 06:14:30,177 INFO org.springframework.boot.SpringApplication [restartedMain] The following 1 profile is active: "dev"
2022-08-20 06:14:35,122 INFO org.springframework.boot.StartupInfoLogger [restartedMain] Started FindmytutorApplication in 5.71 seconds (JVM running for 6.111)
2022-08-20 06:17:36,250 INFO org.springframework.boot.StartupInfoLogger [restartedMain] Starting FindmytutorApplication using Java 11.0.14 on LAPTOP-LLQN4QTH with PID 10272 (C:\Users\kyesu\Desktop\Visual Studio WorkSpace\findmytutor\target\classes started by kyesu in C:\Users\kyesu\Desktop\Visual Studio WorkSpace\findmytutor)
2022-08-20 06:17:36,251 DEBUG org.springframework.boot.StartupInfoLogger [restartedMain] Running with Spring Boot v2.7.2, Spring v5.3.22
2022-08-20 06:17:36,254 INFO org.springframework.boot.SpringApplication [restartedMain] The following 1 profile is active: "dev"
2022-08-20 06:17:37,010 INFO org.springframework.boot.StartupInfoLogger [restartedMain] Started FindmytutorApplication in 0.823 seconds (JVM running for 188.0)
2022-08-20 06:17:56,260 INFO org.springframework.boot.StartupInfoLogger [restartedMain] Starting FindmytutorApplication using Java 11.0.14 on LAPTOP-LLQN4QTH with PID 10272 (C:\Users\kyesu\Desktop\Visual Studio WorkSpace\findmytutor\target\classes started by kyesu in C:\Users\kyesu\Desktop\Visual Studio WorkSpace\findmytutor)
2022-08-20 06:17:56,262 DEBUG org.springframework.boot.StartupInfoLogger [restartedMain] Running with Spring Boot v2.7.2, Spring v5.3.22
2022-08-20 06:17:56,262 INFO org.springframework.boot.SpringApplication [restartedMain] The following 1 profile is active: "dev"
2022-08-20 06:17:56,870 INFO org.springframework.boot.StartupInfoLogger [restartedMain] Started FindmytutorApplication in 0.646 seconds (JVM running for 207.86)
2022-08-20 06:18:10,985 INFO org.springframework.boot.StartupInfoLogger [restartedMain] Starting FindmytutorApplication using Java 11.0.14 on LAPTOP-LLQN4QTH with PID 10272 (C:\Users\kyesu\Desktop\Visual Studio WorkSpace\findmytutor\target\classes started by kyesu in C:\Users\kyesu\Desktop\Visual Studio WorkSpace\findmytutor)
2022-08-20 06:18:10,985 DEBUG org.springframework.boot.StartupInfoLogger [restartedMain] Running with Spring Boot v2.7.2, Spring v5.3.22
2022-08-20 06:18:10,986 INFO org.springframework.boot.SpringApplication [restartedMain] The following 1 profile is active: "dev"
2022-08-20 06:18:11,568 INFO org.springframework.boot.StartupInfoLogger [restartedMain] Started FindmytutorApplication in 0.617 seconds (JVM running for 222.557)
2022-08-20 06:21:35,418 INFO org.springframework.boot.StartupInfoLogger [restartedMain] Starting FindmytutorApplication using Java 11.0.14 on LAPTOP-LLQN4QTH with PID 10272 (C:\Users\kyesu\Desktop\Visual Studio WorkSpace\findmytutor\target\classes started by kyesu in C:\Users\kyesu\Desktop\Visual Studio WorkSpace\findmytutor)
2022-08-20 06:21:35,419 DEBUG org.springframework.boot.StartupInfoLogger [restartedMain] Running with Spring Boot v2.7.2, Spring v5.3.22
2022-08-20 06:21:35,419 INFO org.springframework.boot.SpringApplication [restartedMain] The following 1 profile is active: "dev"
2022-08-20 06:21:35,962 INFO org.springframework.boot.StartupInfoLogger [restartedMain] Started FindmytutorApplication in 0.582 seconds (JVM running for 426.952)
2022-08-20 06:46:20,756 INFO org.springframework.boot.StartupInfoLogger [restartedMain] Starting FindmytutorApplication using Java 11.0.14 on LAPTOP-LLQN4QTH with PID 10408 (C:\Users\kyesu\Desktop\Visual Studio WorkSpace\findmytutor\target\classes started by kyesu in C:\Users\kyesu\Desktop\Visual Studio WorkSpace\findmytutor)
2022-08-20 06:46:20,757 DEBUG org.springframework.boot.StartupInfoLogger [restartedMain] Running with Spring Boot v2.7.2, Spring v5.3.22
2022-08-20 06:46:20,773 INFO org.springframework.boot.SpringApplication [restartedMain] The following 1 profile is active: "dev"
2022-08-20 06:46:24,902 INFO org.springframework.boot.StartupInfoLogger [restartedMain] Started FindmytutorApplication in 4.949 seconds (JVM running for 5.351)
2022-08-20 07:58:38,130 INFO org.springframework.boot.StartupInfoLogger [restartedMain] Starting FindmytutorApplication using Java 11.0.14 on LAPTOP-LLQN4QTH with PID 10408 (C:\Users\kyesu\Desktop\Visual Studio WorkSpace\findmytutor\target\classes started by kyesu in C:\Users\kyesu\Desktop\Visual Studio WorkSpace\findmytutor)
2022-08-20 07:58:38,131 DEBUG org.springframework.boot.StartupInfoLogger [restartedMain] Running with Spring Boot v2.7.2, Spring v5.3.22
2022-08-20 07:58:38,132 INFO org.springframework.boot.SpringApplication [restartedMain] The following 1 profile is active: "dev"
2022-08-20 07:58:38,874 INFO org.springframework.boot.StartupInfoLogger [restartedMain] Started FindmytutorApplication in 0.79 seconds (JVM running for 4339.322)
2022-08-20 07:58:54,017 INFO org.springframework.boot.StartupInfoLogger [restartedMain] Starting FindmytutorApplication using Java 11.0.14 on LAPTOP-LLQN4QTH with PID 10408 (C:\Users\kyesu\Desktop\Visual Studio WorkSpace\findmytutor\target\classes started by kyesu in C:\Users\kyesu\Desktop\Visual Studio WorkSpace\findmytutor)
2022-08-20 07:58:54,018 DEBUG org.springframework.boot.StartupInfoLogger [restartedMain] Running with Spring Boot v2.7.2, Spring v5.3.22
2022-08-20 07:58:54,018 INFO org.springframework.boot.SpringApplication [restartedMain] The following 1 profile is active: "dev"
2022-08-20 07:58:54,594 INFO org.springframework.boot.StartupInfoLogger [restartedMain] Started FindmytutorApplication in 0.609 seconds (JVM running for 4355.042)
2022-08-20 07:59:51,802 INFO org.springframework.boot.StartupInfoLogger [restartedMain] Starting FindmytutorApplication using Java 11.0.14 on LAPTOP-LLQN4QTH with PID 10408 (C:\Users\kyesu\Desktop\Visual Studio WorkSpace\findmytutor\target\classes started by kyesu in C:\Users\kyesu\Desktop\Visual Studio WorkSpace\findmytutor)
2022-08-20 07:59:51,803 DEBUG org.springframework.boot.StartupInfoLogger [restartedMain] Running with Spring Boot v2.7.2, Spring v5.3.22
2022-08-20 07:59:51,804 INFO org.springframework.boot.SpringApplication [restartedMain] The following 1 profile is active: "dev"
2022-08-20 07:59:52,342 INFO org.springframework.boot.StartupInfoLogger [restartedMain] Started FindmytutorApplication in 0.572 seconds (JVM running for 4412.791)
2022-08-20 08:00:02,382 INFO org.springframework.boot.StartupInfoLogger [restartedMain] Starting FindmytutorApplication using Java 11.0.14 on LAPTOP-LLQN4QTH with PID 10408 (C:\Users\kyesu\Desktop\Visual Studio WorkSpace\findmytutor\target\classes started by kyesu in C:\Users\kyesu\Desktop\Visual Studio WorkSpace\findmytutor)
2022-08-20 08:00:02,383 DEBUG org.springframework.boot.StartupInfoLogger [restartedMain] Running with Spring Boot v2.7.2, Spring v5.3.22
2022-08-20 08:00:02,383 INFO org.springframework.boot.SpringApplication [restartedMain] The following 1 profile is active: "dev"
2022-08-20 08:00:02,907 INFO org.springframework.boot.StartupInfoLogger [restartedMain] Started FindmytutorApplication in 0.563 seconds (JVM running for 4423.355)
2022-08-20 08:07:04,353 INFO org.springframework.boot.StartupInfoLogger [restartedMain] Starting FindmytutorApplication using Java 11.0.14 on LAPTOP-LLQN4QTH with PID 4636 (C:\Users\kyesu\Desktop\Visual Studio WorkSpace\findmytutor\target\classes started by kyesu in C:\Users\kyesu\Desktop\Visual Studio WorkSpace\findmytutor)
2022-08-20 08:07:04,355 DEBUG org.springframework.boot.StartupInfoLogger [restartedMain] Running with Spring Boot v2.7.2, Spring v5.3.22
2022-08-20 08:07:04,356 INFO org.springframework.boot.SpringApplication [restartedMain] The following 1 profile is active: "dev"
2022-08-20 08:07:09,824 INFO org.springframework.boot.StartupInfoLogger [restartedMain] Started FindmytutorApplication in 6.257 seconds (JVM running for 6.656)
2022-08-20 08:12:23,606 INFO org.springframework.boot.StartupInfoLogger [restartedMain] Starting FindmytutorApplication using Java 11.0.14 on LAPTOP-LLQN4QTH with PID 3112 (C:\Users\kyesu\Desktop\Visual Studio WorkSpace\findmytutor\target\classes started by kyesu in C:\Users\kyesu\Desktop\Visual Studio WorkSpace\findmytutor)
2022-08-20 08:12:23,608 DEBUG org.springframework.boot.StartupInfoLogger [restartedMain] Running with Spring Boot v2.7.2, Spring v5.3.22
2022-08-20 08:12:23,609 INFO org.springframework.boot.SpringApplication [restartedMain] The following 1 profile is active: "dev"
2022-08-20 08:12:27,727 INFO org.springframework.boot.StartupInfoLogger [restartedMain] Started FindmytutorApplication in 4.942 seconds (JVM running for 5.329)
2022-08-20 08:14:51,989 INFO org.springframework.boot.StartupInfoLogger [restartedMain] Starting FindmytutorApplication using Java 11.0.14 on LAPTOP-LLQN4QTH with PID 15664 (C:\Users\kyesu\Desktop\Visual Studio WorkSpace\findmytutor\target\classes started by kyesu in C:\Users\kyesu\Desktop\Visual Studio WorkSpace\findmytutor)
2022-08-20 08:14:51,990 DEBUG org.springframework.boot.StartupInfoLogger [restartedMain] Running with Spring Boot v2.7.2, Spring v5.3.22
2022-08-20 08:14:51,992 INFO org.springframework.boot.SpringApplication [restartedMain] The following 1 profile is active: "dev"
2022-08-20 08:14:56,378 INFO org.springframework.boot.StartupInfoLogger [restartedMain] Started FindmytutorApplication in 5.187 seconds (JVM running for 5.628)
2022-08-20 08:17:01,183 INFO org.springframework.boot.StartupInfoLogger [restartedMain] Starting FindmytutorApplication using Java 11.0.14 on LAPTOP-LLQN4QTH with PID 5328 (C:\Users\kyesu\Desktop\Visual Studio WorkSpace\findmytutor\target\classes started by kyesu in C:\Users\kyesu\Desktop\Visual Studio WorkSpace\findmytutor)
2022-08-20 08:17:01,185 DEBUG org.springframework.boot.StartupInfoLogger [restartedMain] Running with Spring Boot v2.7.2, Spring v5.3.22
2022-08-20 08:17:01,186 INFO org.springframework.boot.SpringApplication [restartedMain] The following 1 profile is active: "dev"
2022-08-20 08:17:06,838 INFO org.springframework.boot.StartupInfoLogger [restartedMain] Started FindmytutorApplication in 6.487 seconds (JVM running for 6.877)
2022-08-20 08:42:46,366 INFO org.springframework.boot.StartupInfoLogger [restartedMain] Starting FindmytutorApplication using Java 11.0.14 on LAPTOP-LLQN4QTH with PID 12916 (C:\Users\kyesu\Desktop\Visual Studio WorkSpace\findmytutor\target\classes started by kyesu in C:\Users\kyesu\Desktop\Visual Studio WorkSpace\findmytutor)
2022-08-20 08:42:46,368 DEBUG org.springframework.boot.StartupInfoLogger [restartedMain] Running with Spring Boot v2.7.2, Spring v5.3.22
2022-08-20 08:42:46,369 INFO org.springframework.boot.SpringApplication [restartedMain] The following 1 profile is active: "dev"
2022-08-20 08:42:51,800 INFO org.springframework.boot.StartupInfoLogger [restartedMain] Started FindmytutorApplication in 6.223 seconds (JVM running for 6.625)
2022-08-20 08:44:26,740 INFO org.springframework.boot.StartupInfoLogger [restartedMain] Starting FindmytutorApplication using Java 11.0.14 on LAPTOP-LLQN4QTH with PID 14848 (C:\Users\kyesu\Desktop\Visual Studio WorkSpace\findmytutor\target\classes started by kyesu in C:\Users\kyesu\Desktop\Visual Studio WorkSpace\findmytutor)
2022-08-20 08:44:26,742 DEBUG org.springframework.boot.StartupInfoLogger [restartedMain] Running with Spring Boot v2.7.2, Spring v5.3.22
2022-08-20 08:44:26,743 INFO org.springframework.boot.SpringApplication [restartedMain] The following 1 profile is active: "dev"
2022-08-20 08:44:31,347 INFO org.springframework.boot.StartupInfoLogger [restartedMain] Started FindmytutorApplication in 5.41 seconds (JVM running for 5.803)
2022-08-20 08:47:20,702 INFO org.springframework.boot.StartupInfoLogger [restartedMain] Starting FindmytutorApplication using Java 11.0.14 on LAPTOP-LLQN4QTH with PID 1356 (C:\Users\kyesu\Desktop\Visual Studio WorkSpace\findmytutor\target\classes started by kyesu in C:\Users\kyesu\Desktop\Visual Studio WorkSpace\findmytutor)
2022-08-20 08:47:20,711 DEBUG org.springframework.boot.StartupInfoLogger [restartedMain] Running with Spring Boot v2.7.2, Spring v5.3.22
2022-08-20 08:47:20,712 INFO org.springframework.boot.SpringApplication [restartedMain] The following 1 profile is active: "dev"
2022-08-20 08:47:25,460 INFO org.springframework.boot.StartupInfoLogger [restartedMain] Started FindmytutorApplication in 5.559 seconds (JVM running for 5.957)
2022-08-20 08:47:56,965 INFO org.springframework.boot.StartupInfoLogger [restartedMain] Starting FindmytutorApplication using Java 11.0.14 on LAPTOP-LLQN4QTH with PID 1356 (C:\Users\kyesu\Desktop\Visual Studio WorkSpace\findmytutor\target\classes started by kyesu in C:\Users\kyesu\Desktop\Visual Studio WorkSpace\findmytutor)
2022-08-20 08:47:56,966 DEBUG org.springframework.boot.StartupInfoLogger [restartedMain] Running with Spring Boot v2.7.2, Spring v5.3.22
2022-08-20 08:47:56,966 INFO org.springframework.boot.SpringApplication [restartedMain] The following 1 profile is active: "dev"
2022-08-20 08:47:57,617 INFO org.springframework.boot.StartupInfoLogger [restartedMain] Started FindmytutorApplication in 0.685 seconds (JVM running for 38.114)
2022-08-20 08:48:16,932 INFO org.springframework.boot.StartupInfoLogger [restartedMain] Starting FindmytutorApplication using Java 11.0.14 on LAPTOP-LLQN4QTH with PID 1356 (C:\Users\kyesu\Desktop\Visual Studio WorkSpace\findmytutor\target\classes started by kyesu in C:\Users\kyesu\Desktop\Visual Studio WorkSpace\findmytutor)
2022-08-20 08:48:16,933 DEBUG org.springframework.boot.StartupInfoLogger [restartedMain] Running with Spring Boot v2.7.2, Spring v5.3.22
2022-08-20 08:48:16,933 INFO org.springframework.boot.SpringApplication [restartedMain] The following 1 profile is active: "dev"
2022-08-20 08:48:17,559 INFO org.springframework.boot.StartupInfoLogger [restartedMain] Started FindmytutorApplication in 0.664 seconds (JVM running for 58.056)
2022-08-20 08:50:12,113 INFO org.springframework.boot.StartupInfoLogger [restartedMain] Starting FindmytutorApplication using Java 11.0.14 on LAPTOP-LLQN4QTH with PID 1356 (C:\Users\kyesu\Desktop\Visual Studio WorkSpace\findmytutor\target\classes started by kyesu in C:\Users\kyesu\Desktop\Visual Studio WorkSpace\findmytutor)
2022-08-20 08:50:12,114 DEBUG org.springframework.boot.StartupInfoLogger [restartedMain] Running with Spring Boot v2.7.2, Spring v5.3.22
2022-08-20 08:50:12,114 INFO org.springframework.boot.SpringApplication [restartedMain] The following 1 profile is active: "dev"
2022-08-20 08:50:12,700 INFO org.springframework.boot.StartupInfoLogger [restartedMain] Started FindmytutorApplication in 0.629 seconds (JVM running for 173.197)
2022-08-20 08:50:21,637 INFO org.springframework.boot.StartupInfoLogger [restartedMain] Starting FindmytutorApplication using Java 11.0.14 on LAPTOP-LLQN4QTH with PID 1356 (C:\Users\kyesu\Desktop\Visual Studio WorkSpace\findmytutor\target\classes started by kyesu in C:\Users\kyesu\Desktop\Visual Studio WorkSpace\findmytutor)
2022-08-20 08:50:21,638 DEBUG org.springframework.boot.StartupInfoLogger [restartedMain] Running with Spring Boot v2.7.2, Spring v5.3.22
2022-08-20 08:50:21,638 INFO org.springframework.boot.SpringApplication [restartedMain] The following 1 profile is active: "dev"
2022-08-20 08:50:22,247 INFO org.springframework.boot.StartupInfoLogger [restartedMain] Started FindmytutorApplication in 0.637 seconds (JVM running for 182.745)
2022-08-20 09:14:13,196 INFO org.springframework.boot.StartupInfoLogger [restartedMain] Starting FindmytutorApplication using Java 11.0.14 on LAPTOP-LLQN4QTH with PID 11612 (C:\Users\kyesu\Desktop\Visual Studio WorkSpace\findmytutor\target\classes started by kyesu in C:\Users\kyesu\Desktop\Visual Studio WorkSpace\findmytutor)
2022-08-20 09:14:13,198 DEBUG org.springframework.boot.StartupInfoLogger [restartedMain] Running with Spring Boot v2.7.2, Spring v5.3.22
2022-08-20 09:14:13,199 INFO org.springframework.boot.SpringApplication [restartedMain] The following 1 profile is active: "dev"
2022-08-20 09:14:18,338 INFO org.springframework.boot.StartupInfoLogger [restartedMain] Started FindmytutorApplication in 5.918 seconds (JVM running for 6.312)
2022-08-20 09:16:57,554 INFO org.springframework.boot.StartupInfoLogger [restartedMain] Starting FindmytutorApplication using Java 11.0.14 on LAPTOP-LLQN4QTH with PID 5668 (C:\Users\kyesu\Desktop\Visual Studio WorkSpace\findmytutor\target\classes started by kyesu in C:\Users\kyesu\Desktop\Visual Studio WorkSpace\findmytutor)
2022-08-20 09:16:57,556 DEBUG org.springframework.boot.StartupInfoLogger [restartedMain] Running with Spring Boot v2.7.2, Spring v5.3.22
2022-08-20 09:16:57,557 INFO org.springframework.boot.SpringApplication [restartedMain] The following 1 profile is active: "dev"
2022-08-20 09:17:02,307 INFO org.springframework.boot.StartupInfoLogger [restartedMain] Started FindmytutorApplication in 5.533 seconds (JVM running for 5.942)
2022-08-20 09:19:26,554 INFO com.project.findmytutor.infrastructure.TokenProvider [http-nio-8080-exec-1] Wrong JWT signature.
2022-08-20 09:24:16,742 INFO com.project.findmytutor.infrastructure.TokenProvider [http-nio-8080-exec-1] Wrong JWT signature.
2022-08-20 09:26:00,604 INFO org.springframework.boot.StartupInfoLogger [restartedMain] Starting FindmytutorApplication using Java 11.0.14 on LAPTOP-LLQN4QTH with PID 2236 (C:\Users\kyesu\Desktop\Visual Studio WorkSpace\findmytutor\target\classes started by kyesu in C:\Users\kyesu\Desktop\Visual Studio WorkSpace\findmytutor)
2022-08-20 09:26:00,606 DEBUG org.springframework.boot.StartupInfoLogger [restartedMain] Running with Spring Boot v2.7.2, Spring v5.3.22
2022-08-20 09:26:00,607 INFO org.springframework.boot.SpringApplication [restartedMain] The following 1 profile is active: "dev"
2022-08-20 09:26:05,763 INFO org.springframework.boot.StartupInfoLogger [restartedMain] Started FindmytutorApplication in 5.992 seconds (JVM running for 6.397)
2022-08-20 09:26:38,661 INFO com.project.findmytutor.infrastructure.TokenProvider [http-nio-8080-exec-2] Wrong JWT signature.
2022-08-20 09:27:47,065 INFO com.project.findmytutor.infrastructure.TokenProvider [http-nio-8080-exec-1] Wrong JWT signature.
2022-08-20 09:30:13,585 INFO com.project.findmytutor.infrastructure.TokenProvider [http-nio-8080-exec-1] Wrong JWT signature.
2022-08-20 09:32:43,180 INFO org.springframework.boot.StartupInfoLogger [restartedMain] Starting FindmytutorApplication using Java 11.0.14 on LAPTOP-LLQN4QTH with PID 2236 (C:\Users\kyesu\Desktop\Visual Studio WorkSpace\findmytutor\target\classes started by kyesu in C:\Users\kyesu\Desktop\Visual Studio WorkSpace\findmytutor)
2022-08-20 09:32:43,180 DEBUG org.springframework.boot.StartupInfoLogger [restartedMain] Running with Spring Boot v2.7.2, Spring v5.3.22
2022-08-20 09:32:43,181 INFO org.springframework.boot.SpringApplication [restartedMain] The following 1 profile is active: "dev"
2022-08-20 09:32:43,836 INFO org.springframework.boot.StartupInfoLogger [restartedMain] Started FindmytutorApplication in 0.701 seconds (JVM running for 404.471)
2022-08-20 09:32:53,880 INFO com.project.findmytutor.infrastructure.TokenProvider [http-nio-8080-exec-8] Wrong JWT signature.
2022-08-20 09:33:10,260 INFO org.springframework.boot.StartupInfoLogger [restartedMain] Starting FindmytutorApplication using Java 11.0.14 on LAPTOP-LLQN4QTH with PID 2236 (C:\Users\kyesu\Desktop\Visual Studio WorkSpace\findmytutor\target\classes started by kyesu in C:\Users\kyesu\Desktop\Visual Studio WorkSpace\findmytutor)
2022-08-20 09:33:10,262 DEBUG org.springframework.boot.StartupInfoLogger [restartedMain] Running with Spring Boot v2.7.2, Spring v5.3.22
2022-08-20 09:33:10,262 INFO org.springframework.boot.SpringApplication [restartedMain] The following 1 profile is active: "dev"
2022-08-20 09:33:10,925 INFO org.springframework.boot.StartupInfoLogger [restartedMain] Started FindmytutorApplication in 0.705 seconds (JVM running for 431.56)
