2022-08-19 04:41:34,332 INFO org.springframework.boot.StartupInfoLogger [restartedMain] Starting FindmytutorApplication using Java 11.0.14 on LAPTOP-LLQN4QTH with PID 1380 (C:\Users\kyesu\Desktop\Visual Studio WorkSpace\findmytutor\target\classes started by kyesu in C:\Users\kyesu\Desktop\Visual Studio WorkSpace\findmytutor)
2022-08-19 04:41:34,337 DEBUG org.springframework.boot.StartupInfoLogger [restartedMain] Running with Spring Boot v2.7.2, Spring v5.3.22
2022-08-19 04:41:34,338 INFO org.springframework.boot.SpringApplication [restartedMain] The following 1 profile is active: "dev"
2022-08-19 04:41:40,285 INFO org.springframework.boot.StartupInfoLogger [restartedMain] Started FindmytutorApplication in 6.873 seconds (JVM running for 7.398)
2022-08-19 04:46:07,182 INFO org.springframework.boot.StartupInfoLogger [restartedMain] Starting FindmytutorApplication using Java 11.0.14 on LAPTOP-LLQN4QTH with PID 10424 (C:\Users\kyesu\Desktop\Visual Studio WorkSpace\findmytutor\target\classes started by kyesu in C:\Users\kyesu\Desktop\Visual Studio WorkSpace\findmytutor)
2022-08-19 04:46:07,185 DEBUG org.springframework.boot.StartupInfoLogger [restartedMain] Running with Spring Boot v2.7.2, Spring v5.3.22
2022-08-19 04:46:07,186 INFO org.springframework.boot.SpringApplication [restartedMain] The following 1 profile is active: "dev"
2022-08-19 04:46:11,574 INFO org.springframework.boot.StartupInfoLogger [restartedMain] Started FindmytutorApplication in 5.186 seconds (JVM running for 5.61)
2022-08-19 04:48:12,848 INFO org.springframework.boot.StartupInfoLogger [restartedMain] Starting FindmytutorApplication using Java 11.0.14 on LAPTOP-LLQN4QTH with PID 2180 (C:\Users\kyesu\Desktop\Visual Studio WorkSpace\findmytutor\target\classes started by kyesu in C:\Users\kyesu\Desktop\Visual Studio WorkSpace\findmytutor)
2022-08-19 04:48:12,850 DEBUG org.springframework.boot.StartupInfoLogger [restartedMain] Running with Spring Boot v2.7.2, Spring v5.3.22
2022-08-19 04:48:12,851 INFO org.springframework.boot.SpringApplication [restartedMain] The following 1 profile is active: "dev"
2022-08-19 04:48:16,920 INFO org.springframework.boot.StartupInfoLogger [restartedMain] Started FindmytutorApplication in 4.869 seconds (JVM running for 5.278)
2022-08-19 04:49:53,687 INFO org.springframework.boot.StartupInfoLogger [restartedMain] Starting FindmytutorApplication using Java 11.0.14 on LAPTOP-LLQN4QTH with PID 15028 (C:\Users\kyesu\Desktop\Visual Studio WorkSpace\findmytutor\target\classes started by kyesu in C:\Users\kyesu\Desktop\Visual Studio WorkSpace\findmytutor)
2022-08-19 04:49:53,689 DEBUG org.springframework.boot.StartupInfoLogger [restartedMain] Running with Spring Boot v2.7.2, Spring v5.3.22
2022-08-19 04:49:53,690 INFO org.springframework.boot.SpringApplication [restartedMain] The following 1 profile is active: "dev"
2022-08-19 04:49:59,839 INFO org.springframework.boot.StartupInfoLogger [restartedMain] Started FindmytutorApplication in 6.98 seconds (JVM running for 7.395)
2022-08-19 04:52:25,074 INFO org.springframework.boot.StartupInfoLogger [restartedMain] Starting FindmytutorApplication using Java 11.0.14 on LAPTOP-LLQN4QTH with PID 12664 (C:\Users\kyesu\Desktop\Visual Studio WorkSpace\findmytutor\target\classes started by kyesu in C:\Users\kyesu\Desktop\Visual Studio WorkSpace\findmytutor)
2022-08-19 04:52:25,077 DEBUG org.springframework.boot.StartupInfoLogger [restartedMain] Running with Spring Boot v2.7.2, Spring v5.3.22
2022-08-19 04:52:25,081 INFO org.springframework.boot.SpringApplication [restartedMain] The following 1 profile is active: "dev"
2022-08-19 04:52:30,357 INFO org.springframework.boot.StartupInfoLogger [restartedMain] Started FindmytutorApplication in 6.037 seconds (JVM running for 6.442)
2022-08-19 04:56:05,895 INFO org.springframework.boot.StartupInfoLogger [restartedMain] Starting FindmytutorApplication using Java 11.0.14 on LAPTOP-LLQN4QTH with PID 2104 (C:\Users\kyesu\Desktop\Visual Studio WorkSpace\findmytutor\target\classes started by kyesu in C:\Users\kyesu\Desktop\Visual Studio WorkSpace\findmytutor)
2022-08-19 04:56:05,897 DEBUG org.springframework.boot.StartupInfoLogger [restartedMain] Running with Spring Boot v2.7.2, Spring v5.3.22
2022-08-19 04:56:05,899 INFO org.springframework.boot.SpringApplication [restartedMain] The following 1 profile is active: "dev"
2022-08-19 04:56:11,018 INFO org.springframework.boot.StartupInfoLogger [restartedMain] Started FindmytutorApplication in 5.774 seconds (JVM running for 6.43)
2022-08-19 04:57:00,996 INFO org.springframework.boot.StartupInfoLogger [restartedMain] Starting FindmytutorApplication using Java 11.0.14 on LAPTOP-LLQN4QTH with PID 2104 (C:\Users\kyesu\Desktop\Visual Studio WorkSpace\findmytutor\target\classes started by kyesu in C:\Users\kyesu\Desktop\Visual Studio WorkSpace\findmytutor)
2022-08-19 04:57:00,997 DEBUG org.springframework.boot.StartupInfoLogger [restartedMain] Running with Spring Boot v2.7.2, Spring v5.3.22
2022-08-19 04:57:00,997 INFO org.springframework.boot.SpringApplication [restartedMain] The following 1 profile is active: "dev"
2022-08-19 04:57:01,897 INFO org.springframework.boot.StartupInfoLogger [restartedMain] Started FindmytutorApplication in 0.947 seconds (JVM running for 57.31)
2022-08-19 05:02:34,592 INFO org.springframework.boot.StartupInfoLogger [restartedMain] Starting FindmytutorApplication using Java 11.0.14 on LAPTOP-LLQN4QTH with PID 2972 (C:\Users\kyesu\Desktop\Visual Studio WorkSpace\findmytutor\target\classes started by kyesu in C:\Users\kyesu\Desktop\Visual Studio WorkSpace\findmytutor)
2022-08-19 05:02:34,594 DEBUG org.springframework.boot.StartupInfoLogger [restartedMain] Running with Spring Boot v2.7.2, Spring v5.3.22
2022-08-19 05:02:34,595 INFO org.springframework.boot.SpringApplication [restartedMain] The following 1 profile is active: "dev"
2022-08-19 05:02:40,178 INFO org.springframework.boot.StartupInfoLogger [restartedMain] Started FindmytutorApplication in 6.296 seconds (JVM running for 7.239)
2022-08-19 05:19:35,482 INFO org.springframework.boot.StartupInfoLogger [restartedMain] Starting FindmytutorApplication using Java 11.0.14 on LAPTOP-LLQN4QTH with PID 15484 (C:\Users\kyesu\Desktop\Visual Studio WorkSpace\findmytutor\target\classes started by kyesu in C:\Users\kyesu\Desktop\Visual Studio WorkSpace\findmytutor)
2022-08-19 05:19:35,484 DEBUG org.springframework.boot.StartupInfoLogger [restartedMain] Running with Spring Boot v2.7.2, Spring v5.3.22
2022-08-19 05:19:35,485 INFO org.springframework.boot.SpringApplication [restartedMain] The following 1 profile is active: "dev"
2022-08-19 05:19:40,821 INFO org.springframework.boot.StartupInfoLogger [restartedMain] Started FindmytutorApplication in 6.15 seconds (JVM running for 6.592)
2022-08-19 05:23:00,712 INFO org.springframework.boot.StartupInfoLogger [restartedMain] Starting FindmytutorApplication using Java 11.0.14 on LAPTOP-LLQN4QTH with PID 7028 (C:\Users\kyesu\Desktop\Visual Studio WorkSpace\findmytutor\target\classes started by kyesu in C:\Users\kyesu\Desktop\Visual Studio WorkSpace\findmytutor)
2022-08-19 05:23:00,714 DEBUG org.springframework.boot.StartupInfoLogger [restartedMain] Running with Spring Boot v2.7.2, Spring v5.3.22
2022-08-19 05:23:00,715 INFO org.springframework.boot.SpringApplication [restartedMain] The following 1 profile is active: "dev"
2022-08-19 05:23:06,134 INFO org.springframework.boot.StartupInfoLogger [restartedMain] Started FindmytutorApplication in 6.228 seconds (JVM running for 6.647)
2022-08-19 05:25:32,075 INFO org.springframework.boot.StartupInfoLogger [restartedMain] Starting FindmytutorApplication using Java 11.0.14 on LAPTOP-LLQN4QTH with PID 10384 (C:\Users\kyesu\Desktop\Visual Studio WorkSpace\findmytutor\target\classes started by kyesu in C:\Users\kyesu\Desktop\Visual Studio WorkSpace\findmytutor)
2022-08-19 05:25:32,077 DEBUG org.springframework.boot.StartupInfoLogger [restartedMain] Running with Spring Boot v2.7.2, Spring v5.3.22
2022-08-19 05:25:32,078 INFO org.springframework.boot.SpringApplication [restartedMain] The following 1 profile is active: "dev"
2022-08-19 05:25:37,094 INFO org.springframework.boot.StartupInfoLogger [restartedMain] Started FindmytutorApplication in 5.822 seconds (JVM running for 6.238)
2022-08-19 05:29:31,642 INFO org.springframework.boot.StartupInfoLogger [restartedMain] Starting FindmytutorApplication using Java 11.0.14 on LAPTOP-LLQN4QTH with PID 10384 (C:\Users\kyesu\Desktop\Visual Studio WorkSpace\findmytutor\target\classes started by kyesu in C:\Users\kyesu\Desktop\Visual Studio WorkSpace\findmytutor)
2022-08-19 05:29:31,644 DEBUG org.springframework.boot.StartupInfoLogger [restartedMain] Running with Spring Boot v2.7.2, Spring v5.3.22
2022-08-19 05:29:31,644 INFO org.springframework.boot.SpringApplication [restartedMain] The following 1 profile is active: "dev"
2022-08-19 05:29:32,505 INFO org.springframework.boot.StartupInfoLogger [restartedMain] Started FindmytutorApplication in 0.906 seconds (JVM running for 241.649)
2022-08-19 05:30:09,234 INFO org.springframework.boot.StartupInfoLogger [restartedMain] Starting FindmytutorApplication using Java 11.0.14 on LAPTOP-LLQN4QTH with PID 10384 (C:\Users\kyesu\Desktop\Visual Studio WorkSpace\findmytutor\target\classes started by kyesu in C:\Users\kyesu\Desktop\Visual Studio WorkSpace\findmytutor)
2022-08-19 05:30:09,234 DEBUG org.springframework.boot.StartupInfoLogger [restartedMain] Running with Spring Boot v2.7.2, Spring v5.3.22
2022-08-19 05:30:09,235 INFO org.springframework.boot.SpringApplication [restartedMain] The following 1 profile is active: "dev"
2022-08-19 05:30:10,045 INFO org.springframework.boot.StartupInfoLogger [restartedMain] Started FindmytutorApplication in 0.886 seconds (JVM running for 279.188)
2022-08-19 05:35:10,549 INFO org.springframework.boot.StartupInfoLogger [restartedMain] Starting FindmytutorApplication using Java 11.0.14 on LAPTOP-LLQN4QTH with PID 7736 (C:\Users\kyesu\Desktop\Visual Studio WorkSpace\findmytutor\target\classes started by kyesu in C:\Users\kyesu\Desktop\Visual Studio WorkSpace\findmytutor)
2022-08-19 05:35:10,551 DEBUG org.springframework.boot.StartupInfoLogger [restartedMain] Running with Spring Boot v2.7.2, Spring v5.3.22
2022-08-19 05:35:10,553 INFO org.springframework.boot.SpringApplication [restartedMain] The following 1 profile is active: "dev"
2022-08-19 05:35:15,341 INFO org.springframework.boot.StartupInfoLogger [restartedMain] Started FindmytutorApplication in 5.611 seconds (JVM running for 6.001)
2022-08-19 05:38:28,854 INFO org.springframework.boot.StartupInfoLogger [restartedMain] Starting FindmytutorApplication using Java 11.0.14 on LAPTOP-LLQN4QTH with PID 6484 (C:\Users\kyesu\Desktop\Visual Studio WorkSpace\findmytutor\target\classes started by kyesu in C:\Users\kyesu\Desktop\Visual Studio WorkSpace\findmytutor)
2022-08-19 05:38:28,855 DEBUG org.springframework.boot.StartupInfoLogger [restartedMain] Running with Spring Boot v2.7.2, Spring v5.3.22
2022-08-19 05:38:28,856 INFO org.springframework.boot.SpringApplication [restartedMain] The following 1 profile is active: "dev"
2022-08-19 05:38:34,310 INFO org.springframework.boot.StartupInfoLogger [restartedMain] Started FindmytutorApplication in 6.288 seconds (JVM running for 6.743)
2022-08-19 05:50:29,488 INFO org.springframework.boot.StartupInfoLogger [restartedMain] Starting FindmytutorApplication using Java 11.0.14 on LAPTOP-LLQN4QTH with PID 4168 (C:\Users\kyesu\Desktop\Visual Studio WorkSpace\findmytutor\target\classes started by kyesu in C:\Users\kyesu\Desktop\Visual Studio WorkSpace\findmytutor)
2022-08-19 05:50:29,489 DEBUG org.springframework.boot.StartupInfoLogger [restartedMain] Running with Spring Boot v2.7.2, Spring v5.3.22
2022-08-19 05:50:29,490 INFO org.springframework.boot.SpringApplication [restartedMain] The following 1 profile is active: "dev"
2022-08-19 05:50:33,695 INFO org.springframework.boot.StartupInfoLogger [restartedMain] Started FindmytutorApplication in 4.974 seconds (JVM running for 5.381)
2022-08-19 05:53:42,253 INFO org.springframework.boot.StartupInfoLogger [restartedMain] Starting FindmytutorApplication using Java 11.0.14 on LAPTOP-LLQN4QTH with PID 4488 (C:\Users\kyesu\Desktop\Visual Studio WorkSpace\findmytutor\target\classes started by kyesu in C:\Users\kyesu\Desktop\Visual Studio WorkSpace\findmytutor)
2022-08-19 05:53:42,255 DEBUG org.springframework.boot.StartupInfoLogger [restartedMain] Running with Spring Boot v2.7.2, Spring v5.3.22
2022-08-19 05:53:42,256 INFO org.springframework.boot.SpringApplication [restartedMain] The following 1 profile is active: "dev"
2022-08-19 05:53:47,641 INFO org.springframework.boot.StartupInfoLogger [restartedMain] Started FindmytutorApplication in 6.266 seconds (JVM running for 6.716)
2022-08-19 05:54:47,226 INFO org.springframework.boot.StartupInfoLogger [restartedMain] Starting FindmytutorApplication using Java 11.0.14 on LAPTOP-LLQN4QTH with PID 16376 (C:\Users\kyesu\Desktop\Visual Studio WorkSpace\findmytutor\target\classes started by kyesu in C:\Users\kyesu\Desktop\Visual Studio WorkSpace\findmytutor)
2022-08-19 05:54:47,227 DEBUG org.springframework.boot.StartupInfoLogger [restartedMain] Running with Spring Boot v2.7.2, Spring v5.3.22
2022-08-19 05:54:47,228 INFO org.springframework.boot.SpringApplication [restartedMain] The following 1 profile is active: "dev"
2022-08-19 05:54:51,640 INFO org.springframework.boot.StartupInfoLogger [restartedMain] Started FindmytutorApplication in 5.227 seconds (JVM running for 5.631)
2022-08-19 06:05:59,092 INFO org.springframework.boot.StartupInfoLogger [restartedMain] Starting FindmytutorApplication using Java 11.0.14 on LAPTOP-LLQN4QTH with PID 16376 (C:\Users\kyesu\Desktop\Visual Studio WorkSpace\findmytutor\target\classes started by kyesu in C:\Users\kyesu\Desktop\Visual Studio WorkSpace\findmytutor)
2022-08-19 06:05:59,093 DEBUG org.springframework.boot.StartupInfoLogger [restartedMain] Running with Spring Boot v2.7.2, Spring v5.3.22
2022-08-19 06:05:59,094 INFO org.springframework.boot.SpringApplication [restartedMain] The following 1 profile is active: "dev"
2022-08-19 06:05:59,859 INFO org.springframework.boot.StartupInfoLogger [restartedMain] Started FindmytutorApplication in 0.825 seconds (JVM running for 673.849)
2022-08-19 06:08:13,046 INFO org.springframework.boot.StartupInfoLogger [restartedMain] Starting FindmytutorApplication using Java 11.0.14 on LAPTOP-LLQN4QTH with PID 16376 (C:\Users\kyesu\Desktop\Visual Studio WorkSpace\findmytutor\target\classes started by kyesu in C:\Users\kyesu\Desktop\Visual Studio WorkSpace\findmytutor)
2022-08-19 06:08:13,046 DEBUG org.springframework.boot.StartupInfoLogger [restartedMain] Running with Spring Boot v2.7.2, Spring v5.3.22
2022-08-19 06:08:13,047 INFO org.springframework.boot.SpringApplication [restartedMain] The following 1 profile is active: "dev"
2022-08-19 06:08:13,749 INFO org.springframework.boot.StartupInfoLogger [restartedMain] Started FindmytutorApplication in 0.74 seconds (JVM running for 807.738)
2022-08-19 07:20:59,295 INFO org.springframework.boot.StartupInfoLogger [restartedMain] Starting FindmytutorApplication using Java 11.0.14 on LAPTOP-LLQN4QTH with PID 2652 (C:\Users\kyesu\Desktop\Visual Studio WorkSpace\findmytutor\target\classes started by kyesu in C:\Users\kyesu\Desktop\Visual Studio WorkSpace\findmytutor)
2022-08-19 07:20:59,296 DEBUG org.springframework.boot.StartupInfoLogger [restartedMain] Running with Spring Boot v2.7.2, Spring v5.3.22
2022-08-19 07:20:59,297 INFO org.springframework.boot.SpringApplication [restartedMain] The following 1 profile is active: "dev"
2022-08-19 07:21:04,069 INFO org.springframework.boot.StartupInfoLogger [restartedMain] Started FindmytutorApplication in 5.668 seconds (JVM running for 6.148)
2022-08-19 07:25:47,714 INFO org.springframework.boot.StartupInfoLogger [restartedMain] Starting FindmytutorApplication using Java 11.0.14 on LAPTOP-LLQN4QTH with PID 2652 (C:\Users\kyesu\Desktop\Visual Studio WorkSpace\findmytutor\target\classes started by kyesu in C:\Users\kyesu\Desktop\Visual Studio WorkSpace\findmytutor)
2022-08-19 07:25:47,715 DEBUG org.springframework.boot.StartupInfoLogger [restartedMain] Running with Spring Boot v2.7.2, Spring v5.3.22
2022-08-19 07:25:47,715 INFO org.springframework.boot.SpringApplication [restartedMain] The following 1 profile is active: "dev"
2022-08-19 07:25:48,534 INFO org.springframework.boot.StartupInfoLogger [restartedMain] Started FindmytutorApplication in 0.868 seconds (JVM running for 290.612)
2022-08-19 07:26:03,490 INFO org.springframework.boot.StartupInfoLogger [restartedMain] Starting FindmytutorApplication using Java 11.0.14 on LAPTOP-LLQN4QTH with PID 11944 (C:\Users\kyesu\Desktop\Visual Studio WorkSpace\findmytutor\target\classes started by kyesu in C:\Users\kyesu\Desktop\Visual Studio WorkSpace\findmytutor)
2022-08-19 07:26:03,494 DEBUG org.springframework.boot.StartupInfoLogger [restartedMain] Running with Spring Boot v2.7.2, Spring v5.3.22
2022-08-19 07:26:03,495 INFO org.springframework.boot.SpringApplication [restartedMain] The following 1 profile is active: "dev"
2022-08-19 07:26:09,095 INFO org.springframework.boot.StartupInfoLogger [restartedMain] Started FindmytutorApplication in 6.476 seconds (JVM running for 6.881)
2022-08-19 07:33:11,181 INFO org.springframework.boot.StartupInfoLogger [restartedMain] Starting FindmytutorApplication using Java 11.0.14 on LAPTOP-LLQN4QTH with PID 11944 (C:\Users\kyesu\Desktop\Visual Studio WorkSpace\findmytutor\target\classes started by kyesu in C:\Users\kyesu\Desktop\Visual Studio WorkSpace\findmytutor)
2022-08-19 07:33:11,183 DEBUG org.springframework.boot.StartupInfoLogger [restartedMain] Running with Spring Boot v2.7.2, Spring v5.3.22
2022-08-19 07:33:11,183 INFO org.springframework.boot.SpringApplication [restartedMain] The following 1 profile is active: "dev"
2022-08-19 07:33:20,693 INFO org.springframework.boot.StartupInfoLogger [restartedMain] Starting FindmytutorApplication using Java 11.0.14 on LAPTOP-LLQN4QTH with PID 10588 (C:\Users\kyesu\Desktop\Visual Studio WorkSpace\findmytutor\target\classes started by kyesu in C:\Users\kyesu\Desktop\Visual Studio WorkSpace\findmytutor)
2022-08-19 07:33:20,696 DEBUG org.springframework.boot.StartupInfoLogger [restartedMain] Running with Spring Boot v2.7.2, Spring v5.3.22
2022-08-19 07:33:20,697 INFO org.springframework.boot.SpringApplication [restartedMain] The following 1 profile is active: "dev"
2022-08-19 07:33:25,049 INFO org.springframework.boot.StartupInfoLogger [restartedMain] Started FindmytutorApplication in 5.155 seconds (JVM running for 5.562)
2022-08-19 07:34:38,661 INFO org.springframework.boot.StartupInfoLogger [restartedMain] Starting FindmytutorApplication using Java 11.0.14 on LAPTOP-LLQN4QTH with PID 10588 (C:\Users\kyesu\Desktop\Visual Studio WorkSpace\findmytutor\target\classes started by kyesu in C:\Users\kyesu\Desktop\Visual Studio WorkSpace\findmytutor)
2022-08-19 07:34:38,662 DEBUG org.springframework.boot.StartupInfoLogger [restartedMain] Running with Spring Boot v2.7.2, Spring v5.3.22
2022-08-19 07:34:38,663 INFO org.springframework.boot.SpringApplication [restartedMain] The following 1 profile is active: "dev"
2022-08-19 07:34:39,411 INFO org.springframework.boot.StartupInfoLogger [restartedMain] Started FindmytutorApplication in 0.797 seconds (JVM running for 79.924)
2022-08-19 07:34:50,188 INFO org.springframework.boot.StartupInfoLogger [restartedMain] Starting FindmytutorApplication using Java 11.0.14 on LAPTOP-LLQN4QTH with PID 15272 (C:\Users\kyesu\Desktop\Visual Studio WorkSpace\findmytutor\target\classes started by kyesu in C:\Users\kyesu\Desktop\Visual Studio WorkSpace\findmytutor)
2022-08-19 07:34:50,189 DEBUG org.springframework.boot.StartupInfoLogger [restartedMain] Running with Spring Boot v2.7.2, Spring v5.3.22
2022-08-19 07:34:50,190 INFO org.springframework.boot.SpringApplication [restartedMain] The following 1 profile is active: "dev"
2022-08-19 07:34:55,038 INFO org.springframework.boot.StartupInfoLogger [restartedMain] Started FindmytutorApplication in 5.625 seconds (JVM running for 6.029)
2022-08-19 07:36:36,330 INFO org.springframework.boot.StartupInfoLogger [restartedMain] Starting FindmytutorApplication using Java 11.0.14 on LAPTOP-LLQN4QTH with PID 15272 (C:\Users\kyesu\Desktop\Visual Studio WorkSpace\findmytutor\target\classes started by kyesu in C:\Users\kyesu\Desktop\Visual Studio WorkSpace\findmytutor)
2022-08-19 07:36:36,331 DEBUG org.springframework.boot.StartupInfoLogger [restartedMain] Running with Spring Boot v2.7.2, Spring v5.3.22
2022-08-19 07:36:36,332 INFO org.springframework.boot.SpringApplication [restartedMain] The following 1 profile is active: "dev"
2022-08-19 07:36:37,256 INFO org.springframework.boot.StartupInfoLogger [restartedMain] Started FindmytutorApplication in 1.034 seconds (JVM running for 108.246)
2022-08-19 07:37:10,933 INFO org.springframework.boot.StartupInfoLogger [restartedMain] Starting FindmytutorApplication using Java 11.0.14 on LAPTOP-LLQN4QTH with PID 15272 (C:\Users\kyesu\Desktop\Visual Studio WorkSpace\findmytutor\target\classes started by kyesu in C:\Users\kyesu\Desktop\Visual Studio WorkSpace\findmytutor)
2022-08-19 07:37:10,934 DEBUG org.springframework.boot.StartupInfoLogger [restartedMain] Running with Spring Boot v2.7.2, Spring v5.3.22
2022-08-19 07:37:10,934 INFO org.springframework.boot.SpringApplication [restartedMain] The following 1 profile is active: "dev"
2022-08-19 07:37:11,715 INFO org.springframework.boot.StartupInfoLogger [restartedMain] Started FindmytutorApplication in 0.861 seconds (JVM running for 142.704)
2022-08-19 07:39:31,796 INFO org.springframework.boot.StartupInfoLogger [restartedMain] Starting FindmytutorApplication using Java 11.0.14 on LAPTOP-LLQN4QTH with PID 15272 (C:\Users\kyesu\Desktop\Visual Studio WorkSpace\findmytutor\target\classes started by kyesu in C:\Users\kyesu\Desktop\Visual Studio WorkSpace\findmytutor)
2022-08-19 07:39:31,796 DEBUG org.springframework.boot.StartupInfoLogger [restartedMain] Running with Spring Boot v2.7.2, Spring v5.3.22
2022-08-19 07:39:31,797 INFO org.springframework.boot.SpringApplication [restartedMain] The following 1 profile is active: "dev"
2022-08-19 07:39:57,255 INFO org.springframework.boot.StartupInfoLogger [restartedMain] Starting FindmytutorApplication using Java 11.0.14 on LAPTOP-LLQN4QTH with PID 15272 (C:\Users\kyesu\Desktop\Visual Studio WorkSpace\findmytutor\target\classes started by kyesu in C:\Users\kyesu\Desktop\Visual Studio WorkSpace\findmytutor)
2022-08-19 07:39:57,256 DEBUG org.springframework.boot.StartupInfoLogger [restartedMain] Running with Spring Boot v2.7.2, Spring v5.3.22
2022-08-19 07:39:57,257 INFO org.springframework.boot.SpringApplication [restartedMain] The following 1 profile is active: "dev"
2022-08-19 07:39:57,959 INFO org.springframework.boot.StartupInfoLogger [restartedMain] Started FindmytutorApplication in 0.739 seconds (JVM running for 308.949)
2022-08-19 07:42:33,524 INFO org.springframework.boot.StartupInfoLogger [restartedMain] Starting FindmytutorApplication using Java 11.0.14 on LAPTOP-LLQN4QTH with PID 15272 (C:\Users\kyesu\Desktop\Visual Studio WorkSpace\findmytutor\target\classes started by kyesu in C:\Users\kyesu\Desktop\Visual Studio WorkSpace\findmytutor)
2022-08-19 07:42:33,525 DEBUG org.springframework.boot.StartupInfoLogger [restartedMain] Running with Spring Boot v2.7.2, Spring v5.3.22
2022-08-19 07:42:33,526 INFO org.springframework.boot.SpringApplication [restartedMain] The following 1 profile is active: "dev"
2022-08-19 07:42:34,268 INFO org.springframework.boot.StartupInfoLogger [restartedMain] Started FindmytutorApplication in 0.795 seconds (JVM running for 465.259)
2022-08-19 07:47:25,970 INFO org.springframework.boot.StartupInfoLogger [restartedMain] Starting FindmytutorApplication using Java 11.0.14 on LAPTOP-LLQN4QTH with PID 15272 (C:\Users\kyesu\Desktop\Visual Studio WorkSpace\findmytutor\target\classes started by kyesu in C:\Users\kyesu\Desktop\Visual Studio WorkSpace\findmytutor)
2022-08-19 07:47:25,971 DEBUG org.springframework.boot.StartupInfoLogger [restartedMain] Running with Spring Boot v2.7.2, Spring v5.3.22
2022-08-19 07:47:25,971 INFO org.springframework.boot.SpringApplication [restartedMain] The following 1 profile is active: "dev"
2022-08-19 07:47:26,575 INFO org.springframework.boot.StartupInfoLogger [restartedMain] Started FindmytutorApplication in 0.638 seconds (JVM running for 757.565)
2022-08-19 07:50:20,313 INFO org.springframework.boot.StartupInfoLogger [restartedMain] Starting FindmytutorApplication using Java 11.0.14 on LAPTOP-LLQN4QTH with PID 13036 (C:\Users\kyesu\Desktop\Visual Studio WorkSpace\findmytutor\target\classes started by kyesu in C:\Users\kyesu\Desktop\Visual Studio WorkSpace\findmytutor)
2022-08-19 07:50:20,314 DEBUG org.springframework.boot.StartupInfoLogger [restartedMain] Running with Spring Boot v2.7.2, Spring v5.3.22
2022-08-19 07:50:20,317 INFO org.springframework.boot.SpringApplication [restartedMain] The following 1 profile is active: "dev"
2022-08-19 07:50:24,541 INFO org.springframework.boot.StartupInfoLogger [restartedMain] Started FindmytutorApplication in 5.034 seconds (JVM running for 5.443)
2022-08-19 07:51:52,367 INFO org.springframework.boot.StartupInfoLogger [restartedMain] Starting FindmytutorApplication using Java 11.0.14 on LAPTOP-LLQN4QTH with PID 10068 (C:\Users\kyesu\Desktop\Visual Studio WorkSpace\findmytutor\target\classes started by kyesu in C:\Users\kyesu\Desktop\Visual Studio WorkSpace\findmytutor)
2022-08-19 07:51:52,369 DEBUG org.springframework.boot.StartupInfoLogger [restartedMain] Running with Spring Boot v2.7.2, Spring v5.3.22
2022-08-19 07:51:52,370 INFO org.springframework.boot.SpringApplication [restartedMain] The following 1 profile is active: "dev"
2022-08-19 07:51:57,817 INFO org.springframework.boot.StartupInfoLogger [restartedMain] Started FindmytutorApplication in 6.228 seconds (JVM running for 6.705)
2022-08-19 08:01:30,365 INFO org.springframework.boot.StartupInfoLogger [restartedMain] Starting FindmytutorApplication using Java 11.0.14 on LAPTOP-LLQN4QTH with PID 10068 (C:\Users\kyesu\Desktop\Visual Studio WorkSpace\findmytutor\target\classes started by kyesu in C:\Users\kyesu\Desktop\Visual Studio WorkSpace\findmytutor)
2022-08-19 08:01:30,366 DEBUG org.springframework.boot.StartupInfoLogger [restartedMain] Running with Spring Boot v2.7.2, Spring v5.3.22
2022-08-19 08:01:30,366 INFO org.springframework.boot.SpringApplication [restartedMain] The following 1 profile is active: "dev"
2022-08-19 08:01:31,169 INFO org.springframework.boot.StartupInfoLogger [restartedMain] Started FindmytutorApplication in 0.85 seconds (JVM running for 580.058)
2022-08-19 08:02:26,397 INFO org.springframework.boot.StartupInfoLogger [restartedMain] Starting FindmytutorApplication using Java 11.0.14 on LAPTOP-LLQN4QTH with PID 10068 (C:\Users\kyesu\Desktop\Visual Studio WorkSpace\findmytutor\target\classes started by kyesu in C:\Users\kyesu\Desktop\Visual Studio WorkSpace\findmytutor)
2022-08-19 08:02:26,401 DEBUG org.springframework.boot.StartupInfoLogger [restartedMain] Running with Spring Boot v2.7.2, Spring v5.3.22
2022-08-19 08:02:26,402 INFO org.springframework.boot.SpringApplication [restartedMain] The following 1 profile is active: "dev"
2022-08-19 08:02:27,042 INFO org.springframework.boot.StartupInfoLogger [restartedMain] Started FindmytutorApplication in 0.681 seconds (JVM running for 635.93)
2022-08-19 08:04:25,826 INFO org.springframework.boot.StartupInfoLogger [restartedMain] Starting FindmytutorApplication using Java 11.0.14 on LAPTOP-LLQN4QTH with PID 10068 (C:\Users\kyesu\Desktop\Visual Studio WorkSpace\findmytutor\target\classes started by kyesu in C:\Users\kyesu\Desktop\Visual Studio WorkSpace\findmytutor)
2022-08-19 08:04:25,826 DEBUG org.springframework.boot.StartupInfoLogger [restartedMain] Running with Spring Boot v2.7.2, Spring v5.3.22
2022-08-19 08:04:25,827 INFO org.springframework.boot.SpringApplication [restartedMain] The following 1 profile is active: "dev"
2022-08-19 08:04:26,511 INFO org.springframework.boot.StartupInfoLogger [restartedMain] Started FindmytutorApplication in 0.728 seconds (JVM running for 755.399)
2022-08-19 08:05:15,491 INFO org.springframework.boot.StartupInfoLogger [restartedMain] Starting FindmytutorApplication using Java 11.0.14 on LAPTOP-LLQN4QTH with PID 10068 (C:\Users\kyesu\Desktop\Visual Studio WorkSpace\findmytutor\target\classes started by kyesu in C:\Users\kyesu\Desktop\Visual Studio WorkSpace\findmytutor)
2022-08-19 08:05:15,492 DEBUG org.springframework.boot.StartupInfoLogger [restartedMain] Running with Spring Boot v2.7.2, Spring v5.3.22
2022-08-19 08:05:15,492 INFO org.springframework.boot.SpringApplication [restartedMain] The following 1 profile is active: "dev"
2022-08-19 08:05:16,141 INFO org.springframework.boot.StartupInfoLogger [restartedMain] Started FindmytutorApplication in 0.681 seconds (JVM running for 805.029)
2022-08-19 08:05:30,277 INFO org.springframework.boot.StartupInfoLogger [restartedMain] Starting FindmytutorApplication using Java 11.0.14 on LAPTOP-LLQN4QTH with PID 10068 (C:\Users\kyesu\Desktop\Visual Studio WorkSpace\findmytutor\target\classes started by kyesu in C:\Users\kyesu\Desktop\Visual Studio WorkSpace\findmytutor)
2022-08-19 08:05:30,278 DEBUG org.springframework.boot.StartupInfoLogger [restartedMain] Running with Spring Boot v2.7.2, Spring v5.3.22
2022-08-19 08:05:30,278 INFO org.springframework.boot.SpringApplication [restartedMain] The following 1 profile is active: "dev"
2022-08-19 08:05:30,817 INFO org.springframework.boot.StartupInfoLogger [restartedMain] Started FindmytutorApplication in 0.574 seconds (JVM running for 819.705)
2022-08-19 08:06:58,589 INFO org.springframework.boot.StartupInfoLogger [restartedMain] Starting FindmytutorApplication using Java 11.0.14 on LAPTOP-LLQN4QTH with PID 10068 (C:\Users\kyesu\Desktop\Visual Studio WorkSpace\findmytutor\target\classes started by kyesu in C:\Users\kyesu\Desktop\Visual Studio WorkSpace\findmytutor)
2022-08-19 08:06:58,590 DEBUG org.springframework.boot.StartupInfoLogger [restartedMain] Running with Spring Boot v2.7.2, Spring v5.3.22
2022-08-19 08:06:58,590 INFO org.springframework.boot.SpringApplication [restartedMain] The following 1 profile is active: "dev"
2022-08-19 08:06:59,152 INFO org.springframework.boot.StartupInfoLogger [restartedMain] Started FindmytutorApplication in 0.601 seconds (JVM running for 908.041)
2022-08-19 08:08:08,553 INFO org.springframework.boot.StartupInfoLogger [restartedMain] Starting FindmytutorApplication using Java 11.0.14 on LAPTOP-LLQN4QTH with PID 10068 (C:\Users\kyesu\Desktop\Visual Studio WorkSpace\findmytutor\target\classes started by kyesu in C:\Users\kyesu\Desktop\Visual Studio WorkSpace\findmytutor)
2022-08-19 08:08:08,553 DEBUG org.springframework.boot.StartupInfoLogger [restartedMain] Running with Spring Boot v2.7.2, Spring v5.3.22
2022-08-19 08:08:08,553 INFO org.springframework.boot.SpringApplication [restartedMain] The following 1 profile is active: "dev"
2022-08-19 08:08:09,097 INFO org.springframework.boot.StartupInfoLogger [restartedMain] Started FindmytutorApplication in 0.575 seconds (JVM running for 977.985)
2022-08-19 08:09:41,060 INFO org.springframework.boot.StartupInfoLogger [restartedMain] Starting FindmytutorApplication using Java 11.0.14 on LAPTOP-LLQN4QTH with PID 10068 (C:\Users\kyesu\Desktop\Visual Studio WorkSpace\findmytutor\target\classes started by kyesu in C:\Users\kyesu\Desktop\Visual Studio WorkSpace\findmytutor)
2022-08-19 08:09:41,061 DEBUG org.springframework.boot.StartupInfoLogger [restartedMain] Running with Spring Boot v2.7.2, Spring v5.3.22
2022-08-19 08:09:41,061 INFO org.springframework.boot.SpringApplication [restartedMain] The following 1 profile is active: "dev"
2022-08-19 08:09:41,602 INFO org.springframework.boot.StartupInfoLogger [restartedMain] Started FindmytutorApplication in 0.57 seconds (JVM running for 1070.49)
2022-08-19 08:10:16,177 INFO org.springframework.boot.StartupInfoLogger [restartedMain] Starting FindmytutorApplication using Java 11.0.14 on LAPTOP-LLQN4QTH with PID 10068 (C:\Users\kyesu\Desktop\Visual Studio WorkSpace\findmytutor\target\classes started by kyesu in C:\Users\kyesu\Desktop\Visual Studio WorkSpace\findmytutor)
2022-08-19 08:10:16,177 DEBUG org.springframework.boot.StartupInfoLogger [restartedMain] Running with Spring Boot v2.7.2, Spring v5.3.22
2022-08-19 08:10:16,177 INFO org.springframework.boot.SpringApplication [restartedMain] The following 1 profile is active: "dev"
2022-08-19 08:10:16,685 INFO org.springframework.boot.StartupInfoLogger [restartedMain] Started FindmytutorApplication in 0.536 seconds (JVM running for 1105.573)
2022-08-19 08:11:30,278 INFO org.springframework.boot.StartupInfoLogger [restartedMain] Starting FindmytutorApplication using Java 11.0.14 on LAPTOP-LLQN4QTH with PID 10068 (C:\Users\kyesu\Desktop\Visual Studio WorkSpace\findmytutor\target\classes started by kyesu in C:\Users\kyesu\Desktop\Visual Studio WorkSpace\findmytutor)
2022-08-19 08:11:30,279 DEBUG org.springframework.boot.StartupInfoLogger [restartedMain] Running with Spring Boot v2.7.2, Spring v5.3.22
2022-08-19 08:11:30,279 INFO org.springframework.boot.SpringApplication [restartedMain] The following 1 profile is active: "dev"
2022-08-19 08:11:30,890 INFO org.springframework.boot.StartupInfoLogger [restartedMain] Started FindmytutorApplication in 0.64 seconds (JVM running for 1179.778)
2022-08-19 08:18:04,530 INFO org.springframework.boot.StartupInfoLogger [restartedMain] Starting FindmytutorApplication using Java 11.0.14 on LAPTOP-LLQN4QTH with PID 10068 (C:\Users\kyesu\Desktop\Visual Studio WorkSpace\findmytutor\target\classes started by kyesu in C:\Users\kyesu\Desktop\Visual Studio WorkSpace\findmytutor)
2022-08-19 08:18:04,531 DEBUG org.springframework.boot.StartupInfoLogger [restartedMain] Running with Spring Boot v2.7.2, Spring v5.3.22
2022-08-19 08:18:04,531 INFO org.springframework.boot.SpringApplication [restartedMain] The following 1 profile is active: "dev"
2022-08-19 08:18:04,960 INFO org.springframework.boot.StartupInfoLogger [restartedMain] Started FindmytutorApplication in 0.455 seconds (JVM running for 1573.848)
2022-08-19 08:22:26,257 INFO org.springframework.boot.StartupInfoLogger [restartedMain] Starting FindmytutorApplication using Java 11.0.14 on LAPTOP-LLQN4QTH with PID 10068 (C:\Users\kyesu\Desktop\Visual Studio WorkSpace\findmytutor\target\classes started by kyesu in C:\Users\kyesu\Desktop\Visual Studio WorkSpace\findmytutor)
2022-08-19 08:22:26,258 DEBUG org.springframework.boot.StartupInfoLogger [restartedMain] Running with Spring Boot v2.7.2, Spring v5.3.22
2022-08-19 08:22:26,258 INFO org.springframework.boot.SpringApplication [restartedMain] The following 1 profile is active: "dev"
2022-08-19 08:22:26,672 INFO org.springframework.boot.StartupInfoLogger [restartedMain] Started FindmytutorApplication in 0.435 seconds (JVM running for 1835.56)
2022-08-19 08:52:37,216 INFO org.springframework.boot.StartupInfoLogger [restartedMain] Starting FindmytutorApplication using Java 11.0.14 on LAPTOP-LLQN4QTH with PID 7700 (C:\Users\kyesu\Desktop\Visual Studio WorkSpace\findmytutor\target\classes started by kyesu in C:\Users\kyesu\Desktop\Visual Studio WorkSpace\findmytutor)
2022-08-19 08:52:37,218 DEBUG org.springframework.boot.StartupInfoLogger [restartedMain] Running with Spring Boot v2.7.2, Spring v5.3.22
2022-08-19 08:52:37,219 INFO org.springframework.boot.SpringApplication [restartedMain] The following 1 profile is active: "dev"
2022-08-19 08:52:42,848 INFO org.springframework.boot.StartupInfoLogger [restartedMain] Started FindmytutorApplication in 6.394 seconds (JVM running for 6.809)
2022-08-19 08:58:12,299 INFO org.springframework.boot.StartupInfoLogger [restartedMain] Starting FindmytutorApplication using Java 11.0.14 on LAPTOP-LLQN4QTH with PID 6952 (C:\Users\kyesu\Desktop\Visual Studio WorkSpace\findmytutor\target\classes started by kyesu in C:\Users\kyesu\Desktop\Visual Studio WorkSpace\findmytutor)
2022-08-19 08:58:12,301 DEBUG org.springframework.boot.StartupInfoLogger [restartedMain] Running with Spring Boot v2.7.2, Spring v5.3.22
2022-08-19 08:58:12,302 INFO org.springframework.boot.SpringApplication [restartedMain] The following 1 profile is active: "dev"
2022-08-19 08:58:17,570 INFO org.springframework.boot.StartupInfoLogger [restartedMain] Started FindmytutorApplication in 6.063 seconds (JVM running for 6.491)
2022-08-19 09:09:36,120 INFO org.springframework.boot.StartupInfoLogger [restartedMain] Starting FindmytutorApplication using Java 11.0.14 on LAPTOP-LLQN4QTH with PID 6476 (C:\Users\kyesu\Desktop\Visual Studio WorkSpace\findmytutor\target\classes started by kyesu in C:\Users\kyesu\Desktop\Visual Studio WorkSpace\findmytutor)
2022-08-19 09:09:36,123 DEBUG org.springframework.boot.StartupInfoLogger [restartedMain] Running with Spring Boot v2.7.2, Spring v5.3.22
2022-08-19 09:09:36,123 INFO org.springframework.boot.SpringApplication [restartedMain] The following 1 profile is active: "dev"
2022-08-19 09:09:41,415 INFO org.springframework.boot.StartupInfoLogger [restartedMain] Started FindmytutorApplication in 6.103 seconds (JVM running for 6.497)
2022-08-19 09:16:51,222 INFO org.springframework.boot.StartupInfoLogger [restartedMain] Starting FindmytutorApplication using Java 11.0.14 on LAPTOP-LLQN4QTH with PID 6476 (C:\Users\kyesu\Desktop\Visual Studio WorkSpace\findmytutor\target\classes started by kyesu in C:\Users\kyesu\Desktop\Visual Studio WorkSpace\findmytutor)
2022-08-19 09:16:51,223 DEBUG org.springframework.boot.StartupInfoLogger [restartedMain] Running with Spring Boot v2.7.2, Spring v5.3.22
2022-08-19 09:16:51,223 INFO org.springframework.boot.SpringApplication [restartedMain] The following 1 profile is active: "dev"
2022-08-19 09:16:52,091 INFO org.springframework.boot.StartupInfoLogger [restartedMain] Started FindmytutorApplication in 0.927 seconds (JVM running for 437.173)
2022-08-19 09:19:41,003 INFO org.springframework.boot.StartupInfoLogger [restartedMain] Starting FindmytutorApplication using Java 11.0.14 on LAPTOP-LLQN4QTH with PID 6476 (C:\Users\kyesu\Desktop\Visual Studio WorkSpace\findmytutor\target\classes started by kyesu in C:\Users\kyesu\Desktop\Visual Studio WorkSpace\findmytutor)
2022-08-19 09:19:41,004 DEBUG org.springframework.boot.StartupInfoLogger [restartedMain] Running with Spring Boot v2.7.2, Spring v5.3.22
2022-08-19 09:19:41,004 INFO org.springframework.boot.SpringApplication [restartedMain] The following 1 profile is active: "dev"
2022-08-19 09:19:41,709 INFO org.springframework.boot.StartupInfoLogger [restartedMain] Started FindmytutorApplication in 0.741 seconds (JVM running for 606.791)
2022-08-19 09:27:59,496 INFO org.springframework.boot.StartupInfoLogger [restartedMain] Starting FindmytutorApplication using Java 11.0.14 on LAPTOP-LLQN4QTH with PID 6476 (C:\Users\kyesu\Desktop\Visual Studio WorkSpace\findmytutor\target\classes started by kyesu in C:\Users\kyesu\Desktop\Visual Studio WorkSpace\findmytutor)
2022-08-19 09:27:59,498 DEBUG org.springframework.boot.StartupInfoLogger [restartedMain] Running with Spring Boot v2.7.2, Spring v5.3.22
2022-08-19 09:27:59,499 INFO org.springframework.boot.SpringApplication [restartedMain] The following 1 profile is active: "dev"
2022-08-19 09:28:00,178 INFO org.springframework.boot.StartupInfoLogger [restartedMain] Started FindmytutorApplication in 0.718 seconds (JVM running for 1105.26)
2022-08-19 09:28:08,105 INFO org.springframework.boot.StartupInfoLogger [restartedMain] Starting FindmytutorApplication using Java 11.0.14 on LAPTOP-LLQN4QTH with PID 6476 (C:\Users\kyesu\Desktop\Visual Studio WorkSpace\findmytutor\target\classes started by kyesu in C:\Users\kyesu\Desktop\Visual Studio WorkSpace\findmytutor)
2022-08-19 09:28:08,105 DEBUG org.springframework.boot.StartupInfoLogger [restartedMain] Running with Spring Boot v2.7.2, Spring v5.3.22
2022-08-19 09:28:08,105 INFO org.springframework.boot.SpringApplication [restartedMain] The following 1 profile is active: "dev"
2022-08-19 09:28:08,705 INFO org.springframework.boot.StartupInfoLogger [restartedMain] Started FindmytutorApplication in 0.628 seconds (JVM running for 1113.787)
2022-08-19 09:29:29,278 INFO org.springframework.boot.StartupInfoLogger [restartedMain] Starting FindmytutorApplication using Java 11.0.14 on LAPTOP-LLQN4QTH with PID 6476 (C:\Users\kyesu\Desktop\Visual Studio WorkSpace\findmytutor\target\classes started by kyesu in C:\Users\kyesu\Desktop\Visual Studio WorkSpace\findmytutor)
2022-08-19 09:29:29,279 DEBUG org.springframework.boot.StartupInfoLogger [restartedMain] Running with Spring Boot v2.7.2, Spring v5.3.22
2022-08-19 09:29:29,280 INFO org.springframework.boot.SpringApplication [restartedMain] The following 1 profile is active: "dev"
2022-08-19 09:29:29,815 INFO org.springframework.boot.StartupInfoLogger [restartedMain] Started FindmytutorApplication in 0.563 seconds (JVM running for 1194.897)
2022-08-19 09:29:36,767 INFO org.springframework.boot.StartupInfoLogger [restartedMain] Starting FindmytutorApplication using Java 11.0.14 on LAPTOP-LLQN4QTH with PID 6476 (C:\Users\kyesu\Desktop\Visual Studio WorkSpace\findmytutor\target\classes started by kyesu in C:\Users\kyesu\Desktop\Visual Studio WorkSpace\findmytutor)
2022-08-19 09:29:36,768 DEBUG org.springframework.boot.StartupInfoLogger [restartedMain] Running with Spring Boot v2.7.2, Spring v5.3.22
2022-08-19 09:29:36,768 INFO org.springframework.boot.SpringApplication [restartedMain] The following 1 profile is active: "dev"
2022-08-19 09:29:37,411 INFO org.springframework.boot.StartupInfoLogger [restartedMain] Started FindmytutorApplication in 0.675 seconds (JVM running for 1202.493)
2022-08-19 09:30:57,216 INFO org.springframework.boot.StartupInfoLogger [restartedMain] Starting FindmytutorApplication using Java 11.0.14 on LAPTOP-LLQN4QTH with PID 6476 (C:\Users\kyesu\Desktop\Visual Studio WorkSpace\findmytutor\target\classes started by kyesu in C:\Users\kyesu\Desktop\Visual Studio WorkSpace\findmytutor)
2022-08-19 09:30:57,217 DEBUG org.springframework.boot.StartupInfoLogger [restartedMain] Running with Spring Boot v2.7.2, Spring v5.3.22
2022-08-19 09:30:57,217 INFO org.springframework.boot.SpringApplication [restartedMain] The following 1 profile is active: "dev"
2022-08-19 09:30:57,865 INFO org.springframework.boot.StartupInfoLogger [restartedMain] Started FindmytutorApplication in 0.692 seconds (JVM running for 1282.947)
2022-08-19 09:31:04,844 INFO org.springframework.boot.StartupInfoLogger [restartedMain] Starting FindmytutorApplication using Java 11.0.14 on LAPTOP-LLQN4QTH with PID 6476 (C:\Users\kyesu\Desktop\Visual Studio WorkSpace\findmytutor\target\classes started by kyesu in C:\Users\kyesu\Desktop\Visual Studio WorkSpace\findmytutor)
2022-08-19 09:31:04,845 DEBUG org.springframework.boot.StartupInfoLogger [restartedMain] Running with Spring Boot v2.7.2, Spring v5.3.22
2022-08-19 09:31:04,845 INFO org.springframework.boot.SpringApplication [restartedMain] The following 1 profile is active: "dev"
2022-08-19 09:31:05,366 INFO org.springframework.boot.StartupInfoLogger [restartedMain] Started FindmytutorApplication in 0.559 seconds (JVM running for 1290.449)
2022-08-19 09:32:04,541 INFO org.springframework.boot.StartupInfoLogger [restartedMain] Starting FindmytutorApplication using Java 11.0.14 on LAPTOP-LLQN4QTH with PID 6476 (C:\Users\kyesu\Desktop\Visual Studio WorkSpace\findmytutor\target\classes started by kyesu in C:\Users\kyesu\Desktop\Visual Studio WorkSpace\findmytutor)
2022-08-19 09:32:04,542 DEBUG org.springframework.boot.StartupInfoLogger [restartedMain] Running with Spring Boot v2.7.2, Spring v5.3.22
2022-08-19 09:32:04,542 INFO org.springframework.boot.SpringApplication [restartedMain] The following 1 profile is active: "dev"
2022-08-19 09:32:05,073 INFO org.springframework.boot.StartupInfoLogger [restartedMain] Started FindmytutorApplication in 0.557 seconds (JVM running for 1350.155)
2022-08-19 09:33:20,634 INFO org.springframework.boot.StartupInfoLogger [restartedMain] Starting FindmytutorApplication using Java 11.0.14 on LAPTOP-LLQN4QTH with PID 6476 (C:\Users\kyesu\Desktop\Visual Studio WorkSpace\findmytutor\target\classes started by kyesu in C:\Users\kyesu\Desktop\Visual Studio WorkSpace\findmytutor)
2022-08-19 09:33:20,634 DEBUG org.springframework.boot.StartupInfoLogger [restartedMain] Running with Spring Boot v2.7.2, Spring v5.3.22
2022-08-19 09:33:20,635 INFO org.springframework.boot.SpringApplication [restartedMain] The following 1 profile is active: "dev"
2022-08-19 09:33:21,182 INFO org.springframework.boot.StartupInfoLogger [restartedMain] Started FindmytutorApplication in 0.576 seconds (JVM running for 1426.264)
2022-08-19 09:34:04,026 INFO org.springframework.boot.StartupInfoLogger [restartedMain] Starting FindmytutorApplication using Java 11.0.14 on LAPTOP-LLQN4QTH with PID 6476 (C:\Users\kyesu\Desktop\Visual Studio WorkSpace\findmytutor\target\classes started by kyesu in C:\Users\kyesu\Desktop\Visual Studio WorkSpace\findmytutor)
2022-08-19 09:34:04,027 DEBUG org.springframework.boot.StartupInfoLogger [restartedMain] Running with Spring Boot v2.7.2, Spring v5.3.22
2022-08-19 09:34:04,027 INFO org.springframework.boot.SpringApplication [restartedMain] The following 1 profile is active: "dev"
2022-08-19 09:34:04,502 INFO org.springframework.boot.StartupInfoLogger [restartedMain] Started FindmytutorApplication in 0.499 seconds (JVM running for 1469.584)
2022-08-19 09:34:10,402 INFO org.springframework.boot.StartupInfoLogger [restartedMain] Starting FindmytutorApplication using Java 11.0.14 on LAPTOP-LLQN4QTH with PID 6476 (C:\Users\kyesu\Desktop\Visual Studio WorkSpace\findmytutor\target\classes started by kyesu in C:\Users\kyesu\Desktop\Visual Studio WorkSpace\findmytutor)
2022-08-19 09:34:10,402 DEBUG org.springframework.boot.StartupInfoLogger [restartedMain] Running with Spring Boot v2.7.2, Spring v5.3.22
2022-08-19 09:34:10,403 INFO org.springframework.boot.SpringApplication [restartedMain] The following 1 profile is active: "dev"
2022-08-19 09:34:16,550 INFO org.springframework.boot.StartupInfoLogger [restartedMain] Starting FindmytutorApplication using Java 11.0.14 on LAPTOP-LLQN4QTH with PID 6476 (C:\Users\kyesu\Desktop\Visual Studio WorkSpace\findmytutor\target\classes started by kyesu in C:\Users\kyesu\Desktop\Visual Studio WorkSpace\findmytutor)
2022-08-19 09:34:16,551 DEBUG org.springframework.boot.StartupInfoLogger [restartedMain] Running with Spring Boot v2.7.2, Spring v5.3.22
2022-08-19 09:34:16,551 INFO org.springframework.boot.SpringApplication [restartedMain] The following 1 profile is active: "dev"
2022-08-19 09:34:17,008 INFO org.springframework.boot.StartupInfoLogger [restartedMain] Started FindmytutorApplication in 0.48 seconds (JVM running for 1482.09)
2022-08-19 09:42:17,605 INFO org.springframework.boot.StartupInfoLogger [restartedMain] Starting FindmytutorApplication using Java 11.0.14 on LAPTOP-LLQN4QTH with PID 6476 (C:\Users\kyesu\Desktop\Visual Studio WorkSpace\findmytutor\target\classes started by kyesu in C:\Users\kyesu\Desktop\Visual Studio WorkSpace\findmytutor)
2022-08-19 09:42:17,606 DEBUG org.springframework.boot.StartupInfoLogger [restartedMain] Running with Spring Boot v2.7.2, Spring v5.3.22
2022-08-19 09:42:17,607 INFO org.springframework.boot.SpringApplication [restartedMain] The following 1 profile is active: "dev"
2022-08-19 09:42:18,040 INFO org.springframework.boot.StartupInfoLogger [restartedMain] Started FindmytutorApplication in 0.464 seconds (JVM running for 1963.122)
2022-08-19 09:43:14,166 INFO org.springframework.boot.StartupInfoLogger [restartedMain] Starting FindmytutorApplication using Java 11.0.14 on LAPTOP-LLQN4QTH with PID 6476 (C:\Users\kyesu\Desktop\Visual Studio WorkSpace\findmytutor\target\classes started by kyesu in C:\Users\kyesu\Desktop\Visual Studio WorkSpace\findmytutor)
2022-08-19 09:43:14,167 DEBUG org.springframework.boot.StartupInfoLogger [restartedMain] Running with Spring Boot v2.7.2, Spring v5.3.22
2022-08-19 09:43:14,167 INFO org.springframework.boot.SpringApplication [restartedMain] The following 1 profile is active: "dev"
2022-08-19 09:43:14,588 INFO org.springframework.boot.StartupInfoLogger [restartedMain] Started FindmytutorApplication in 0.458 seconds (JVM running for 2019.67)
2022-08-19 09:45:35,664 INFO org.springframework.boot.StartupInfoLogger [restartedMain] Starting FindmytutorApplication using Java 11.0.14 on LAPTOP-LLQN4QTH with PID 6476 (C:\Users\kyesu\Desktop\Visual Studio WorkSpace\findmytutor\target\classes started by kyesu in C:\Users\kyesu\Desktop\Visual Studio WorkSpace\findmytutor)
2022-08-19 09:45:35,665 DEBUG org.springframework.boot.StartupInfoLogger [restartedMain] Running with Spring Boot v2.7.2, Spring v5.3.22
2022-08-19 09:45:35,666 INFO org.springframework.boot.SpringApplication [restartedMain] The following 1 profile is active: "dev"
2022-08-19 09:45:36,354 INFO org.springframework.boot.StartupInfoLogger [restartedMain] Started FindmytutorApplication in 0.718 seconds (JVM running for 2161.436)
2022-08-19 09:45:38,179 INFO org.springframework.boot.StartupInfoLogger [restartedMain] Starting FindmytutorApplication using Java 11.0.14 on LAPTOP-LLQN4QTH with PID 6476 (C:\Users\kyesu\Desktop\Visual Studio WorkSpace\findmytutor\target\classes started by kyesu in C:\Users\kyesu\Desktop\Visual Studio WorkSpace\findmytutor)
2022-08-19 09:45:38,180 DEBUG org.springframework.boot.StartupInfoLogger [restartedMain] Running with Spring Boot v2.7.2, Spring v5.3.22
2022-08-19 09:45:38,181 INFO org.springframework.boot.SpringApplication [restartedMain] The following 1 profile is active: "dev"
2022-08-19 09:45:38,616 INFO org.springframework.boot.StartupInfoLogger [restartedMain] Started FindmytutorApplication in 0.464 seconds (JVM running for 2163.698)
2022-08-19 09:46:57,322 INFO org.springframework.boot.StartupInfoLogger [restartedMain] Starting FindmytutorApplication using Java 11.0.14 on LAPTOP-LLQN4QTH with PID 6476 (C:\Users\kyesu\Desktop\Visual Studio WorkSpace\findmytutor\target\classes started by kyesu in C:\Users\kyesu\Desktop\Visual Studio WorkSpace\findmytutor)
2022-08-19 09:46:57,322 DEBUG org.springframework.boot.StartupInfoLogger [restartedMain] Running with Spring Boot v2.7.2, Spring v5.3.22
2022-08-19 09:46:57,323 INFO org.springframework.boot.SpringApplication [restartedMain] The following 1 profile is active: "dev"
2022-08-19 09:46:57,768 INFO org.springframework.boot.StartupInfoLogger [restartedMain] Started FindmytutorApplication in 0.466 seconds (JVM running for 2242.85)
2022-08-19 09:47:58,003 INFO org.springframework.boot.StartupInfoLogger [restartedMain] Starting FindmytutorApplication using Java 11.0.14 on LAPTOP-LLQN4QTH with PID 6476 (C:\Users\kyesu\Desktop\Visual Studio WorkSpace\findmytutor\target\classes started by kyesu in C:\Users\kyesu\Desktop\Visual Studio WorkSpace\findmytutor)
2022-08-19 09:47:58,006 DEBUG org.springframework.boot.StartupInfoLogger [restartedMain] Running with Spring Boot v2.7.2, Spring v5.3.22
2022-08-19 09:47:58,006 INFO org.springframework.boot.SpringApplication [restartedMain] The following 1 profile is active: "dev"
2022-08-19 09:47:58,459 INFO org.springframework.boot.StartupInfoLogger [restartedMain] Started FindmytutorApplication in 0.482 seconds (JVM running for 2303.541)
2022-08-19 09:49:13,456 INFO org.springframework.boot.StartupInfoLogger [restartedMain] Starting FindmytutorApplication using Java 11.0.14 on LAPTOP-LLQN4QTH with PID 5424 (C:\Users\kyesu\Desktop\Visual Studio WorkSpace\findmytutor\target\classes started by kyesu in C:\Users\kyesu\Desktop\Visual Studio WorkSpace\findmytutor)
2022-08-19 09:49:13,461 DEBUG org.springframework.boot.StartupInfoLogger [restartedMain] Running with Spring Boot v2.7.2, Spring v5.3.22
2022-08-19 09:49:13,463 INFO org.springframework.boot.SpringApplication [restartedMain] The following 1 profile is active: "dev"
2022-08-19 09:49:19,179 INFO org.springframework.boot.StartupInfoLogger [restartedMain] Started FindmytutorApplication in 6.442 seconds (JVM running for 7.262)
2022-08-19 09:51:05,218 INFO org.springframework.boot.StartupInfoLogger [restartedMain] Starting FindmytutorApplication using Java 11.0.14 on LAPTOP-LLQN4QTH with PID 8560 (C:\Users\kyesu\Desktop\Visual Studio WorkSpace\findmytutor\target\classes started by kyesu in C:\Users\kyesu\Desktop\Visual Studio WorkSpace\findmytutor)
2022-08-19 09:51:05,219 DEBUG org.springframework.boot.StartupInfoLogger [restartedMain] Running with Spring Boot v2.7.2, Spring v5.3.22
2022-08-19 09:51:05,221 INFO org.springframework.boot.SpringApplication [restartedMain] The following 1 profile is active: "dev"
2022-08-19 09:51:09,873 INFO org.springframework.boot.StartupInfoLogger [restartedMain] Started FindmytutorApplication in 5.34 seconds (JVM running for 6.189)
2022-08-19 09:54:32,861 INFO org.springframework.boot.StartupInfoLogger [restartedMain] Starting FindmytutorApplication using Java 11.0.14 on LAPTOP-LLQN4QTH with PID 14208 (C:\Users\kyesu\Desktop\Visual Studio WorkSpace\findmytutor\target\classes started by kyesu in C:\Users\kyesu\Desktop\Visual Studio WorkSpace\findmytutor)
2022-08-19 09:54:32,863 DEBUG org.springframework.boot.StartupInfoLogger [restartedMain] Running with Spring Boot v2.7.2, Spring v5.3.22
2022-08-19 09:54:32,864 INFO org.springframework.boot.SpringApplication [restartedMain] The following 1 profile is active: "dev"
2022-08-19 09:54:37,257 INFO org.springframework.boot.StartupInfoLogger [restartedMain] Started FindmytutorApplication in 5.217 seconds (JVM running for 5.738)
2022-08-19 09:56:15,920 INFO org.springframework.boot.StartupInfoLogger [restartedMain] Starting FindmytutorApplication using Java 11.0.14 on LAPTOP-LLQN4QTH with PID 15392 (C:\Users\kyesu\Desktop\Visual Studio WorkSpace\findmytutor\target\classes started by kyesu in C:\Users\kyesu\Desktop\Visual Studio WorkSpace\findmytutor)
2022-08-19 09:56:15,923 DEBUG org.springframework.boot.StartupInfoLogger [restartedMain] Running with Spring Boot v2.7.2, Spring v5.3.22
2022-08-19 09:56:15,924 INFO org.springframework.boot.SpringApplication [restartedMain] The following 1 profile is active: "dev"
2022-08-19 09:56:21,033 INFO org.springframework.boot.StartupInfoLogger [restartedMain] Started FindmytutorApplication in 5.802 seconds (JVM running for 6.609)
2022-08-19 09:56:59,362 INFO org.springframework.boot.StartupInfoLogger [restartedMain] Starting FindmytutorApplication using Java 11.0.14 on LAPTOP-LLQN4QTH with PID 15648 (C:\Users\kyesu\Desktop\Visual Studio WorkSpace\findmytutor\target\classes started by kyesu in C:\Users\kyesu\Desktop\Visual Studio WorkSpace\findmytutor)
2022-08-19 09:56:59,363 DEBUG org.springframework.boot.StartupInfoLogger [restartedMain] Running with Spring Boot v2.7.2, Spring v5.3.22
2022-08-19 09:56:59,364 INFO org.springframework.boot.SpringApplication [restartedMain] The following 1 profile is active: "dev"
2022-08-19 09:57:04,653 INFO org.springframework.boot.StartupInfoLogger [restartedMain] Started FindmytutorApplication in 6.063 seconds (JVM running for 6.456)
2022-08-19 09:58:04,897 INFO org.springframework.boot.StartupInfoLogger [restartedMain] Starting FindmytutorApplication using Java 11.0.14 on LAPTOP-LLQN4QTH with PID 15648 (C:\Users\kyesu\Desktop\Visual Studio WorkSpace\findmytutor\target\classes started by kyesu in C:\Users\kyesu\Desktop\Visual Studio WorkSpace\findmytutor)
2022-08-19 09:58:04,898 DEBUG org.springframework.boot.StartupInfoLogger [restartedMain] Running with Spring Boot v2.7.2, Spring v5.3.22
2022-08-19 09:58:04,898 INFO org.springframework.boot.SpringApplication [restartedMain] The following 1 profile is active: "dev"
2022-08-19 09:58:05,739 INFO org.springframework.boot.StartupInfoLogger [restartedMain] Started FindmytutorApplication in 0.902 seconds (JVM running for 67.541)
2022-08-19 10:01:46,539 INFO org.springframework.boot.StartupInfoLogger [restartedMain] Starting FindmytutorApplication using Java 11.0.14 on LAPTOP-LLQN4QTH with PID 13588 (C:\Users\kyesu\Desktop\Visual Studio WorkSpace\findmytutor\target\classes started by kyesu in C:\Users\kyesu\Desktop\Visual Studio WorkSpace\findmytutor)
2022-08-19 10:01:46,541 DEBUG org.springframework.boot.StartupInfoLogger [restartedMain] Running with Spring Boot v2.7.2, Spring v5.3.22
2022-08-19 10:01:46,542 INFO org.springframework.boot.SpringApplication [restartedMain] The following 1 profile is active: "dev"
2022-08-19 10:01:51,336 INFO org.springframework.boot.StartupInfoLogger [restartedMain] Started FindmytutorApplication in 5.579 seconds (JVM running for 5.973)
